#
# A fatal error has been detected by the Java Runtime Environment:
#
#  SIGSEGV (0xb) at pc=0x6b33f028, pid=1712, tid=1861
#
# JRE version: OpenJDK Runtime Environment (11.0.16+8) (build 11.0.16+8-post-Raspbian-1deb10u1)
# Java VM: OpenJDK Server VM (11.0.16+8-post-Raspbian-1deb10u1, mixed mode, g1 gc, linux-)
# Problematic frame:
# C  [libpigpio.so.1+0x23028]
#
# No core dump will be written. Core dumps have been disabled. To enable core dumping, try "ulimit -c unlimited" before starting Java again
#
# If you would like to submit a bug report, please visit:
#   Unknown
# The crash happened outside the Java Virtual Machine in native code.
# See problematic frame for where to report the bug.
#

---------------  S U M M A R Y ------------

Command Line: target/car.parking-0.0.1-SNAPSHOT.jar

Host: rev 3 (v7l), 4 cores, 7G, Raspbian GNU/Linux 10 (buster)
Time: Sat Dec 17 23:16:03 2022 CET elapsed time: 34.300818 seconds (0d 0h 0m 34s)

---------------  T H R E A D  ---------------

Current thread (0x707ccc00):  JavaThread "pi4j-shutdown" [_thread_in_native, id=1861, stack(0x6ea2e000,0x6ea7e000)]

Stack: [0x6ea2e000,0x6ea7e000],  sp=0x6ea7c8a8,  free space=314k
Native frames: (J=compiled Java code, A=aot compiled Java code, j=interpreted, Vv=VM code, C=native code)
C  [libpigpio.so.1+0x23028]
C  0x6ea7ca68

Java frames: (J=compiled Java code, j=interpreted, Vv=VM code)
j  com.pi4j.library.pigpio.internal.PIGPIO.gpioTerminate()V+0
j  com.pi4j.library.pigpio.impl.PiGpioNativeImpl.gpioTerminate()V+22
j  com.pi4j.library.pigpio.PiGpio.shutdown()V+1
j  com.pi4j.plugin.pigpio.PiGpioPlugin.shutdown(Lcom/pi4j/context/Context;)V+23
j  com.pi4j.runtime.impl.DefaultRuntime.shutdown()Lcom/pi4j/runtime/Runtime;+87
j  com.pi4j.runtime.impl.DefaultRuntime.lambda$new$2()V+8
j  com.pi4j.runtime.impl.DefaultRuntime$$Lambda$967.run()V+4
j  java.lang.Thread.run()V+11 java.base@11.0.16
v  ~StubRoutines::call_stub

siginfo: si_signo: 11 (SIGSEGV), si_code: 1 (SEGV_MAPERR), si_addr: 0xb3a03004

Register to memory mapping:

  r0  = 0x00000000
0x0 is NULL

  r1  = 0x00001000
0x00001000 is an unknown value

  r2  = 0xffffffff
0xffffffff is an unknown value

  r3  = 0xb3a0334c
0xb3a0334c is an unknown value

  r4  = 0xb3a03000
0xb3a03000 is an unknown value

  r5  = 0xb3a043dc
0xb3a043dc is an unknown value

  r6  = 0x00000014
0x00000014 is an unknown value

  r7  = 0xb3a03000
0xb3a03000 is an unknown value

  r8  = 0xb6f7d968
0xb6f7d968: __stack_chk_guard+0x00000000 in /lib/ld-linux-armhf.so.3 at 0xb6f4d000

  r9  = 0x6b49dfe0
{method} {0x6b49dfe0} 'gpioTerminate' '()V' in 'com/pi4j/library/pigpio/internal/PIGPIO'

  r10 = 0x707ccc00
0x707ccc00 is a thread

  fp  = 0x6ea7ca38
0x6ea7ca38 is pointing into the stack for thread: 0x707ccc00

  r12 = 0x6b36a2c4
0x6b36a2c4: <offset 0x0004e2c4> in /usr/lib/libpigpio.so.1 at 0x6b31c000

  sp  = 0x6ea7c8a8
0x6ea7c8a8 is pointing into the stack for thread: 0x707ccc00

  lr  = 0x6b33f034
0x6b33f034: <offset 0x00023034> in /usr/lib/libpigpio.so.1 at 0x6b31c000

  pc  = 0x6b33f028
0x6b33f028: <offset 0x00023028> in /usr/lib/libpigpio.so.1 at 0x6b31c000



Registers:
  r0  = 0x00000000
  r1  = 0x00001000
  r2  = 0xffffffff
  r3  = 0xb3a0334c
  r4  = 0xb3a03000
  r5  = 0xb3a043dc
  r6  = 0x00000014
  r7  = 0xb3a03000
  r8  = 0xb6f7d968
  r9  = 0x6b49dfe0
  r10 = 0x707ccc00
  fp  = 0x6ea7ca38
  r12 = 0x6b36a2c4
  sp  = 0x6ea7c8a8
  lr  = 0x6b33f034
  pc  = 0x6b33f028
  cpsr = 0x80000010

Top of Stack: (sp=0x6ea7c8a8)
0x6ea7c8a8:   6ea7c900 b6f7d968 6ea7c8b8 00000000
0x6ea7c8b8:   b6c92134 00000000 00000000 b6c495e0
0x6ea7c8c8:   b6c92128 707ccc00 b6d3725c 707ccc00
0x6ea7c8d8:   01c8ce40 6ea7c978 6ea7c904 6ea7c938
0x6ea7c8e8:   75e37780 707ccc00 6ea7c940 000000ba
0x6ea7c8f8:   6ea7c99c 6ea7c978 6ea7c91c b6b72260
0x6ea7c908:   6b4704f8 b6d06810 6ea7c938 b6d0ebfa
0x6ea7c918:   6ea7c96c b65c6148 6ea7c99c 6ea7c970 

Instructions: (pc=0x6b33f028)
0x6b33ef28:   0a000001 e3a01024 ebff8544 e59f368c
0x6b33ef38:   e08f3003 e5930074 e3700001 0a000001
0x6b33ef48:   e3a01028 ebff853d e59f3674 e79f0003
0x6b33ef58:   e3700001 0a000001 e3a0101c ebff8537
0x6b33ef68:   e59f3660 e08f3003 e5930040 e3700001
0x6b33ef78:   0a000001 e3a01018 ebff8530 e59f3648
0x6b33ef88:   e3e02000 e08f3003 e59300c8 e5832038
0x6b33ef98:   e1500002 e5832050 e5832044 e58320c4
0x6b33efa8:   e583203c e5832078 e5832074 e5832000
0x6b33efb8:   e5832040 0a000006 e59f2610 e3a030d4
0x6b33efc8:   e08f2002 e5922004 e0030293 e2831e35
0x6b33efd8:   ebff851a e59f35f8 e3e02000 e08f3003
0x6b33efe8:   e59370cc e58320c8 e1570002 0a000015
0x6b33eff8:   e59f35e0 e08f3003 e5936004 e0863086
0x6b33f008:   e0863103 e0863103 e37300d4 0a000008
0x6b33f018:   e3a050d4 e2873fd3 e0253695 e2474004
0x6b33f028:   e5b40004 e3a01a01 ebff8504 e1540005
0x6b33f038:   1afffffa e3a010d4 e1a00007 e0010691
0x6b33f048:   e2811e35 ebff84fd e59f358c e3e02000
0x6b33f058:   e08f3003 e59370d0 e58320cc e1570002
0x6b33f068:   0a000010 e59f3574 e08f3003 e5933004
0x6b33f078:   e3730004 0a000137 e1a06103 e0875006
0x6b33f088:   e285500c e2474004 e5b40004 e3a01a35
0x6b33f098:   ebff84ea e1540005 1afffffa e2861010
0x6b33f0a8:   e1a00007 ebff84e5 e59f3534 e3e01000
0x6b33f0b8:   e08f3003 e59320d4 e58310d0 e1520001
0x6b33f0c8:   0a000048 e59f051c e3a01000 e08f0000
0x6b33f0d8:   ebff8420 e2507000 ba00010d e59f3508
0x6b33f0e8:   e59f2508 e08f3003 e08f2002 e5934004
0x6b33f0f8:   e58270d8 e3740004 0a00002f e59250d4
0x6b33f108:   e59fb4ec e0854204 e2455040 ea000002
0x6b33f118:   e2444010 e1550004 0a000027 e5943030 


Stack slot to memory mapping:
stack at sp + 0 slots: 0x6ea7c900 is pointing into the stack for thread: 0x707ccc00
stack at sp + 1 slots: 0xb6f7d968: __stack_chk_guard+0x00000000 in /lib/ld-linux-armhf.so.3 at 0xb6f4d000
stack at sp + 2 slots: 0x6ea7c8b8 is pointing into the stack for thread: 0x707ccc00
stack at sp + 3 slots: 0x0 is NULL
stack at sp + 4 slots: 0xb6c92134: <offset 0x00a33134> in /usr/lib/jvm/java-11-openjdk-armhf/lib/server/libjvm.so at 0xb625f000
stack at sp + 5 slots: 0x0 is NULL
stack at sp + 6 slots: 0x0 is NULL
stack at sp + 7 slots: 0xb6c495e0: <offset 0x009ea5e0> in /usr/lib/jvm/java-11-openjdk-armhf/lib/server/libjvm.so at 0xb625f000


---------------  P R O C E S S  ---------------

Threads class SMR info:
_java_thread_list=0x01c8ff48, length=10, elements={
0x70736000, 0x70739800, 0x70743800, 0x70746000,
0x70747800, 0x70749000, 0x707ab000, 0x6df4f800,
0xb5f0f000, 0x707ccc00
}

Java Threads: ( => current thread )
  0x70736000 JavaThread "Reference Handler" daemon [_thread_blocked, id=1720, stack(0x7132e000,0x7137e000)]
  0x70739800 JavaThread "Finalizer" daemon [_thread_blocked, id=1721, stack(0x7102e000,0x7107e000)]
  0x70743800 JavaThread "Signal Dispatcher" daemon [_thread_blocked, id=1722, stack(0x70e2e000,0x70e7e000)]
  0x70746000 JavaThread "Service Thread" daemon [_thread_blocked, id=1723, stack(0x706b0000,0x70700000)]
  0x70747800 JavaThread "C2 CompilerThread0" daemon [_thread_in_native, id=1724, stack(0x70630000,0x706b0000)]
  0x70749000 JavaThread "Sweeper thread" daemon [_thread_blocked, id=1725, stack(0x70036000,0x70086000)]
  0x707ab000 JavaThread "Common-Cleaner" daemon [_thread_blocked, id=1727, stack(0x6ff64000,0x6ffb4000)]
  0x6df4f800 JavaThread "C2 CompilerThread1" daemon [_thread_blocked, id=1849, stack(0x6ca80000,0x6cb00000)]
  0xb5f0f000 JavaThread "DestroyJavaVM" [_thread_blocked, id=1713, stack(0xb6019000,0xb6069000)]
=>0x707ccc00 JavaThread "pi4j-shutdown" [_thread_in_native, id=1861, stack(0x6ea2e000,0x6ea7e000)]

Other Threads:
  0x70730c00 VMThread "VM Thread" [stack: 0x70834000,0x708b4000] [id=1719]
  0x707a7c00 WatcherThread [stack: 0x6ffb6000,0x70036000] [id=1726]
  0xb5f23400 GCTaskThread "GC Thread#0" [stack: 0xb3c4f000,0xb3ccf000] [id=1714]
  0x70500c00 GCTaskThread "GC Thread#1" [stack: 0x6f880000,0x6f900000] [id=1739]
  0x70510c00 GCTaskThread "GC Thread#2" [stack: 0x6ea80000,0x6eb00000] [id=1763]
  0x70511c00 GCTaskThread "GC Thread#3" [stack: 0x6e880000,0x6e900000] [id=1764]
  0xb5f78800 ConcurrentGCThread "G1 Main Marker" [stack: 0xb3a80000,0xb3b00000] [id=1715]
  0xb5f79c00 ConcurrentGCThread "G1 Conc#0" [stack: 0x71380000,0x71400000] [id=1716]
  0xb5fe1400 ConcurrentGCThread "G1 Refine#0" [stack: 0x71080000,0x71100000] [id=1717]
  0xb5fe2800 ConcurrentGCThread "G1 Young RemSet Sampling" [stack: 0x70e80000,0x70f00000] [id=1718]

Threads with active compile tasks:
C2 CompilerThread0    34312 1268   !         java.net.URL::<init> (543 bytes)

VM state:not at safepoint (normal execution)

VM Mutex/Monitor currently owned by a thread: None

Heap:
 garbage-first heap   total 94208K, used 36038K [0x73a00000, 0xb3a00000)
  region size 1024K, 18 young (18432K), 6 survivors (6144K)
 Metaspace       used 43649K, capacity 44396K, committed 44416K, reserved 45360K
Heap Regions: E=young(eden), S=young(survivor), O=old, HS=humongous(starts), HC=humongous(continues), CS=collection set, F=free, A=archive, TAMS=top-at-mark-start (previous, next)
|   0|0x73a00000, 0x73b00000, 0x73b00000|100%| O|  |TAMS 0x73b00000, 0x73a00000| Untracked 
|   1|0x73b00000, 0x73c00000, 0x73c00000|100%| O|  |TAMS 0x73c00000, 0x73b00000| Untracked 
|   2|0x73c00000, 0x73d00000, 0x73d00000|100%| O|  |TAMS 0x73d00000, 0x73c00000| Untracked 
|   3|0x73d00000, 0x73e00000, 0x73e00000|100%| O|  |TAMS 0x73e00000, 0x73d00000| Untracked 
|   4|0x73e00000, 0x73f00000, 0x73f00000|100%| O|  |TAMS 0x73f00000, 0x73e00000| Untracked 
|   5|0x73f00000, 0x74000000, 0x74000000|100%| O|  |TAMS 0x74000000, 0x73f00000| Untracked 
|   6|0x74000000, 0x74100000, 0x74100000|100%| O|  |TAMS 0x74100000, 0x74000000| Untracked 
|   7|0x74100000, 0x74200000, 0x74200000|100%| O|  |TAMS 0x74200000, 0x74100000| Untracked 
|   8|0x74200000, 0x74300000, 0x74300000|100%| O|  |TAMS 0x74300000, 0x74200000| Untracked 
|   9|0x74300000, 0x74400000, 0x74400000|100%| O|  |TAMS 0x74400000, 0x74300000| Untracked 
|  10|0x74400000, 0x74500000, 0x74500000|100%| O|  |TAMS 0x74500000, 0x74400000| Untracked 
|  11|0x74500000, 0x74600000, 0x74600000|100%| O|  |TAMS 0x74600000, 0x74500000| Untracked 
|  12|0x74600000, 0x74700000, 0x74700000|100%| O|  |TAMS 0x74621800, 0x74600000| Untracked 
|  13|0x74700000, 0x74800000, 0x74800000|100%| O|  |TAMS 0x74700000, 0x74700000| Untracked 
|  14|0x74800000, 0x74900000, 0x74900000|100%| O|  |TAMS 0x74800000, 0x74800000| Untracked 
|  15|0x74900000, 0x74a00000, 0x74a00000|100%| O|  |TAMS 0x74900000, 0x74900000| Untracked 
|  16|0x74a00000, 0x74b00000, 0x74b00000|100%| O|  |TAMS 0x74a00000, 0x74a00000| Untracked 
|  17|0x74b00000, 0x74c00000, 0x74c00000|100%| O|  |TAMS 0x74b00000, 0x74b00000| Untracked 
|  18|0x74c00000, 0x74cc1a00, 0x74d00000| 75%| O|  |TAMS 0x74c00000, 0x74c00000| Untracked 
|  19|0x74d00000, 0x74d00000, 0x74e00000|  0%| F|  |TAMS 0x74d00000, 0x74d00000| Untracked 
|  20|0x74e00000, 0x74e00000, 0x74f00000|  0%| F|  |TAMS 0x74e00000, 0x74e00000| Untracked 
|  21|0x74f00000, 0x74f00000, 0x75000000|  0%| F|  |TAMS 0x74f00000, 0x74f00000| Untracked 
|  22|0x75000000, 0x75000000, 0x75100000|  0%| F|  |TAMS 0x75000000, 0x75000000| Untracked 
|  23|0x75100000, 0x75100000, 0x75200000|  0%| F|  |TAMS 0x75100000, 0x75100000| Untracked 
|  24|0x75200000, 0x75200000, 0x75300000|  0%| F|  |TAMS 0x75200000, 0x75200000| Untracked 
|  25|0x75300000, 0x75300000, 0x75400000|  0%| F|  |TAMS 0x75300000, 0x75300000| Untracked 
|  26|0x75400000, 0x75400000, 0x75500000|  0%| F|  |TAMS 0x75400000, 0x75400000| Untracked 
|  27|0x75500000, 0x75500000, 0x75600000|  0%| F|  |TAMS 0x75500000, 0x75500000| Untracked 
|  28|0x75600000, 0x75600000, 0x75700000|  0%| F|  |TAMS 0x75600000, 0x75600000| Untracked 
|  29|0x75700000, 0x7576ff00, 0x75800000| 43%| S|CS|TAMS 0x75700000, 0x75700000| Complete 
|  30|0x75800000, 0x75800000, 0x75900000|  0%| F|  |TAMS 0x75800000, 0x75800000| Untracked 
|  31|0x75900000, 0x75a00000, 0x75a00000|100%| S|CS|TAMS 0x75900000, 0x75900000| Complete 
|  32|0x75a00000, 0x75a00000, 0x75b00000|  0%| F|  |TAMS 0x75a00000, 0x75a00000| Untracked 
|  33|0x75b00000, 0x75b00000, 0x75c00000|  0%| F|  |TAMS 0x75b00000, 0x75b00000| Untracked 
|  34|0x75c00000, 0x75d00000, 0x75d00000|100%| S|CS|TAMS 0x75c00000, 0x75c00000| Complete 
|  35|0x75d00000, 0x75e00000, 0x75e00000|100%| S|CS|TAMS 0x75d00000, 0x75d00000| Complete 
|  36|0x75e00000, 0x75f00000, 0x75f00000|100%| S|CS|TAMS 0x75e00000, 0x75e00000| Complete 
|  37|0x75f00000, 0x75f00000, 0x76000000|  0%| F|  |TAMS 0x75f00000, 0x75f00000| Untracked 
|  38|0x76000000, 0x76000000, 0x76100000|  0%| F|  |TAMS 0x76000000, 0x76000000| Untracked 
|  39|0x76100000, 0x76200000, 0x76200000|100%| S|CS|TAMS 0x76100000, 0x76100000| Complete 
|  40|0x76200000, 0x76200000, 0x76300000|  0%| F|  |TAMS 0x76200000, 0x76200000| Untracked 
|  41|0x76300000, 0x76300000, 0x76400000|  0%| F|  |TAMS 0x76300000, 0x76300000| Untracked 
|  42|0x76400000, 0x76400000, 0x76500000|  0%| F|  |TAMS 0x76400000, 0x76400000| Untracked 
|  43|0x76500000, 0x76500000, 0x76600000|  0%| F|  |TAMS 0x76500000, 0x76500000| Untracked 
|  44|0x76600000, 0x76600000, 0x76700000|  0%| F|  |TAMS 0x76600000, 0x76600000| Untracked 
|  45|0x76700000, 0x76700000, 0x76800000|  0%| F|  |TAMS 0x76700000, 0x76700000| Untracked 
|  46|0x76800000, 0x76800000, 0x76900000|  0%| F|  |TAMS 0x76800000, 0x76800000| Untracked 
|  47|0x76900000, 0x76900000, 0x76a00000|  0%| F|  |TAMS 0x76900000, 0x76900000| Untracked 
|  48|0x76a00000, 0x76a00000, 0x76b00000|  0%| F|  |TAMS 0x76a00000, 0x76a00000| Untracked 
|  49|0x76b00000, 0x76b00000, 0x76c00000|  0%| F|  |TAMS 0x76b00000, 0x76b00000| Untracked 
|  50|0x76c00000, 0x76c00000, 0x76d00000|  0%| F|  |TAMS 0x76c00000, 0x76c00000| Untracked 
|  51|0x76d00000, 0x76d00000, 0x76e00000|  0%| F|  |TAMS 0x76d00000, 0x76d00000| Untracked 
|  52|0x76e00000, 0x76e00000, 0x76f00000|  0%| F|  |TAMS 0x76e00000, 0x76e00000| Untracked 
|  53|0x76f00000, 0x76f00000, 0x77000000|  0%| F|  |TAMS 0x76f00000, 0x76f00000| Untracked 
|  54|0x77000000, 0x77000000, 0x77100000|  0%| F|  |TAMS 0x77000000, 0x77000000| Untracked 
|  55|0x77100000, 0x77100000, 0x77200000|  0%| F|  |TAMS 0x77100000, 0x77100000| Untracked 
|  56|0x77200000, 0x77200000, 0x77300000|  0%| F|  |TAMS 0x77200000, 0x77200000| Untracked 
|  57|0x77300000, 0x77300000, 0x77400000|  0%| F|  |TAMS 0x77300000, 0x77300000| Untracked 
|  58|0x77400000, 0x77400000, 0x77500000|  0%| F|  |TAMS 0x77400000, 0x77400000| Untracked 
|  59|0x77500000, 0x77500000, 0x77600000|  0%| F|  |TAMS 0x77500000, 0x77500000| Untracked 
|  60|0x77600000, 0x77600000, 0x77700000|  0%| F|  |TAMS 0x77600000, 0x77600000| Untracked 
|  61|0x77700000, 0x77700000, 0x77800000|  0%| F|  |TAMS 0x77700000, 0x77700000| Untracked 
|  62|0x77800000, 0x77800000, 0x77900000|  0%| F|  |TAMS 0x77800000, 0x77800000| Untracked 
|  63|0x77900000, 0x77900000, 0x77a00000|  0%| F|  |TAMS 0x77900000, 0x77900000| Untracked 
|  64|0x77a00000, 0x77a00000, 0x77b00000|  0%| F|  |TAMS 0x77a00000, 0x77a00000| Untracked 
|  65|0x77b00000, 0x77b00000, 0x77c00000|  0%| F|  |TAMS 0x77b00000, 0x77b00000| Untracked 
|  66|0x77c00000, 0x77c00000, 0x77d00000|  0%| F|  |TAMS 0x77c00000, 0x77c00000| Untracked 
|  67|0x77d00000, 0x77d00000, 0x77e00000|  0%| F|  |TAMS 0x77d00000, 0x77d00000| Untracked 
|  68|0x77e00000, 0x77e00000, 0x77f00000|  0%| F|  |TAMS 0x77e00000, 0x77e00000| Untracked 
|  69|0x77f00000, 0x77f00000, 0x78000000|  0%| F|  |TAMS 0x77f00000, 0x77f00000| Untracked 
|  70|0x78000000, 0x78000000, 0x78100000|  0%| F|  |TAMS 0x78000000, 0x78000000| Untracked 
|  71|0x78100000, 0x78100000, 0x78200000|  0%| F|  |TAMS 0x78100000, 0x78100000| Untracked 
|  72|0x78200000, 0x78200000, 0x78300000|  0%| F|  |TAMS 0x78200000, 0x78200000| Untracked 
|  73|0x78300000, 0x78300000, 0x78400000|  0%| F|  |TAMS 0x78300000, 0x78300000| Untracked 
|  74|0x78400000, 0x78400000, 0x78500000|  0%| F|  |TAMS 0x78400000, 0x78400000| Untracked 
|  75|0x78500000, 0x78500000, 0x78600000|  0%| F|  |TAMS 0x78500000, 0x78500000| Untracked 
|  76|0x78600000, 0x78600000, 0x78700000|  0%| F|  |TAMS 0x78600000, 0x78600000| Untracked 
|  77|0x78700000, 0x78700000, 0x78800000|  0%| F|  |TAMS 0x78700000, 0x78700000| Untracked 
|  78|0x78800000, 0x78800000, 0x78900000|  0%| F|  |TAMS 0x78800000, 0x78800000| Untracked 
|  79|0x78900000, 0x78900000, 0x78a00000|  0%| F|  |TAMS 0x78900000, 0x78900000| Untracked 
|  80|0x78a00000, 0x78a7b948, 0x78b00000| 48%| E|  |TAMS 0x78a00000, 0x78a00000| Complete 
|  81|0x78b00000, 0x78c00000, 0x78c00000|100%| E|CS|TAMS 0x78b00000, 0x78b00000| Complete 
|  82|0x78c00000, 0x78d00000, 0x78d00000|100%| E|CS|TAMS 0x78c00000, 0x78c00000| Complete 
|  83|0x78d00000, 0x78e00000, 0x78e00000|100%| E|CS|TAMS 0x78d00000, 0x78d00000| Complete 
|  84|0x78e00000, 0x78f00000, 0x78f00000|100%| E|CS|TAMS 0x78e00000, 0x78e00000| Complete 
|  85|0x78f00000, 0x79000000, 0x79000000|100%| E|CS|TAMS 0x78f00000, 0x78f00000| Complete 
|  86|0x79000000, 0x79100000, 0x79100000|100%| E|CS|TAMS 0x79000000, 0x79000000| Complete 
|  87|0x79100000, 0x79200000, 0x79200000|100%| E|CS|TAMS 0x79100000, 0x79100000| Complete 
|  88|0x79200000, 0x79300000, 0x79300000|100%| E|CS|TAMS 0x79200000, 0x79200000| Complete 
|  89|0x79300000, 0x79400000, 0x79400000|100%| E|CS|TAMS 0x79300000, 0x79300000| Complete 
|  90|0x79400000, 0x79500000, 0x79500000|100%| E|CS|TAMS 0x79400000, 0x79400000| Complete 
|  91|0x79500000, 0x79600000, 0x79600000|100%| E|CS|TAMS 0x79500000, 0x79500000| Complete 

Card table byte_map: [0x73600000,0x73800000] _byte_map_base: 0x73263000

Marking Bits (Prev, Next): (CMBitMap*) 0xb5f75d2c, (CMBitMap*) 0xb5f75d48
 Prev Bits: [0x72400000, 0x73400000)
 Next Bits: [0x71400000, 0x72400000)

Polling page: 0xb6f78000

Metaspace:

Usage:
   43,36 MB capacity,    42,63 MB ( 98%) used,   500,83 KB (  1%) free+waste,   245,39 KB ( <1%) overhead. 

Virtual space:
     44,30 MB reserved,      43,38 MB ( 98%) committed 

Chunk freelists:
0 bytes

MaxMetaspaceSize: unlimited
No class space
Initial GC threshold: 16,00 MB
Current GC threshold: 45,00 MB
CDS: off

CodeCache: size=32768Kb used=3401Kb max_used=3414Kb free=29366Kb
 bounds [0xb3d0f000, 0xb406f000, 0xb5d0f000]
 total_blobs=1471 nmethods=1269 adapters=155
 compilation: enabled
              stopped_count=0, restarted_count=0
 full_count=0

Compilation events (20 events):
Event: 33,948 Thread 0x6df4f800 1261             java.util.TreeMap::forEach (58 bytes)
Event: 33,951 Thread 0x70747800 nmethod 1260 0xb405aa08 code [0xb405ab00, 0xb405ac6c]
Event: 33,954 Thread 0x70747800 1262 % !         java.net.URL::<init> @ 147 (543 bytes)
Event: 33,984 Thread 0x6df4f800 nmethod 1261 0xb405bc88 code [0xb405bdb0, 0xb405c1ec]
Event: 34,050 Thread 0x6df4f800 1263             java.lang.CharacterData::of (120 bytes)
Event: 34,052 Thread 0x6df4f800 nmethod 1263 0xb4057788 code [0xb4057880, 0xb40578fc]
Event: 34,116 Thread 0x6df4f800 1264             java.lang.Character::toLowerCase (6 bytes)
Event: 34,120 Thread 0x6df4f800 nmethod 1264 0xb405a488 code [0xb405a590, 0xb405a6bc]
Event: 34,132 Thread 0x6df4f800 1265             java.lang.Character::toUpperCase (6 bytes)
Event: 34,136 Thread 0x6df4f800 nmethod 1265 0xb405ea88 code [0xb405eb90, 0xb405ec9c]
Event: 34,139 Thread 0x70747800 nmethod 1262% 0xb4065408 code [0xb4065680, 0xb40675fc]
Event: 34,139 Thread 0x70747800 1267             java.lang.CharacterDataLatin1::toUpperCase (53 bytes)
Event: 34,141 Thread 0x70747800 nmethod 1267 0xb405b988 code [0xb405ba80, 0xb405bb4c]
Event: 34,145 Thread 0x70747800 1268   !         java.net.URL::<init> (543 bytes)
Event: 34,136 Thread 0x6df4f800 1266             java.lang.Character::toUpperCase (9 bytes)
Event: 34,155 Thread 0x6df4f800 nmethod 1266 0xb405b608 code [0xb405b710, 0xb405b81c]
Event: 34,155 Thread 0x6df4f800 1269             java.lang.StringUTF16::regionMatchesCI (156 bytes)
Event: 34,201 Thread 0x6df4f800 nmethod 1269 0xb4062c08 code [0xb4062d70, 0xb40632fc]
Event: 34,279 Thread 0x6df4f800 1270             jdk.internal.reflect.ByteVectorImpl::getLength (7 bytes)
Event: 34,280 Thread 0x6df4f800 nmethod 1270 0xb4063788 code [0xb4063880, 0xb40638dc]

GC Heap History (20 events):
Event: 18,337 GC heap before
{Heap before GC invocations=16 (full 0):
 garbage-first heap   total 83968K, used 59026K [0x73a00000, 0xb3a00000)
  region size 1024K, 49 young (50176K), 5 survivors (5120K)
 Metaspace       used 25901K, capacity 26353K, committed 26368K, reserved 26928K
}
Event: 18,362 GC heap after
{Heap after GC invocations=17 (full 0):
 garbage-first heap   total 83968K, used 15153K [0x73a00000, 0xb3a00000)
  region size 1024K, 4 young (4096K), 4 survivors (4096K)
 Metaspace       used 25901K, capacity 26353K, committed 26368K, reserved 26928K
}
Event: 19,097 GC heap before
{Heap before GC invocations=17 (full 0):
 garbage-first heap   total 83968K, used 55089K [0x73a00000, 0xb3a00000)
  region size 1024K, 44 young (45056K), 4 survivors (4096K)
 Metaspace       used 27087K, capacity 27517K, committed 27520K, reserved 27952K
}
Event: 19,125 GC heap after
{Heap after GC invocations=18 (full 0):
 garbage-first heap   total 83968K, used 15494K [0x73a00000, 0xb3a00000)
  region size 1024K, 3 young (3072K), 3 survivors (3072K)
 Metaspace       used 27087K, capacity 27517K, committed 27520K, reserved 27952K
}
Event: 21,058 GC heap before
{Heap before GC invocations=19 (full 0):
 garbage-first heap   total 83968K, used 61574K [0x73a00000, 0xb3a00000)
  region size 1024K, 48 young (49152K), 3 survivors (3072K)
 Metaspace       used 29541K, capacity 30024K, committed 30080K, reserved 31024K
}
Event: 21,072 GC heap after
{Heap after GC invocations=20 (full 0):
 garbage-first heap   total 83968K, used 16214K [0x73a00000, 0xb3a00000)
  region size 1024K, 4 young (4096K), 4 survivors (4096K)
 Metaspace       used 29541K, capacity 30024K, committed 30080K, reserved 31024K
}
Event: 22,518 GC heap before
{Heap before GC invocations=20 (full 0):
 garbage-first heap   total 83968K, used 62294K [0x73a00000, 0xb3a00000)
  region size 1024K, 49 young (50176K), 4 survivors (4096K)
 Metaspace       used 32268K, capacity 32752K, committed 32768K, reserved 33072K
}
Event: 22,532 GC heap after
{Heap after GC invocations=21 (full 0):
 garbage-first heap   total 83968K, used 17420K [0x73a00000, 0xb3a00000)
  region size 1024K, 5 young (5120K), 5 survivors (5120K)
 Metaspace       used 32268K, capacity 32752K, committed 32768K, reserved 33072K
}
Event: 23,742 GC heap before
{Heap before GC invocations=21 (full 0):
 garbage-first heap   total 83968K, used 62476K [0x73a00000, 0xb3a00000)
  region size 1024K, 49 young (50176K), 5 survivors (5120K)
 Metaspace       used 35159K, capacity 35652K, committed 35712K, reserved 36144K
}
Event: 23,764 GC heap after
{Heap after GC invocations=22 (full 0):
 garbage-first heap   total 83968K, used 18177K [0x73a00000, 0xb3a00000)
  region size 1024K, 5 young (5120K), 5 survivors (5120K)
 Metaspace       used 35159K, capacity 35652K, committed 35712K, reserved 36144K
}
Event: 25,301 GC heap before
{Heap before GC invocations=22 (full 0):
 garbage-first heap   total 83968K, used 63233K [0x73a00000, 0xb3a00000)
  region size 1024K, 49 young (50176K), 5 survivors (5120K)
 Metaspace       used 37386K, capacity 37925K, committed 38016K, reserved 38192K
}
Event: 25,325 GC heap after
{Heap after GC invocations=23 (full 0):
 garbage-first heap   total 89088K, used 19337K [0x73a00000, 0xb3a00000)
  region size 1024K, 5 young (5120K), 5 survivors (5120K)
 Metaspace       used 37386K, capacity 37925K, committed 38016K, reserved 38192K
}
Event: 29,005 GC heap before
{Heap before GC invocations=23 (full 0):
 garbage-first heap   total 89088K, used 67465K [0x73a00000, 0xb3a00000)
  region size 1024K, 52 young (53248K), 5 survivors (5120K)
 Metaspace       used 39591K, capacity 40219K, committed 40320K, reserved 41264K
}
Event: 29,030 GC heap after
{Heap after GC invocations=24 (full 0):
 garbage-first heap   total 89088K, used 20154K [0x73a00000, 0xb3a00000)
  region size 1024K, 5 young (5120K), 5 survivors (5120K)
 Metaspace       used 39591K, capacity 40219K, committed 40320K, reserved 41264K
}
Event: 30,256 GC heap before
{Heap before GC invocations=24 (full 0):
 garbage-first heap   total 89088K, used 68282K [0x73a00000, 0xb3a00000)
  region size 1024K, 52 young (53248K), 5 survivors (5120K)
 Metaspace       used 40874K, capacity 41519K, committed 41600K, reserved 42288K
}
Event: 30,297 GC heap after
{Heap after GC invocations=25 (full 0):
 garbage-first heap   total 89088K, used 21102K [0x73a00000, 0xb3a00000)
  region size 1024K, 4 young (4096K), 4 survivors (4096K)
 Metaspace       used 40874K, capacity 41519K, committed 41600K, reserved 42288K
}
Event: 32,083 GC heap before
{Heap before GC invocations=25 (full 0):
 garbage-first heap   total 89088K, used 70254K [0x73a00000, 0xb3a00000)
  region size 1024K, 52 young (53248K), 4 survivors (4096K)
 Metaspace       used 42045K, capacity 42727K, committed 42752K, reserved 43312K
}
Event: 32,114 GC heap after
{Heap after GC invocations=26 (full 0):
 garbage-first heap   total 89088K, used 23031K [0x73a00000, 0xb3a00000)
  region size 1024K, 5 young (5120K), 5 survivors (5120K)
 Metaspace       used 42045K, capacity 42727K, committed 42752K, reserved 43312K
}
Event: 33,621 GC heap before
{Heap before GC invocations=26 (full 0):
 garbage-first heap   total 89088K, used 71159K [0x73a00000, 0xb3a00000)
  region size 1024K, 52 young (53248K), 5 survivors (5120K)
 Metaspace       used 43127K, capacity 43850K, committed 43904K, reserved 44336K
}
Event: 33,644 GC heap after
{Heap after GC invocations=27 (full 0):
 garbage-first heap   total 94208K, used 24774K [0x73a00000, 0xb3a00000)
  region size 1024K, 6 young (6144K), 6 survivors (6144K)
 Metaspace       used 43127K, capacity 43850K, committed 43904K, reserved 44336K
}

Deoptimization events (20 events):
Event: 34,203 Thread 0xb5f0f000 Uncommon trap: trap_request=0xffffffc6 fr.pc=0xb3f7362c relative=0x0000027c
Event: 34,203 Thread 0xb5f0f000 Uncommon trap: reason=bimorphic action=maybe_recompile pc=0xb3f7362c method=java.util.Collections$SetFromMap.contains(Ljava/lang/Object;)Z @ 5 c2
Event: 34,203 Thread 0xb5f0f000 DEOPT PACKING pc=0xb3f7362c sp=0xb6067300
Event: 34,203 Thread 0xb5f0f000 DEOPT UNPACKING pc=0xb3d3ebfc sp=0xb60672e4 mode 2
Event: 34,203 Thread 0xb5f0f000 Uncommon trap: trap_request=0xffffffc6 fr.pc=0xb3f7362c relative=0x0000027c
Event: 34,203 Thread 0xb5f0f000 Uncommon trap: reason=bimorphic action=maybe_recompile pc=0xb3f7362c method=java.util.Collections$SetFromMap.contains(Ljava/lang/Object;)Z @ 5 c2
Event: 34,203 Thread 0xb5f0f000 DEOPT PACKING pc=0xb3f7362c sp=0xb60672a0
Event: 34,203 Thread 0xb5f0f000 DEOPT UNPACKING pc=0xb3d3ebfc sp=0xb6067284 mode 2
Event: 34,204 Thread 0xb5f0f000 Uncommon trap: trap_request=0xffffffc6 fr.pc=0xb3f7362c relative=0x0000027c
Event: 34,204 Thread 0xb5f0f000 Uncommon trap: reason=bimorphic action=maybe_recompile pc=0xb3f7362c method=java.util.Collections$SetFromMap.contains(Ljava/lang/Object;)Z @ 5 c2
Event: 34,204 Thread 0xb5f0f000 DEOPT PACKING pc=0xb3f7362c sp=0xb6067240
Event: 34,204 Thread 0xb5f0f000 DEOPT UNPACKING pc=0xb3d3ebfc sp=0xb6067224 mode 2
Event: 34,204 Thread 0xb5f0f000 Uncommon trap: trap_request=0xffffffc6 fr.pc=0xb3f7362c relative=0x0000027c
Event: 34,204 Thread 0xb5f0f000 Uncommon trap: reason=bimorphic action=maybe_recompile pc=0xb3f7362c method=java.util.Collections$SetFromMap.contains(Ljava/lang/Object;)Z @ 5 c2
Event: 34,204 Thread 0xb5f0f000 DEOPT PACKING pc=0xb3f7362c sp=0xb60671e0
Event: 34,204 Thread 0xb5f0f000 DEOPT UNPACKING pc=0xb3d3ebfc sp=0xb60671c4 mode 2
Event: 34,224 Thread 0xb5f0f000 Uncommon trap: trap_request=0xffffff4d fr.pc=0xb3da622c relative=0x0000028c
Event: 34,224 Thread 0xb5f0f000 Uncommon trap: reason=unstable_if action=reinterpret pc=0xb3da622c method=java.lang.StringCoding.encodeUTF8_UTF16([BZ)[B @ 36 c2
Event: 34,224 Thread 0xb5f0f000 DEOPT PACKING pc=0xb3da622c sp=0xb60671a8
Event: 34,224 Thread 0xb5f0f000 DEOPT UNPACKING pc=0xb3d3ebfc sp=0xb6067178 mode 2

Classes redefined (0 events):
No events

Internal exceptions (20 events):
Event: 32,001 Thread 0xb5f0f000 Exception <a 'java/lang/ClassNotFoundException'{0x76446ad8}: java/lang/ObjectCustomizer> (0x76446ad8) thrown at [src/hotspot/share/classfile/systemDictionary.cpp, line 230]
Event: 32,003 Thread 0xb5f0f000 Exception <a 'java/lang/ClassNotFoundException'{0x764a2178}: springfox/documentation/spring/web/plugins/AbstractDocumentationPluginsBootstrapperCustomizer> (0x764a2178) thrown at [src/hotspot/share/classfile/systemDictionary.cpp, line 230]
Event: 32,008 Thread 0xb5f0f000 Exception <a 'java/lang/ClassNotFoundException'{0x7631f658}: springfox/documentation/spring/web/plugins/DocumentationPluginsBootstrapperCustomizer> (0x7631f658) thrown at [src/hotspot/share/classfile/systemDictionary.cpp, line 230]
Event: 32,014 Thread 0xb5f0f000 Exception <a 'java/lang/ClassNotFoundException'{0x7637f840}: org/springframework/context/SmartLifecycleCustomizer> (0x7637f840) thrown at [src/hotspot/share/classfile/systemDictionary.cpp, line 230]
Event: 32,017 Thread 0xb5f0f000 Exception <a 'java/lang/ClassNotFoundException'{0x763c6618}: org/springframework/context/LifecycleCustomizer> (0x763c6618) thrown at [src/hotspot/share/classfile/systemDictionary.cpp, line 230]
Event: 32,019 Thread 0xb5f0f000 Exception <a 'java/lang/ClassNotFoundException'{0x7620b7e8}: org/springframework/context/PhasedCustomizer> (0x7620b7e8) thrown at [src/hotspot/share/classfile/systemDictionary.cpp, line 230]
Event: 32,677 Thread 0xb5f0f000 Exception <a 'java/lang/NoSuchMethodError'{0x77d8f450}: 'void java.lang.invoke.DirectMethodHandle$Holder.invokeVirtual(java.lang.Object, java.lang.Object, int)'> (0x77d8f450) thrown at [src/hotspot/share/interpreter/linkResolver.cpp, line 773]
Event: 32,688 Thread 0xb5f0f000 Exception <a 'java/lang/NoSuchMethodError'{0x77da92c8}: 'void java.lang.invoke.DirectMethodHandle$Holder.invokeVirtual(java.lang.Object, java.lang.Object, long)'> (0x77da92c8) thrown at [src/hotspot/share/interpreter/linkResolver.cpp, line 773]
Event: 33,188 Thread 0xb5f0f000 Exception <a 'java/lang/IncompatibleClassChangeError'{0x76d2c528}: Found class java.lang.Object, but interface was expected> (0x76d2c528) thrown at [src/hotspot/share/interpreter/linkResolver.cpp, line 839]
Event: 33,317 Thread 0xb5f0f000 Exception <a 'java/lang/NoSuchMethodError'{0x7686c740}: 'int java.lang.invoke.DirectMethodHandle$Holder.invokeStaticInit(java.lang.Object, java.lang.Object, java.lang.Object, java.lang.Object)'> (0x7686c740) thrown at [src/hotspot/share/interpreter/linkResolver.cpp, line 773]
Event: 33,711 Thread 0xb5f0f000 Exception <a 'java/lang/NoSuchMethodError'{0x794396f8}: 'java.lang.Object java.lang.invoke.DirectMethodHandle$Holder.invokeSpecial(java.lang.Object, java.lang.Object, int, java.lang.Object, int, java.lang.Object)'> (0x794396f8) thrown at [src/hotspot/share/interpreter/linkResolver.cpp, line 773]
Event: 33,713 Thread 0xb5f0f000 Exception <a 'java/lang/NoSuchMethodError'{0x794415d8}: 'java.lang.Object java.lang.invoke.DirectMethodHandle$Holder.invokeStatic(java.lang.Object, java.lang.Object, int, java.lang.Object, int)'> (0x794415d8) thrown at [src/hotspot/share/interpreter/linkResolver.cpp, line 773]
Event: 33,714 Thread 0xb5f0f000 Exception <a 'java/lang/NoSuchMethodError'{0x79444d58}: 'java.lang.Object java.lang.invoke.DirectMethodHandle$Holder.invokeSpecial(java.lang.Object, java.lang.Object, java.lang.Object, int, java.lang.Object, int)'> (0x79444d58) thrown at [src/hotspot/share/interpreter/linkResolver.cpp, line 773]
Event: 33,718 Thread 0xb5f0f000 Exception <a 'java/lang/NoSuchMethodError'{0x7945a9b0}: 'void java.lang.invoke.DirectMethodHandle$Holder.invokeVirtual(java.lang.Object, java.lang.Object)'> (0x7945a9b0) thrown at [src/hotspot/share/interpreter/linkResolver.cpp, line 773]
Event: 33,758 Thread 0xb5f0f000 Exception <a 'java/net/BindException'{0x79469dc8}> (0x79469dc8) thrown at [src/hotspot/share/prims/jni.cpp, line 617]
Event: 33,883 Thread 0x6d80dc00 Exception <a 'java/lang/InterruptedException'{0x79200048}: sleep interrupted> (0x79200048) thrown at [src/hotspot/share/prims/jvm.cpp, line 3128]
Event: 34,049 Thread 0xb5f0f000 Exception <a 'java/lang/NoClassDefFoundError'{0x790ccea8}: javax/validation/ValidationException> (0x790ccea8) thrown at [src/hotspot/share/classfile/systemDictionary.cpp, line 219]
Event: 34,069 Thread 0xb5f0f000 Exception <a 'java/lang/NoClassDefFoundError'{0x78f6c918}: liquibase/exception/ChangeLogParseException> (0x78f6c918) thrown at [src/hotspot/share/classfile/systemDictionary.cpp, line 219]
Event: 34,214 Thread 0xb5f0f000 Exception <a 'java/lang/NoClassDefFoundError'{0x78c09ec0}: sun/reflect/Reflection> (0x78c09ec0) thrown at [src/hotspot/share/classfile/systemDictionary.cpp, line 219]
Event: 34,234 Thread 0xb5f0f000 Exception <a 'java/lang/reflect/InvocationTargetException'{0x78c84eb0}> (0x78c84eb0) thrown at [src/hotspot/share/runtime/reflection.cpp, line 1247]

Events (20 events):
Event: 34,270 Executing VM operation: BulkRevokeBias done
Event: 34,270 Thread 0x6dc74400 Thread exited: 0x6dc74400
Event: 34,272 Executing VM operation: RevokeBias
Event: 34,272 Protecting memory [0xb6f78000,0xb6f79000] with protection modes 0
Event: 34,272 Protecting memory [0xb6f78000,0xb6f79000] with protection modes 1
Event: 34,272 Executing VM operation: RevokeBias done
Event: 34,274 Executing VM operation: RevokeBias
Event: 34,274 Protecting memory [0xb6f78000,0xb6f79000] with protection modes 0
Event: 34,274 Protecting memory [0xb6f78000,0xb6f79000] with protection modes 1
Event: 34,274 Executing VM operation: RevokeBias done
Event: 34,280 loading class com/pi4j/library/pigpio/impl/PiGpioBase
Event: 34,280 loading class com/pi4j/library/pigpio/impl/PiGpioBase done
Event: 34,281 loading class com/pi4j/library/pigpio/impl/PiGpioBase
Event: 34,281 loading class com/pi4j/library/pigpio/impl/PiGpioBase done
Event: 34,281 loading class com/pi4j/library/pigpio/impl/PiGpioBase
Event: 34,281 loading class com/pi4j/library/pigpio/impl/PiGpioBase done
Event: 34,282 loading class com/pi4j/library/pigpio/impl/PiGpioBase
Event: 34,282 loading class com/pi4j/library/pigpio/impl/PiGpioBase done
Event: 34,283 loading class com/pi4j/library/pigpio/impl/PiGpioBase
Event: 34,283 loading class com/pi4j/library/pigpio/impl/PiGpioBase done


Dynamic libraries:
00010000-00011000 r-xp 00000000 b3:02 645091     /usr/lib/jvm/java-11-openjdk-armhf/bin/java
00020000-00021000 r--p 00000000 b3:02 645091     /usr/lib/jvm/java-11-openjdk-armhf/bin/java
00021000-00022000 rw-p 00001000 b3:02 645091     /usr/lib/jvm/java-11-openjdk-armhf/bin/java
01be9000-01ee7000 rw-p 00000000 00:00 0          [heap]
6a600000-6a620000 rw-p 00000000 00:00 0 
6a620000-6a700000 ---p 00000000 00:00 0 
6a700000-6a800000 rw-p 00000000 00:00 0 
6a800000-6a8f8000 rw-p 00000000 00:00 0 
6a8f8000-6a900000 ---p 00000000 00:00 0 
6a900000-6a998000 rw-p 00000000 00:00 0 
6a998000-6aa00000 ---p 00000000 00:00 0 
6aa00000-6aad8000 rw-p 00000000 00:00 0 
6aad8000-6ab00000 ---p 00000000 00:00 0 
6ab00000-6ac00000 rw-p 00000000 00:00 0 
6ac00000-6acfc000 rw-p 00000000 00:00 0 
6acfc000-6ad00000 ---p 00000000 00:00 0 
6ad73000-6ad76000 ---p 00000000 00:00 0 
6ad76000-6aec3000 rw-p 00000000 00:00 0 
6b31c000-6b359000 r-xp 00000000 b3:02 36422      /usr/lib/libpigpio.so.1
6b359000-6b369000 ---p 0003d000 b3:02 36422      /usr/lib/libpigpio.so.1
6b369000-6b36a000 r--p 0003d000 b3:02 36422      /usr/lib/libpigpio.so.1
6b36a000-6b36c000 rw-p 0003e000 b3:02 36422      /usr/lib/libpigpio.so.1
6b36c000-6b500000 rw-p 00000000 00:00 0 
6b500000-6b600000 rw-p 00000000 00:00 0 
6b600000-6b6f4000 rw-p 00000000 00:00 0 
6b6f4000-6b700000 ---p 00000000 00:00 0 
6b700000-6b800000 rw-p 00000000 00:00 0 
6b800000-6b900000 rw-p 00000000 00:00 0 
6b900000-6b9ed000 rw-p 00000000 00:00 0 
6b9ed000-6ba00000 ---p 00000000 00:00 0 
6ba00000-6bae3000 rw-p 00000000 00:00 0 
6bae3000-6bb00000 ---p 00000000 00:00 0 
6bb00000-6bc00000 rw-p 00000000 00:00 0 
6bc00000-6bd00000 rw-p 00000000 00:00 0 
6bd00000-6bd9c000 rw-p 00000000 00:00 0 
6bd9c000-6be00000 ---p 00000000 00:00 0 
6be00000-6bf00000 rw-p 00000000 00:00 0 
6bf00000-6c000000 rw-p 00000000 00:00 0 
6c000000-6c0fb000 rw-p 00000000 00:00 0 
6c0fb000-6c100000 ---p 00000000 00:00 0 
6c100000-6c200000 rw-p 00000000 00:00 0 
6c200000-6c300000 rw-p 00000000 00:00 0 
6c300000-6c400000 rw-p 00000000 00:00 0 
6c400000-6c4fa000 rw-p 00000000 00:00 0 
6c4fa000-6c500000 ---p 00000000 00:00 0 
6c500000-6c600000 rw-p 00000000 00:00 0 
6c600000-6c700000 rw-p 00000000 00:00 0 
6c700000-6c800000 rw-p 00000000 00:00 0 
6c880000-6c980000 rw-p 00000000 00:00 0 
6c980000-6ca80000 rw-p 00000000 00:00 0 
6ca80000-6ca83000 ---p 00000000 00:00 0 
6ca83000-6cc00000 rw-p 00000000 00:00 0 
6cc00000-6cd00000 rw-p 00000000 00:00 0 
6cd00000-6ce00000 rw-p 00000000 00:00 0 
6ce00000-6cf00000 rw-p 00000000 00:00 0 
6cf00000-6d000000 rw-p 00000000 00:00 0 
6d000000-6d100000 rw-p 00000000 00:00 0 
6d100000-6d200000 rw-p 00000000 00:00 0 
6d200000-6d2e9000 rw-p 00000000 00:00 0 
6d2e9000-6d300000 ---p 00000000 00:00 0 
6d300000-6d3fe000 rw-p 00000000 00:00 0 
6d3fe000-6d400000 ---p 00000000 00:00 0 
6d400000-6d500000 rw-p 00000000 00:00 0 
6d500000-6d5fe000 rw-p 00000000 00:00 0 
6d5fe000-6d600000 ---p 00000000 00:00 0 
6d600000-6d6fe000 rw-p 00000000 00:00 0 
6d6fe000-6d700000 ---p 00000000 00:00 0 
6d700000-6d7fa000 rw-p 00000000 00:00 0 
6d7fa000-6d800000 ---p 00000000 00:00 0 
6d800000-6d8f9000 rw-p 00000000 00:00 0 
6d8f9000-6d900000 ---p 00000000 00:00 0 
6d900000-6d9f6000 rw-p 00000000 00:00 0 
6d9f6000-6da00000 ---p 00000000 00:00 0 
6da00000-6db00000 rw-p 00000000 00:00 0 
6db00000-6dc00000 rw-p 00000000 00:00 0 
6dc00000-6dcfc000 rw-p 00000000 00:00 0 
6dcfc000-6dd00000 ---p 00000000 00:00 0 
6dd00000-6dde7000 rw-p 00000000 00:00 0 
6dde7000-6de00000 ---p 00000000 00:00 0 
6de00000-6df00000 rw-p 00000000 00:00 0 
6df00000-6dffd000 rw-p 00000000 00:00 0 
6dffd000-6e000000 ---p 00000000 00:00 0 
6e000000-6e100000 rw-p 00000000 00:00 0 
6e100000-6e1fa000 rw-p 00000000 00:00 0 
6e1fa000-6e200000 ---p 00000000 00:00 0 
6e200000-6e300000 rw-p 00000000 00:00 0 
6e300000-6e3fa000 rw-p 00000000 00:00 0 
6e3fa000-6e400000 ---p 00000000 00:00 0 
6e400000-6e500000 rw-p 00000000 00:00 0 
6e500000-6e5db000 rw-p 00000000 00:00 0 
6e5db000-6e600000 ---p 00000000 00:00 0 
6e62e000-6e631000 ---p 00000000 00:00 0 
6e631000-6e77e000 rw-p 00000000 00:00 0 
6e77e000-6e87e000 rw-p 00000000 00:00 0 
6e87e000-6e87f000 ---p 00000000 00:00 0 
6e87f000-6e900000 rw-p 00000000 00:00 0 
6e900000-6e9fd000 rw-p 00000000 00:00 0 
6e9fd000-6ea00000 ---p 00000000 00:00 0 
6ea2e000-6ea31000 ---p 00000000 00:00 0 
6ea31000-6ea7e000 rw-p 00000000 00:00 0 
6ea7e000-6ea7f000 ---p 00000000 00:00 0 
6ea7f000-6eb00000 rw-p 00000000 00:00 0 
6eb00000-6ebff000 rw-p 00000000 00:00 0 
6ebff000-6ec00000 ---p 00000000 00:00 0 
6ec00000-6ed00000 rw-p 00000000 00:00 0 
6ed00000-6edfa000 rw-p 00000000 00:00 0 
6edfa000-6ee00000 ---p 00000000 00:00 0 
6ee00000-6ef00000 rw-p 00000000 00:00 0 
6ef00000-6f000000 rw-p 00000000 00:00 0 
6f000000-6f100000 rw-p 00000000 00:00 0 
6f100000-6f200000 rw-p 00000000 00:00 0 
6f200000-6f2f7000 rw-p 00000000 00:00 0 
6f2f7000-6f300000 ---p 00000000 00:00 0 
6f300000-6f400000 rw-p 00000000 00:00 0 
6f400000-6f4fe000 rw-p 00000000 00:00 0 
6f4fe000-6f500000 ---p 00000000 00:00 0 
6f500000-6f5ff000 rw-p 00000000 00:00 0 
6f5ff000-6f600000 ---p 00000000 00:00 0 
6f600000-6f700000 rw-p 00000000 00:00 0 
6f700000-6f7ff000 rw-p 00000000 00:00 0 
6f7ff000-6f800000 ---p 00000000 00:00 0 
6f82e000-6f831000 ---p 00000000 00:00 0 
6f831000-6f87e000 rw-p 00000000 00:00 0 
6f87e000-6f87f000 ---p 00000000 00:00 0 
6f87f000-6fa00000 rw-p 00000000 00:00 0 
6fa00000-6fae3000 rw-p 00000000 00:00 0 
6fae3000-6fb00000 ---p 00000000 00:00 0 
6fb00000-6fbea000 rw-p 00000000 00:00 0 
6fbea000-6fc00000 ---p 00000000 00:00 0 
6fc4b000-6fc6e000 r-xp 00000000 b3:02 645242     /usr/lib/jvm/java-11-openjdk-armhf/lib/libsunec.so
6fc6e000-6fc7d000 ---p 00023000 b3:02 645242     /usr/lib/jvm/java-11-openjdk-armhf/lib/libsunec.so
6fc7d000-6fc7f000 r--p 00022000 b3:02 645242     /usr/lib/jvm/java-11-openjdk-armhf/lib/libsunec.so
6fc7f000-6fc80000 rw-p 00024000 b3:02 645242     /usr/lib/jvm/java-11-openjdk-armhf/lib/libsunec.so
6fc80000-6fc83000 ---p 00000000 00:00 0 
6fc83000-6fe00000 rw-p 00000000 00:00 0 
6fe00000-6feff000 rw-p 00000000 00:00 0 
6feff000-6ff00000 ---p 00000000 00:00 0 
6ff14000-6ff17000 ---p 00000000 00:00 0 
6ff17000-6ff64000 rw-p 00000000 00:00 0 
6ff64000-6ff67000 ---p 00000000 00:00 0 
6ff67000-6ffb4000 rw-p 00000000 00:00 0 
6ffb4000-6ffb5000 ---p 00000000 00:00 0 
6ffb5000-70036000 rw-p 00000000 00:00 0 
70036000-70039000 ---p 00000000 00:00 0 
70039000-70086000 rw-p 00000000 00:00 0 
70086000-70300000 r--p 0006b000 b3:02 22076      /usr/lib/locale/locale-archive
70300000-70500000 r--p 00000000 b3:02 22076      /usr/lib/locale/locale-archive
70500000-705f1000 rw-p 00000000 00:00 0 
705f1000-70600000 ---p 00000000 00:00 0 
70630000-70633000 ---p 00000000 00:00 0 
70633000-706b0000 rw-p 00000000 00:00 0 
706b0000-706b3000 ---p 00000000 00:00 0 
706b3000-70700000 rw-p 00000000 00:00 0 
70700000-707f6000 rw-p 00000000 00:00 0 
707f6000-70800000 ---p 00000000 00:00 0 
7081f000-70820000 r-xp 00000000 b3:02 645218     /usr/lib/jvm/java-11-openjdk-armhf/lib/libextnet.so
70820000-70830000 ---p 00001000 b3:02 645218     /usr/lib/jvm/java-11-openjdk-armhf/lib/libextnet.so
70830000-70831000 r--p 00001000 b3:02 645218     /usr/lib/jvm/java-11-openjdk-armhf/lib/libextnet.so
70831000-70832000 rw-p 00002000 b3:02 645218     /usr/lib/jvm/java-11-openjdk-armhf/lib/libextnet.so
70832000-70833000 ---p 00000000 00:00 0 
70833000-70cfa000 rw-p 00000000 00:00 0 
70cfa000-70d00000 ---p 00000000 00:00 0 
70d00000-70dfe000 rw-p 00000000 00:00 0 
70dfe000-70e00000 ---p 00000000 00:00 0 
70e03000-70e08000 r-xp 00000000 b3:02 645234     /usr/lib/jvm/java-11-openjdk-armhf/lib/libmanagement_ext.so
70e08000-70e17000 ---p 00005000 b3:02 645234     /usr/lib/jvm/java-11-openjdk-armhf/lib/libmanagement_ext.so
70e17000-70e18000 r--p 00004000 b3:02 645234     /usr/lib/jvm/java-11-openjdk-armhf/lib/libmanagement_ext.so
70e18000-70e19000 rw-p 00005000 b3:02 645234     /usr/lib/jvm/java-11-openjdk-armhf/lib/libmanagement_ext.so
70e19000-70e1d000 r-xp 00000000 b3:02 645232     /usr/lib/jvm/java-11-openjdk-armhf/lib/libmanagement.so
70e1d000-70e2c000 ---p 00004000 b3:02 645232     /usr/lib/jvm/java-11-openjdk-armhf/lib/libmanagement.so
70e2c000-70e2d000 r--p 00003000 b3:02 645232     /usr/lib/jvm/java-11-openjdk-armhf/lib/libmanagement.so
70e2d000-70e2e000 rw-p 00004000 b3:02 645232     /usr/lib/jvm/java-11-openjdk-armhf/lib/libmanagement.so
70e2e000-70e31000 ---p 00000000 00:00 0 
70e31000-70e7e000 rw-p 00000000 00:00 0 
70e7e000-70e7f000 ---p 00000000 00:00 0 
70e7f000-70f00000 rw-p 00000000 00:00 0 
70f00000-70ffc000 rw-p 00000000 00:00 0 
70ffc000-71000000 ---p 00000000 00:00 0 
71009000-7102e000 r--p 00000000 b3:02 8670       /usr/share/locale/pl/LC_MESSAGES/libc.mo
7102e000-71031000 ---p 00000000 00:00 0 
71031000-7107e000 rw-p 00000000 00:00 0 
7107e000-7107f000 ---p 00000000 00:00 0 
7107f000-71100000 rw-p 00000000 00:00 0 
71100000-711fc000 rw-p 00000000 00:00 0 
711fc000-71200000 ---p 00000000 00:00 0 
71200000-71221000 rw-p 00000000 00:00 0 
71221000-71300000 ---p 00000000 00:00 0 
7130a000-7131d000 r-xp 00000000 b3:02 645236     /usr/lib/jvm/java-11-openjdk-armhf/lib/libnet.so
7131d000-7132c000 ---p 00013000 b3:02 645236     /usr/lib/jvm/java-11-openjdk-armhf/lib/libnet.so
7132c000-7132d000 r--p 00012000 b3:02 645236     /usr/lib/jvm/java-11-openjdk-armhf/lib/libnet.so
7132d000-7132e000 rw-p 00013000 b3:02 645236     /usr/lib/jvm/java-11-openjdk-armhf/lib/libnet.so
7132e000-71331000 ---p 00000000 00:00 0 
71331000-7137e000 rw-p 00000000 00:00 0 
7137e000-7137f000 ---p 00000000 00:00 0 
7137f000-71570000 rw-p 00000000 00:00 0 
71570000-72400000 ---p 00000000 00:00 0 
72400000-72570000 rw-p 00000000 00:00 0 
72570000-73400000 ---p 00000000 00:00 0 
73400000-7342e000 rw-p 00000000 00:00 0 
7342e000-73600000 ---p 00000000 00:00 0 
73600000-7362e000 rw-p 00000000 00:00 0 
7362e000-73800000 ---p 00000000 00:00 0 
73800000-7382e000 rw-p 00000000 00:00 0 
7382e000-73a00000 ---p 00000000 00:00 0 
73a00000-79600000 rw-p 00000000 00:00 0 
79600000-b3a00000 ---p 00000000 00:00 0 
b3a05000-b3a12000 r-xp 00000000 b3:02 645237     /usr/lib/jvm/java-11-openjdk-armhf/lib/libnio.so
b3a12000-b3a21000 ---p 0000d000 b3:02 645237     /usr/lib/jvm/java-11-openjdk-armhf/lib/libnio.so
b3a21000-b3a22000 r--p 0000c000 b3:02 645237     /usr/lib/jvm/java-11-openjdk-armhf/lib/libnio.so
b3a22000-b3a23000 rw-p 0000d000 b3:02 645237     /usr/lib/jvm/java-11-openjdk-armhf/lib/libnio.so
b3a23000-b3a7e000 rw-p 00000000 00:00 0 
b3a7e000-b3a7f000 ---p 00000000 00:00 0 
b3a7f000-b3b00000 rw-p 00000000 00:00 0 
b3b00000-b3bfa000 rw-p 00000000 00:00 0 
b3bfa000-b3c00000 ---p 00000000 00:00 0 
b3c02000-b3c03000 rw-s fe100000 00:05 5          /dev/mem
b3c05000-b3c0b000 r-xp 00000000 b3:02 3062       /tmp/libpi4j-pigpio9045054028008048203.so
b3c0b000-b3c13000 ---p 00006000 b3:02 3062       /tmp/libpi4j-pigpio9045054028008048203.so
b3c13000-b3c14000 rw-p 00006000 b3:02 3062       /tmp/libpi4j-pigpio9045054028008048203.so
b3c14000-b3c1b000 r--s 00000000 b3:02 5907       /usr/lib/arm-linux-gnueabihf/gconv/gconv-modules.cache
b3c1b000-b3c4d000 rw-p 00000000 00:00 0 
b3c4d000-b3c4e000 ---p 00000000 00:00 0 
b3c4e000-b3cd6000 rw-p 00000000 00:00 0 
b3cd6000-b3d0f000 ---p 00000000 00:00 0 
b3d0f000-b406f000 rwxp 00000000 00:00 0 
b406f000-b5d0f000 ---p 00000000 00:00 0 
b5d0f000-b5e7e000 r--s 00000000 b3:02 645246     /usr/lib/jvm/java-11-openjdk-armhf/lib/modules
b5e7e000-b5e87000 r-xp 00000000 b3:02 5648       /lib/arm-linux-gnueabihf/libnss_files-2.28.so
b5e87000-b5e97000 ---p 00009000 b3:02 5648       /lib/arm-linux-gnueabihf/libnss_files-2.28.so
b5e97000-b5e98000 r--p 00009000 b3:02 5648       /lib/arm-linux-gnueabihf/libnss_files-2.28.so
b5e98000-b5e99000 rw-p 0000a000 b3:02 5648       /lib/arm-linux-gnueabihf/libnss_files-2.28.so
b5e99000-b5e9f000 rw-p 00000000 00:00 0 
b5e9f000-b5ea5000 r-xp 00000000 b3:02 645245     /usr/lib/jvm/java-11-openjdk-armhf/lib/libzip.so
b5ea5000-b5eb4000 ---p 00006000 b3:02 645245     /usr/lib/jvm/java-11-openjdk-armhf/lib/libzip.so
b5eb4000-b5eb5000 r--p 00005000 b3:02 645245     /usr/lib/jvm/java-11-openjdk-armhf/lib/libzip.so
b5eb5000-b5eb6000 rw-p 00006000 b3:02 645245     /usr/lib/jvm/java-11-openjdk-armhf/lib/libzip.so
b5eb6000-b5ed4000 r-xp 00000000 b3:02 645225     /usr/lib/jvm/java-11-openjdk-armhf/lib/libjava.so
b5ed4000-b5ee3000 ---p 0001e000 b3:02 645225     /usr/lib/jvm/java-11-openjdk-armhf/lib/libjava.so
b5ee3000-b5ee4000 r--p 0001d000 b3:02 645225     /usr/lib/jvm/java-11-openjdk-armhf/lib/libjava.so
b5ee4000-b5ee5000 rw-p 0001e000 b3:02 645225     /usr/lib/jvm/java-11-openjdk-armhf/lib/libjava.so
b5ee5000-b5eef000 r-xp 00000000 b3:02 645244     /usr/lib/jvm/java-11-openjdk-armhf/lib/libverify.so
b5eef000-b5efe000 ---p 0000a000 b3:02 645244     /usr/lib/jvm/java-11-openjdk-armhf/lib/libverify.so
b5efe000-b5eff000 r--p 00009000 b3:02 645244     /usr/lib/jvm/java-11-openjdk-armhf/lib/libverify.so
b5eff000-b5f00000 rw-p 0000a000 b3:02 645244     /usr/lib/jvm/java-11-openjdk-armhf/lib/libverify.so
b5f00000-b6000000 rw-p 00000000 00:00 0 
b6002000-b6008000 r-xp 00000000 b3:02 5655       /lib/arm-linux-gnueabihf/librt-2.28.so
b6008000-b6017000 ---p 00006000 b3:02 5655       /lib/arm-linux-gnueabihf/librt-2.28.so
b6017000-b6018000 r--p 00005000 b3:02 5655       /lib/arm-linux-gnueabihf/librt-2.28.so
b6018000-b6019000 rw-p 00006000 b3:02 5655       /lib/arm-linux-gnueabihf/librt-2.28.so
b6019000-b601c000 ---p 00000000 00:00 0 
b601c000-b6069000 rw-p 00000000 00:00 0 
b6069000-b6085000 r-xp 00000000 b3:02 2036       /lib/arm-linux-gnueabihf/libgcc_s.so.1
b6085000-b6094000 ---p 0001c000 b3:02 2036       /lib/arm-linux-gnueabihf/libgcc_s.so.1
b6094000-b6095000 r--p 0001b000 b3:02 2036       /lib/arm-linux-gnueabihf/libgcc_s.so.1
b6095000-b6096000 rw-p 0001c000 b3:02 2036       /lib/arm-linux-gnueabihf/libgcc_s.so.1
b6096000-b6107000 r-xp 00000000 b3:02 5643       /lib/arm-linux-gnueabihf/libm-2.28.so
b6107000-b6116000 ---p 00071000 b3:02 5643       /lib/arm-linux-gnueabihf/libm-2.28.so
b6116000-b6117000 r--p 00070000 b3:02 5643       /lib/arm-linux-gnueabihf/libm-2.28.so
b6117000-b6118000 rw-p 00071000 b3:02 5643       /lib/arm-linux-gnueabihf/libm-2.28.so
b6118000-b6246000 r-xp 00000000 b3:02 11340      /usr/lib/arm-linux-gnueabihf/libstdc++.so.6.0.25
b6246000-b6256000 ---p 0012e000 b3:02 11340      /usr/lib/arm-linux-gnueabihf/libstdc++.so.6.0.25
b6256000-b625b000 r--p 0012e000 b3:02 11340      /usr/lib/arm-linux-gnueabihf/libstdc++.so.6.0.25
b625b000-b625d000 rw-p 00133000 b3:02 11340      /usr/lib/arm-linux-gnueabihf/libstdc++.so.6.0.25
b625d000-b625f000 rw-p 00000000 00:00 0 
b625f000-b6cbc000 r-xp 00000000 b3:02 645251     /usr/lib/jvm/java-11-openjdk-armhf/lib/server/libjvm.so
b6cbc000-b6ccb000 ---p 00a5d000 b3:02 645251     /usr/lib/jvm/java-11-openjdk-armhf/lib/server/libjvm.so
b6ccb000-b6d0d000 r--p 00a5c000 b3:02 645251     /usr/lib/jvm/java-11-openjdk-armhf/lib/server/libjvm.so
b6d0d000-b6d26000 rw-p 00a9e000 b3:02 645251     /usr/lib/jvm/java-11-openjdk-armhf/lib/server/libjvm.so
b6d26000-b6d51000 rw-p 00000000 00:00 0 
b6d51000-b6e89000 r-xp 00000000 b3:02 5640       /lib/arm-linux-gnueabihf/libc-2.28.so
b6e89000-b6e98000 ---p 00138000 b3:02 5640       /lib/arm-linux-gnueabihf/libc-2.28.so
b6e98000-b6e9a000 r--p 00137000 b3:02 5640       /lib/arm-linux-gnueabihf/libc-2.28.so
b6e9a000-b6e9b000 rw-p 00139000 b3:02 5640       /lib/arm-linux-gnueabihf/libc-2.28.so
b6e9b000-b6e9e000 rw-p 00000000 00:00 0 
b6e9e000-b6ea0000 r-xp 00000000 b3:02 5642       /lib/arm-linux-gnueabihf/libdl-2.28.so
b6ea0000-b6eaf000 ---p 00002000 b3:02 5642       /lib/arm-linux-gnueabihf/libdl-2.28.so
b6eaf000-b6eb0000 r--p 00001000 b3:02 5642       /lib/arm-linux-gnueabihf/libdl-2.28.so
b6eb0000-b6eb1000 rw-p 00002000 b3:02 5642       /lib/arm-linux-gnueabihf/libdl-2.28.so
b6eb1000-b6ebe000 r-xp 00000000 b3:02 645210     /usr/lib/jvm/java-11-openjdk-armhf/lib/jli/libjli.so
b6ebe000-b6ecd000 ---p 0000d000 b3:02 645210     /usr/lib/jvm/java-11-openjdk-armhf/lib/jli/libjli.so
b6ecd000-b6ece000 r--p 0000c000 b3:02 645210     /usr/lib/jvm/java-11-openjdk-armhf/lib/jli/libjli.so
b6ece000-b6ecf000 rw-p 0000d000 b3:02 645210     /usr/lib/jvm/java-11-openjdk-armhf/lib/jli/libjli.so
b6ecf000-b6ee6000 r-xp 00000000 b3:02 5653       /lib/arm-linux-gnueabihf/libpthread-2.28.so
b6ee6000-b6ef5000 ---p 00017000 b3:02 5653       /lib/arm-linux-gnueabihf/libpthread-2.28.so
b6ef5000-b6ef6000 r--p 00016000 b3:02 5653       /lib/arm-linux-gnueabihf/libpthread-2.28.so
b6ef6000-b6ef7000 rw-p 00017000 b3:02 5653       /lib/arm-linux-gnueabihf/libpthread-2.28.so
b6ef7000-b6ef9000 rw-p 00000000 00:00 0 
b6ef9000-b6f10000 r-xp 00000000 b3:02 2094       /lib/arm-linux-gnueabihf/libz.so.1.2.11
b6f10000-b6f1f000 ---p 00017000 b3:02 2094       /lib/arm-linux-gnueabihf/libz.so.1.2.11
b6f1f000-b6f20000 r--p 00016000 b3:02 2094       /lib/arm-linux-gnueabihf/libz.so.1.2.11
b6f20000-b6f21000 rw-p 00017000 b3:02 2094       /lib/arm-linux-gnueabihf/libz.so.1.2.11
b6f23000-b6f26000 r-xp 00000000 b3:02 645228     /usr/lib/jvm/java-11-openjdk-armhf/lib/libjimage.so
b6f26000-b6f36000 ---p 00003000 b3:02 645228     /usr/lib/jvm/java-11-openjdk-armhf/lib/libjimage.so
b6f36000-b6f37000 r--p 00003000 b3:02 645228     /usr/lib/jvm/java-11-openjdk-armhf/lib/libjimage.so
b6f37000-b6f38000 rw-p 00004000 b3:02 645228     /usr/lib/jvm/java-11-openjdk-armhf/lib/libjimage.so
b6f38000-b6f3c000 r-xp 00000000 b3:02 10875      /usr/lib/arm-linux-gnueabihf/libarmmem-v7l.so
b6f3c000-b6f4b000 ---p 00004000 b3:02 10875      /usr/lib/arm-linux-gnueabihf/libarmmem-v7l.so
b6f4b000-b6f4c000 r--p 00003000 b3:02 10875      /usr/lib/arm-linux-gnueabihf/libarmmem-v7l.so
b6f4c000-b6f4d000 rw-p 00004000 b3:02 10875      /usr/lib/arm-linux-gnueabihf/libarmmem-v7l.so
b6f4d000-b6f6d000 r-xp 00000000 b3:02 5636       /lib/arm-linux-gnueabihf/ld-2.28.so
b6f6f000-b6f70000 r--s 00008000 b3:02 143899     /usr/share/java/java-atk-wrapper.jar
b6f70000-b6f78000 rw-s 00000000 b3:02 265561     /tmp/hsperfdata_root/1712
b6f78000-b6f79000 r--p 00000000 00:00 0 
b6f79000-b6f7d000 rw-p 00000000 00:00 0 
b6f7d000-b6f7e000 r--p 00020000 b3:02 5636       /lib/arm-linux-gnueabihf/ld-2.28.so
b6f7e000-b6f7f000 rw-p 00021000 b3:02 5636       /lib/arm-linux-gnueabihf/ld-2.28.so
beee6000-bef07000 rw-p 00000000 00:00 0          [stack]
befe7000-befe8000 r-xp 00000000 00:00 0          [sigpage]
befe8000-befe9000 r--p 00000000 00:00 0          [vvar]
befe9000-befea000 r-xp 00000000 00:00 0          [vdso]
ffff0000-ffff1000 r-xp 00000000 00:00 0          [vectors]


VM Arguments:
java_command: target/car.parking-0.0.1-SNAPSHOT.jar
java_class_path (initial): target/car.parking-0.0.1-SNAPSHOT.jar
Launcher Type: SUN_STANDARD

[Global flags]
     uint ConcGCThreads                            = 1                                         {product} {ergonomic}
     uint G1ConcRefinementThreads                  = 4                                         {product} {ergonomic}
   size_t G1HeapRegionSize                         = 1048576                                   {product} {ergonomic}
    uintx GCDrainStackTargetSize                   = 64                                        {product} {ergonomic}
   size_t InitialHeapSize                          = 67108864                                  {product} {ergonomic}
   size_t MarkStackSize                            = 32768                                     {product} {ergonomic}
   size_t MaxHeapSize                              = 1073741824                                {product} {ergonomic}
   size_t MaxNewSize                               = 643825664                                 {product} {ergonomic}
   size_t MinHeapDeltaBytes                        = 1048576                                   {product} {ergonomic}
    uintx NonProfiledCodeHeapSize                  = 0                                      {pd product} {ergonomic}
    uintx ProfiledCodeHeapSize                     = 0                                      {pd product} {ergonomic}
     bool UseG1GC                                  = true                                      {product} {ergonomic}

Logging:
Log output configuration:
 #0: stdout all=warning uptime,level,tags
 #1: stderr all=off uptime,level,tags

Environment Variables:
PATH=/usr/local/sbin:/usr/local/bin:/usr/sbin:/usr/bin:/sbin:/bin
SHELL=/bin/bash
DISPLAY=:0.0
LANG=pl_PL.UTF-8
LC_ALL=pl_PL.UTF-8

Signal Handlers:
SIGSEGV: [libjvm.so+0x9b98e4], sa_mask[0]=11111111011111111101111111111110, sa_flags=SA_RESTART|SA_SIGINFO
SIGBUS: [libjvm.so+0x9b98e4], sa_mask[0]=11111111011111111101111111111110, sa_flags=SA_RESTART|SA_SIGINFO
SIGFPE: [libjvm.so+0x9b98e4], sa_mask[0]=11111111011111111101111111111110, sa_flags=SA_RESTART|SA_SIGINFO
SIGPIPE: [libjvm.so+0x7d7df4], sa_mask[0]=11111111011111111101111111111110, sa_flags=SA_RESTART|SA_SIGINFO
SIGXFSZ: [libjvm.so+0x7d7df4], sa_mask[0]=11111111011111111101111111111110, sa_flags=SA_RESTART|SA_SIGINFO
SIGILL: [libjvm.so+0x9b98e4], sa_mask[0]=11111111011111111101111111111110, sa_flags=SA_RESTART|SA_SIGINFO
SIGUSR2: [libjvm.so+0x7d7c90], sa_mask[0]=00000000000000000000000000000000, sa_flags=SA_RESTART|SA_SIGINFO
SIGHUP: [libjvm.so+0x7d89f0], sa_mask[0]=11111111011111111101111111111110, sa_flags=SA_RESTART|SA_SIGINFO
SIGINT: [libjvm.so+0x7d89f0], sa_mask[0]=11111111011111111101111111111110, sa_flags=SA_RESTART|SA_SIGINFO
SIGTERM: [libjvm.so+0x7d89f0], sa_mask[0]=11111111011111111101111111111110, sa_flags=SA_RESTART|SA_SIGINFO
SIGQUIT: [libjvm.so+0x7d89f0], sa_mask[0]=11111111011111111101111111111110, sa_flags=SA_RESTART|SA_SIGINFO


---------------  S Y S T E M  ---------------

OS:PRETTY_NAME="Raspbian GNU/Linux 10 (buster)"
NAME="Raspbian GNU/Linux"
VERSION_ID="10"
VERSION="10 (buster)"
VERSION_CODENAME=buster
ID=raspbian
ID_LIKE=debian
HOME_URL="http://www.raspbian.org/"
SUPPORT_URL="http://www.raspbian.org/RaspbianForums"
BUG_REPORT_URL="http://www.raspbian.org/RaspbianBugs"
uname:Linux 5.10.103-v7l+ #1529 SMP Tue Mar 8 12:24:00 GMT 2022 armv7l
OS uptime: 0 days 0:09 hours
libc:glibc 2.28 NPTL 2.28 
rlimit (soft/hard): STACK 8192k/infinity , CORE 0k/infinity , NPROC 60550/60550 , NOFILE 1048576/1048576 , AS infinity/infinity , CPU infinity/infinity , DATA infinity/infinity , FSIZE infinity/infinity , MEMLOCK 65536k/65536k
load average:2,70 3,32 2,07

/proc/meminfo:
MemTotal:        8080188 kB
MemFree:         6071348 kB
MemAvailable:    6576616 kB
Buffers:           45056 kB
Cached:           824720 kB
SwapCached:            0 kB
Active:           301424 kB
Inactive:        1466800 kB
Active(anon):       2056 kB
Inactive(anon):  1052376 kB
Active(file):     299368 kB
Inactive(file):   414424 kB
Unevictable:      131600 kB
Mlocked:              36 kB
HighTotal:       7450624 kB
HighFree:        5574484 kB
LowTotal:         629564 kB
LowFree:          496864 kB
SwapTotal:        102396 kB
SwapFree:         102396 kB
Dirty:               168 kB
Writeback:             0 kB
AnonPages:       1029996 kB
Mapped:           259492 kB
Shmem:            158288 kB
KReclaimable:      24404 kB
Slab:              46148 kB
SReclaimable:      24404 kB
SUnreclaim:        21744 kB
KernelStack:        3304 kB
PageTables:        13540 kB
NFS_Unstable:          0 kB
Bounce:                0 kB
WritebackTmp:          0 kB
CommitLimit:     4142488 kB
Committed_AS:    3158836 kB
VmallocTotal:     245760 kB
VmallocUsed:        5596 kB
VmallocChunk:          0 kB
Percpu:              576 kB
CmaTotal:         327680 kB
CmaFree:          279908 kB

/sys/kernel/mm/transparent_hugepage/enabled:
<Not Available>
/sys/kernel/mm/transparent_hugepage/defrag (defrag/compaction efforts parameter):
<Not Available>

Process Memory:
Virtual Size: 1251308K (peak: 1256452K)
Resident Set Size: 201288K (peak: 201316K) (anon: 186504K, file: 14784K, shmem: 0K)
Swapped out: 0K
C-Heap outstanding allocations: 30343K, retained: 17016K
glibc malloc tunables: (default)

/proc/sys/kernel/threads-max (system-wide limit on the number of threads):
121100
/proc/sys/vm/max_map_count (maximum number of memory map areas a process may have):
65530
/proc/sys/kernel/pid_max (system-wide limit on number of process identifiers):
32768

/etc/ld.so.preload:
/usr/lib/arm-linux-gnueabihf/libarmmem-${PLATFORM}.so

Steal ticks since vm start: 0
Steal ticks percentage since vm start:  0,000

CPU:total 4 (initial active 4) (ARMv7), vfp, vfp3-32, simd, mp_ext

/proc/cpuinfo:
processor	: 0
model name	: ARMv7 Processor rev 3 (v7l)
BogoMIPS	: 270.00
Features	: half thumb fastmult vfp edsp neon vfpv3 tls vfpv4 idiva idivt vfpd32 lpae evtstrm crc32 
CPU implementer	: 0x41
CPU architecture: 7
CPU variant	: 0x0
CPU part	: 0xd08
CPU revision	: 3

processor	: 1
model name	: ARMv7 Processor rev 3 (v7l)
BogoMIPS	: 270.00
Features	: half thumb fastmult vfp edsp neon vfpv3 tls vfpv4 idiva idivt vfpd32 lpae evtstrm crc32 
CPU implementer	: 0x41
CPU architecture: 7
CPU variant	: 0x0
CPU part	: 0xd08
CPU revision	: 3

processor	: 2
model name	: ARMv7 Processor rev 3 (v7l)
BogoMIPS	: 270.00
Features	: half thumb fastmult vfp edsp neon vfpv3 tls vfpv4 idiva idivt vfpd32 lpae evtstrm crc32 
CPU implementer	: 0x41
CPU architecture: 7
CPU variant	: 0x0
CPU part	: 0xd08
CPU revision	: 3

processor	: 3
model name	: ARMv7 Processor rev 3 (v7l)
BogoMIPS	: 270.00
Features	: half thumb fastmult vfp edsp neon vfpv3 tls vfpv4 idiva idivt vfpd32 lpae evtstrm crc32 
CPU implementer	: 0x41
CPU architecture: 7
CPU variant	: 0x0
CPU part	: 0xd08
CPU revision	: 3

Hardware	: BCM2711
Revision	: d03114
Serial		: 10000000eb9aaec4
Model		: Raspberry Pi 4 Model B Rev 1.4
Online cpus:
0-3
Offline cpus:


Memory: 4k page, physical 8080188k(6071348k free), swap 102396k(102396k free)

vm_info: OpenJDK Server VM (11.0.16+8-post-Raspbian-1deb10u1) for linux- JRE (11.0.16+8-post-Raspbian-1deb10u1), built on Jul 21 2022 17:08:53 by "unknown" with gcc 8.3.0

END.
