#
# A fatal error has been detected by the Java Runtime Environment:
#
#  SIGSEGV (0xb) at pc=0x6ae1f028, pid=7079, tid=7407
#
# JRE version: OpenJDK Runtime Environment (11.0.16+8) (build 11.0.16+8-post-Raspbian-1deb10u1)
# Java VM: OpenJDK Server VM (11.0.16+8-post-Raspbian-1deb10u1, mixed mode, g1 gc, linux-)
# Problematic frame:
# C  [libpigpio.so.1+0x23028]
#
# No core dump will be written. Core dumps have been disabled. To enable core dumping, try "ulimit -c unlimited" before starting Java again
#
# If you would like to submit a bug report, please visit:
#   Unknown
# The crash happened outside the Java Virtual Machine in native code.
# See problematic frame for where to report the bug.
#

---------------  S U M M A R Y ------------

Command Line: target/car.parking-0.0.1-SNAPSHOT.jar

Host: rev 3 (v7l), 4 cores, 7G, Raspbian GNU/Linux 10 (buster)
Time: Sat Dec 17 01:01:00 2022 CET elapsed time: 308.650786 seconds (0d 0h 5m 8s)

---------------  T H R E A D  ---------------

Current thread (0x6cd8b000):  JavaThread "pi4j-shutdown" daemon [_thread_in_native, id=7407, stack(0x6a689000,0x6a6d9000)]

Stack: [0x6a689000,0x6a6d9000],  sp=0x6a6d78a8,  free space=314k
Native frames: (J=compiled Java code, A=aot compiled Java code, j=interpreted, Vv=VM code, C=native code)
C  [libpigpio.so.1+0x23028]
C  0x6a6d7a68

Java frames: (J=compiled Java code, j=interpreted, Vv=VM code)
j  com.pi4j.library.pigpio.internal.PIGPIO.gpioTerminate()V+0
j  com.pi4j.library.pigpio.impl.PiGpioNativeImpl.gpioTerminate()V+22
j  com.pi4j.library.pigpio.PiGpio.shutdown()V+1
j  com.pi4j.plugin.pigpio.PiGpioPlugin.shutdown(Lcom/pi4j/context/Context;)V+23
j  com.pi4j.runtime.impl.DefaultRuntime.shutdown()Lcom/pi4j/runtime/Runtime;+87
j  com.pi4j.runtime.impl.DefaultRuntime.lambda$new$2()V+8
j  com.pi4j.runtime.impl.DefaultRuntime$$Lambda$1479.run()V+4
j  java.lang.Thread.run()V+11 java.base@11.0.16
v  ~StubRoutines::call_stub

siginfo: si_signo: 11 (SIGSEGV), si_code: 1 (SEGV_MAPERR), si_addr: 0xb3c02a68

Register to memory mapping:

  r0  = 0x00000000
0x0 is NULL

  r1  = 0x00001000
0x00001000 is an unknown value

  r2  = 0xffffffff
0xffffffff is an unknown value

  r3  = 0xb3c0234c
0xb3c0234c is an unknown value

  r4  = 0xb3c02a64
0xb3c02a64 is an unknown value

  r5  = 0xb3c033dc
0xb3c033dc is an unknown value

  r6  = 0x00000014
0x00000014 is an unknown value

  r7  = 0xb3c02000
0xb3c02000 is an unknown value

  r8  = 0xb6ff3968
0xb6ff3968: __stack_chk_guard+0x00000000 in /lib/ld-linux-armhf.so.3 at 0xb6fc3000

  r9  = 0x6c63a900
{method} {0x6c63a900} 'gpioTerminate' '()V' in 'com/pi4j/library/pigpio/internal/PIGPIO'

  r10 = 0x6cd8b000
0x6cd8b000 is a thread

  fp  = 0x6a6d7a38
0x6a6d7a38 is pointing into the stack for thread: 0x6cd8b000

  r12 = 0x6ae4a2c4
0x6ae4a2c4: <offset 0x0004e2c4> in /usr/lib/libpigpio.so.1 at 0x6adfc000

  sp  = 0x6a6d78a8
0x6a6d78a8 is pointing into the stack for thread: 0x6cd8b000

  lr  = 0x6ae1f034
0x6ae1f034: <offset 0x00023034> in /usr/lib/libpigpio.so.1 at 0x6adfc000

  pc  = 0x6ae1f028
0x6ae1f028: <offset 0x00023028> in /usr/lib/libpigpio.so.1 at 0x6adfc000



Registers:
  r0  = 0x00000000
  r1  = 0x00001000
  r2  = 0xffffffff
  r3  = 0xb3c0234c
  r4  = 0xb3c02a64
  r5  = 0xb3c033dc
  r6  = 0x00000014
  r7  = 0xb3c02000
  r8  = 0xb6ff3968
  r9  = 0x6c63a900
  r10 = 0x6cd8b000
  fp  = 0x6a6d7a38
  r12 = 0x6ae4a2c4
  sp  = 0x6a6d78a8
  lr  = 0x6ae1f034
  pc  = 0x6ae1f028
  cpsr = 0x80000010

Top of Stack: (sp=0x6a6d78a8)
0x6a6d78a8:   6a6d790c b6ff3968 6c9c1830 6babad28
0x6a6d78b8:   6cd8b000 6af137c0 7823b978 6c9c1830
0x6a6d78c8:   6babad28 b3a3609c 00000016 b6d84bfa
0x6a6d78d8:   0000000d 00000000 6caa0790 6a6d7938
0x6a6d78e8:   6a6d7938 6caa07c8 6cd8b000 6a6d7940
0x6a6d78f8:   000000ba 6a6d799c 6a6d791c b6be78a8
0x6a6d7908:   6babf190 b6d7c810 6a6d7938 b6d84bfa
0x6a6d7918:   6a6d796c b663c148 6a6d79d4 6a6d79a4 

Instructions: (pc=0x6ae1f028)
0x6ae1ef28:   0a000001 e3a01024 ebff8544 e59f368c
0x6ae1ef38:   e08f3003 e5930074 e3700001 0a000001
0x6ae1ef48:   e3a01028 ebff853d e59f3674 e79f0003
0x6ae1ef58:   e3700001 0a000001 e3a0101c ebff8537
0x6ae1ef68:   e59f3660 e08f3003 e5930040 e3700001
0x6ae1ef78:   0a000001 e3a01018 ebff8530 e59f3648
0x6ae1ef88:   e3e02000 e08f3003 e59300c8 e5832038
0x6ae1ef98:   e1500002 e5832050 e5832044 e58320c4
0x6ae1efa8:   e583203c e5832078 e5832074 e5832000
0x6ae1efb8:   e5832040 0a000006 e59f2610 e3a030d4
0x6ae1efc8:   e08f2002 e5922004 e0030293 e2831e35
0x6ae1efd8:   ebff851a e59f35f8 e3e02000 e08f3003
0x6ae1efe8:   e59370cc e58320c8 e1570002 0a000015
0x6ae1eff8:   e59f35e0 e08f3003 e5936004 e0863086
0x6ae1f008:   e0863103 e0863103 e37300d4 0a000008
0x6ae1f018:   e3a050d4 e2873fd3 e0253695 e2474004
0x6ae1f028:   e5b40004 e3a01a01 ebff8504 e1540005
0x6ae1f038:   1afffffa e3a010d4 e1a00007 e0010691
0x6ae1f048:   e2811e35 ebff84fd e59f358c e3e02000
0x6ae1f058:   e08f3003 e59370d0 e58320cc e1570002
0x6ae1f068:   0a000010 e59f3574 e08f3003 e5933004
0x6ae1f078:   e3730004 0a000137 e1a06103 e0875006
0x6ae1f088:   e285500c e2474004 e5b40004 e3a01a35
0x6ae1f098:   ebff84ea e1540005 1afffffa e2861010
0x6ae1f0a8:   e1a00007 ebff84e5 e59f3534 e3e01000
0x6ae1f0b8:   e08f3003 e59320d4 e58310d0 e1520001
0x6ae1f0c8:   0a000048 e59f051c e3a01000 e08f0000
0x6ae1f0d8:   ebff8420 e2507000 ba00010d e59f3508
0x6ae1f0e8:   e59f2508 e08f3003 e08f2002 e5934004
0x6ae1f0f8:   e58270d8 e3740004 0a00002f e59250d4
0x6ae1f108:   e59fb4ec e0854204 e2455040 ea000002
0x6ae1f118:   e2444010 e1550004 0a000027 e5943030 


Stack slot to memory mapping:
stack at sp + 0 slots: 0x6a6d790c is pointing into the stack for thread: 0x6cd8b000
stack at sp + 1 slots: 0xb6ff3968: __stack_chk_guard+0x00000000 in /lib/ld-linux-armhf.so.3 at 0xb6fc3000
stack at sp + 2 slots: 0x6c9c1830 points into unknown readable memory: 0x00060048 | 48 00 06 00
stack at sp + 3 slots: 0x6babad28 is a pointer to class: 
com.pi4j.library.pigpio.impl.PiGpioBase {0x6babad28}
stack at sp + 4 slots: 0x6cd8b000 is a thread
stack at sp + 5 slots: 0x6af137c0 is pointing into metadata
stack at sp + 6 slots: 0x7823b978 is an oop: [Ljava.lang.Object; 
{0x7823b978} - klass: 'java/lang/Object'[]
 - length: 2
stack at sp + 7 slots: 0x6c9c1830 points into unknown readable memory: 0x00060048 | 48 00 06 00


---------------  P R O C E S S  ---------------

Threads class SMR info:
_java_thread_list=0x6eab22e0, length=29, elements={
0x70836000, 0x70839800, 0x70843800, 0x70846000,
0x70847800, 0x70849000, 0x7088b000, 0x6da02400,
0x6f21cc00, 0x6e5b2400, 0x6d81bc00, 0x6c299400,
0x6c299c00, 0x6ca4d400, 0x6ca4e400, 0x6c473800,
0x6c474800, 0x6c475c00, 0x6c939800, 0x6c93ac00,
0x6efeb400, 0x6c766000, 0xb5f0f000, 0x70e05400,
0x70e07400, 0x70e08000, 0x6c97ac00, 0x6f645800,
0x6cd8b000
}

Java Threads: ( => current thread )
  0x70836000 JavaThread "Reference Handler" daemon [_thread_blocked, id=7087, stack(0x7112e000,0x7117e000)]
  0x70839800 JavaThread "Finalizer" daemon [_thread_blocked, id=7088, stack(0x70f2e000,0x70f7e000)]
  0x70843800 JavaThread "Signal Dispatcher" daemon [_thread_blocked, id=7089, stack(0x707b0000,0x70800000)]
  0x70846000 JavaThread "Service Thread" daemon [_thread_blocked, id=7090, stack(0x70760000,0x707b0000)]
  0x70847800 JavaThread "C2 CompilerThread0" daemon [_thread_blocked, id=7091, stack(0x70106000,0x70186000)]
  0x70849000 JavaThread "Sweeper thread" daemon [_thread_blocked, id=7092, stack(0x70710000,0x70760000)]
  0x7088b000 JavaThread "Common-Cleaner" daemon [_thread_blocked, id=7094, stack(0x70034000,0x70084000)]
  0x6da02400 JavaThread "HikariPool-1 housekeeper" daemon [_thread_blocked, id=7168, stack(0x6fd30000,0x6fd80000)]
  0x6f21cc00 JavaThread "Catalina-utility-1" [_thread_blocked, id=7170, stack(0x6ebac000,0x6ebfc000)]
  0x6e5b2400 JavaThread "Catalina-utility-2" [_thread_blocked, id=7171, stack(0x6eb5c000,0x6ebac000)]
  0x6d81bc00 JavaThread "container-0" [_thread_blocked, id=7172, stack(0x6eb0c000,0x6eb5c000)]
  0x6c299400 JavaThread "http-nio-192.168.137.153-8080-exec-1" daemon [_thread_blocked, id=7221, stack(0x6ce80000,0x6cf00000)]
  0x6c299c00 JavaThread "http-nio-192.168.137.153-8080-exec-2" daemon [_thread_blocked, id=7222, stack(0x6ce30000,0x6ce80000)]
  0x6ca4d400 JavaThread "http-nio-192.168.137.153-8080-exec-3" daemon [_thread_blocked, id=7223, stack(0x6b4b0000,0x6b500000)]
  0x6ca4e400 JavaThread "http-nio-192.168.137.153-8080-exec-4" daemon [_thread_blocked, id=7224, stack(0x6b460000,0x6b4b0000)]
  0x6c473800 JavaThread "http-nio-192.168.137.153-8080-exec-5" daemon [_thread_blocked, id=7225, stack(0x6b410000,0x6b460000)]
  0x6c474800 JavaThread "http-nio-192.168.137.153-8080-exec-6" daemon [_thread_blocked, id=7226, stack(0x6b3c0000,0x6b410000)]
  0x6c475c00 JavaThread "http-nio-192.168.137.153-8080-exec-7" daemon [_thread_blocked, id=7227, stack(0x6b370000,0x6b3c0000)]
  0x6c939800 JavaThread "http-nio-192.168.137.153-8080-exec-8" daemon [_thread_blocked, id=7228, stack(0x6b320000,0x6b370000)]
  0x6c93ac00 JavaThread "http-nio-192.168.137.153-8080-exec-9" daemon [_thread_blocked, id=7229, stack(0x6b2d0000,0x6b320000)]
  0x6efeb400 JavaThread "http-nio-192.168.137.153-8080-exec-10" daemon [_thread_blocked, id=7230, stack(0x6b280000,0x6b2d0000)]
  0x6c766000 JavaThread "http-nio-192.168.137.153-8080-Poller" daemon [_thread_in_native, id=7231, stack(0x6b230000,0x6b280000)]
  0xb5f0f000 JavaThread "DestroyJavaVM" [_thread_blocked, id=7080, stack(0xb608f000,0xb60df000)]
  0x70e05400 JavaThread "SIGTERM handler" daemon [_thread_blocked, id=7396, stack(0x6a8b9000,0x6a939000)]
  0x70e07400 JavaThread "SIGTERM handler" daemon [_thread_blocked, id=7397, stack(0x6a869000,0x6a8b9000)]
  0x70e08000 JavaThread "SIGHUP handler" daemon [_thread_blocked, id=7398, stack(0x6a819000,0x6a869000)]
  0x6c97ac00 JavaThread "Thread-1" [_thread_blocked, id=7400, stack(0x6a7c9000,0x6a819000)]
  0x6f645800 JavaThread "SpringApplicationShutdownHook" [_thread_in_vm, id=7401, stack(0x6a779000,0x6a7c9000)]
=>0x6cd8b000 JavaThread "pi4j-shutdown" daemon [_thread_in_native, id=7407, stack(0x6a689000,0x6a6d9000)]

Other Threads:
  0x70830c00 VMThread "VM Thread" [stack: 0x70934000,0x709b4000] [id=7086]
  0x70887c00 WatcherThread [stack: 0x70086000,0x70106000] [id=7093]
  0xb5f23400 GCTaskThread "GC Thread#0" [stack: 0xb3cb0000,0xb3d30000] [id=7081]
  0x70600c00 GCTaskThread "GC Thread#1" [stack: 0x6f980000,0x6fa00000] [id=7106]
  0x70610000 GCTaskThread "GC Thread#2" [stack: 0x6ed80000,0x6ee00000] [id=7124]
  0x70611000 GCTaskThread "GC Thread#3" [stack: 0x6ecfe000,0x6ed7e000] [id=7125]
  0xb5f78800 ConcurrentGCThread "G1 Main Marker" [stack: 0xb3c2e000,0xb3cae000] [id=7082]
  0xb5f79c00 ConcurrentGCThread "G1 Conc#0" [stack: 0xb3a80000,0xb3b00000] [id=7083]
  0xb5fe1400 ConcurrentGCThread "G1 Refine#0" [stack: 0x71180000,0x71200000] [id=7084]
  0xb5fe2800 ConcurrentGCThread "G1 Young RemSet Sampling" [stack: 0x70f80000,0x71000000] [id=7085]

Threads with active compile tasks:

VM state:not at safepoint (normal execution)

VM Mutex/Monitor currently owned by a thread: None

Heap:
 garbage-first heap   total 94208K, used 45056K [0x73a00000, 0xb3a00000)
  region size 1024K, 23 young (23552K), 3 survivors (3072K)
 Metaspace       used 45652K, capacity 46579K, committed 46592K, reserved 47408K
Heap Regions: E=young(eden), S=young(survivor), O=old, HS=humongous(starts), HC=humongous(continues), CS=collection set, F=free, A=archive, TAMS=top-at-mark-start (previous, next)
|   0|0x73a00000, 0x73b00000, 0x73b00000|100%| O|  |TAMS 0x73b00000, 0x73a00000| Untracked 
|   1|0x73b00000, 0x73c00000, 0x73c00000|100%| O|  |TAMS 0x73c00000, 0x73b00000| Untracked 
|   2|0x73c00000, 0x73d00000, 0x73d00000|100%| O|  |TAMS 0x73d00000, 0x73c00000| Untracked 
|   3|0x73d00000, 0x73e00000, 0x73e00000|100%| O|  |TAMS 0x73e00000, 0x73d00000| Untracked 
|   4|0x73e00000, 0x73f00000, 0x73f00000|100%| O|  |TAMS 0x73f00000, 0x73e00000| Untracked 
|   5|0x73f00000, 0x74000000, 0x74000000|100%| O|  |TAMS 0x74000000, 0x73f00000| Untracked 
|   6|0x74000000, 0x74100000, 0x74100000|100%| O|  |TAMS 0x74100000, 0x74000000| Untracked 
|   7|0x74100000, 0x74200000, 0x74200000|100%| O|  |TAMS 0x74200000, 0x74100000| Untracked 
|   8|0x74200000, 0x74300000, 0x74300000|100%| O|  |TAMS 0x74300000, 0x74200000| Untracked 
|   9|0x74300000, 0x74400000, 0x74400000|100%| O|  |TAMS 0x74400000, 0x74300000| Untracked 
|  10|0x74400000, 0x74500000, 0x74500000|100%| O|  |TAMS 0x74500000, 0x74400000| Untracked 
|  11|0x74500000, 0x74600000, 0x74600000|100%| O|  |TAMS 0x74600000, 0x74500000| Untracked 
|  12|0x74600000, 0x74700000, 0x74700000|100%| O|  |TAMS 0x74700000, 0x74600000| Untracked 
|  13|0x74700000, 0x74800000, 0x74800000|100%| O|  |TAMS 0x74800000, 0x74700000| Untracked 
|  14|0x74800000, 0x74900000, 0x74900000|100%| O|  |TAMS 0x74900000, 0x74800000| Untracked 
|  15|0x74900000, 0x74a00000, 0x74a00000|100%| O|  |TAMS 0x74a00000, 0x74900000| Untracked 
|  16|0x74a00000, 0x74b00000, 0x74b00000|100%| O|  |TAMS 0x74b00000, 0x74a00000| Untracked 
|  17|0x74b00000, 0x74c00000, 0x74c00000|100%| O|  |TAMS 0x74c00000, 0x74b00000| Untracked 
|  18|0x74c00000, 0x74d00000, 0x74d00000|100%| O|  |TAMS 0x74d00000, 0x74c00000| Untracked 
|  19|0x74d00000, 0x74e00000, 0x74e00000|100%| O|  |TAMS 0x74e00000, 0x74d00000| Untracked 
|  20|0x74e00000, 0x74f00000, 0x74f00000|100%| O|  |TAMS 0x74f00000, 0x74e00000| Untracked 
|  21|0x74f00000, 0x75000000, 0x75000000|100%| O|  |TAMS 0x75000000, 0x74f00000| Untracked 
|  22|0x75000000, 0x75000000, 0x75100000|  0%| F|  |TAMS 0x75000000, 0x75000000| Untracked 
|  23|0x75100000, 0x75100000, 0x75200000|  0%| F|  |TAMS 0x75100000, 0x75100000| Untracked 
|  24|0x75200000, 0x75200000, 0x75300000|  0%| F|  |TAMS 0x75200000, 0x75200000| Untracked 
|  25|0x75300000, 0x75300000, 0x75400000|  0%| F|  |TAMS 0x75300000, 0x75300000| Untracked 
|  26|0x75400000, 0x75400000, 0x75500000|  0%| F|  |TAMS 0x75400000, 0x75400000| Untracked 
|  27|0x75500000, 0x75500000, 0x75600000|  0%| F|  |TAMS 0x75500000, 0x75500000| Untracked 
|  28|0x75600000, 0x75600000, 0x75700000|  0%| F|  |TAMS 0x75600000, 0x75600000| Untracked 
|  29|0x75700000, 0x75700000, 0x75800000|  0%| F|  |TAMS 0x75700000, 0x75700000| Untracked 
|  30|0x75800000, 0x75800000, 0x75900000|  0%| F|  |TAMS 0x75800000, 0x75800000| Untracked 
|  31|0x75900000, 0x75900000, 0x75a00000|  0%| F|  |TAMS 0x75900000, 0x75900000| Untracked 
|  32|0x75a00000, 0x75a00000, 0x75b00000|  0%| F|  |TAMS 0x75a00000, 0x75a00000| Untracked 
|  33|0x75b00000, 0x75b00000, 0x75c00000|  0%| F|  |TAMS 0x75b00000, 0x75b00000| Untracked 
|  34|0x75c00000, 0x75c00000, 0x75d00000|  0%| F|  |TAMS 0x75c00000, 0x75c00000| Untracked 
|  35|0x75d00000, 0x75d00000, 0x75e00000|  0%| F|  |TAMS 0x75d00000, 0x75d00000| Untracked 
|  36|0x75e00000, 0x75e00000, 0x75f00000|  0%| F|  |TAMS 0x75e00000, 0x75e00000| Untracked 
|  37|0x75f00000, 0x75f00000, 0x76000000|  0%| F|  |TAMS 0x75f00000, 0x75f00000| Untracked 
|  38|0x76000000, 0x76000000, 0x76100000|  0%| F|  |TAMS 0x76000000, 0x76000000| Untracked 
|  39|0x76100000, 0x76100000, 0x76200000|  0%| F|  |TAMS 0x76100000, 0x76100000| Untracked 
|  40|0x76200000, 0x76200000, 0x76300000|  0%| F|  |TAMS 0x76200000, 0x76200000| Untracked 
|  41|0x76300000, 0x76300000, 0x76400000|  0%| F|  |TAMS 0x76300000, 0x76300000| Untracked 
|  42|0x76400000, 0x76400000, 0x76500000|  0%| F|  |TAMS 0x76400000, 0x76400000| Untracked 
|  43|0x76500000, 0x76500000, 0x76600000|  0%| F|  |TAMS 0x76500000, 0x76500000| Untracked 
|  44|0x76600000, 0x76600000, 0x76700000|  0%| F|  |TAMS 0x76600000, 0x76600000| Untracked 
|  45|0x76700000, 0x76700000, 0x76800000|  0%| F|  |TAMS 0x76700000, 0x76700000| Untracked 
|  46|0x76800000, 0x76800000, 0x76900000|  0%| F|  |TAMS 0x76800000, 0x76800000| Untracked 
|  47|0x76900000, 0x76900000, 0x76a00000|  0%| F|  |TAMS 0x76900000, 0x76900000| Untracked 
|  48|0x76a00000, 0x76a00000, 0x76b00000|  0%| F|  |TAMS 0x76a00000, 0x76a00000| Untracked 
|  49|0x76b00000, 0x76b00000, 0x76c00000|  0%| F|  |TAMS 0x76b00000, 0x76b00000| Untracked 
|  50|0x76c00000, 0x76c00000, 0x76d00000|  0%| F|  |TAMS 0x76c00000, 0x76c00000| Untracked 
|  51|0x76d00000, 0x76d00000, 0x76e00000|  0%| F|  |TAMS 0x76d00000, 0x76d00000| Untracked 
|  52|0x76e00000, 0x76e00000, 0x76f00000|  0%| F|  |TAMS 0x76e00000, 0x76e00000| Untracked 
|  53|0x76f00000, 0x76f00000, 0x77000000|  0%| F|  |TAMS 0x76f00000, 0x76f00000| Untracked 
|  54|0x77000000, 0x77100000, 0x77100000|100%| S|CS|TAMS 0x77000000, 0x77000000| Complete 
|  55|0x77100000, 0x77200000, 0x77200000|100%| S|CS|TAMS 0x77100000, 0x77100000| Complete 
|  56|0x77200000, 0x77300000, 0x77300000|100%| S|CS|TAMS 0x77200000, 0x77200000| Complete 
|  57|0x77300000, 0x77300000, 0x77400000|  0%| F|  |TAMS 0x77300000, 0x77300000| Untracked 
|  58|0x77400000, 0x77400000, 0x77500000|  0%| F|  |TAMS 0x77400000, 0x77400000| Untracked 
|  59|0x77500000, 0x77500000, 0x77600000|  0%| F|  |TAMS 0x77500000, 0x77500000| Untracked 
|  60|0x77600000, 0x77600000, 0x77700000|  0%| F|  |TAMS 0x77600000, 0x77600000| Untracked 
|  61|0x77700000, 0x77700000, 0x77800000|  0%| F|  |TAMS 0x77700000, 0x77700000| Untracked 
|  62|0x77800000, 0x77800000, 0x77900000|  0%| F|  |TAMS 0x77800000, 0x77800000| Untracked 
|  63|0x77900000, 0x77900000, 0x77a00000|  0%| F|  |TAMS 0x77900000, 0x77900000| Untracked 
|  64|0x77a00000, 0x77a00000, 0x77b00000|  0%| F|  |TAMS 0x77a00000, 0x77a00000| Untracked 
|  65|0x77b00000, 0x77b00000, 0x77c00000|  0%| F|  |TAMS 0x77b00000, 0x77b00000| Untracked 
|  66|0x77c00000, 0x77c00000, 0x77d00000|  0%| F|  |TAMS 0x77c00000, 0x77c00000| Untracked 
|  67|0x77d00000, 0x77d00000, 0x77e00000|  0%| F|  |TAMS 0x77d00000, 0x77d00000| Untracked 
|  68|0x77e00000, 0x77e00000, 0x77f00000|  0%| F|  |TAMS 0x77e00000, 0x77e00000| Untracked 
|  69|0x77f00000, 0x77f00000, 0x78000000|  0%| F|  |TAMS 0x77f00000, 0x77f00000| Untracked 
|  70|0x78000000, 0x78000000, 0x78100000|  0%| F|  |TAMS 0x78000000, 0x78000000| Untracked 
|  71|0x78100000, 0x78100000, 0x78200000|  0%| F|  |TAMS 0x78100000, 0x78100000| Untracked 
|  72|0x78200000, 0x78300000, 0x78300000|100%| E|  |TAMS 0x78200000, 0x78200000| Complete 
|  73|0x78300000, 0x78400000, 0x78400000|100%| E|CS|TAMS 0x78300000, 0x78300000| Complete 
|  74|0x78400000, 0x78500000, 0x78500000|100%| E|CS|TAMS 0x78400000, 0x78400000| Complete 
|  75|0x78500000, 0x78600000, 0x78600000|100%| E|CS|TAMS 0x78500000, 0x78500000| Complete 
|  76|0x78600000, 0x78700000, 0x78700000|100%| E|CS|TAMS 0x78600000, 0x78600000| Complete 
|  77|0x78700000, 0x78800000, 0x78800000|100%| E|CS|TAMS 0x78700000, 0x78700000| Complete 
|  78|0x78800000, 0x78900000, 0x78900000|100%| E|CS|TAMS 0x78800000, 0x78800000| Complete 
|  79|0x78900000, 0x78a00000, 0x78a00000|100%| E|CS|TAMS 0x78900000, 0x78900000| Complete 
|  80|0x78a00000, 0x78b00000, 0x78b00000|100%| E|CS|TAMS 0x78a00000, 0x78a00000| Complete 
|  81|0x78b00000, 0x78c00000, 0x78c00000|100%| E|CS|TAMS 0x78b00000, 0x78b00000| Complete 
|  82|0x78c00000, 0x78d00000, 0x78d00000|100%| E|CS|TAMS 0x78c00000, 0x78c00000| Complete 
|  83|0x78d00000, 0x78e00000, 0x78e00000|100%| E|CS|TAMS 0x78d00000, 0x78d00000| Complete 
|  84|0x78e00000, 0x78f00000, 0x78f00000|100%| E|CS|TAMS 0x78e00000, 0x78e00000| Complete 
|  85|0x78f00000, 0x79000000, 0x79000000|100%| E|CS|TAMS 0x78f00000, 0x78f00000| Complete 
|  86|0x79000000, 0x79100000, 0x79100000|100%| E|CS|TAMS 0x79000000, 0x79000000| Complete 
|  87|0x79100000, 0x79200000, 0x79200000|100%| E|CS|TAMS 0x79100000, 0x79100000| Complete 
|  88|0x79200000, 0x79300000, 0x79300000|100%| E|CS|TAMS 0x79200000, 0x79200000| Complete 
|  89|0x79300000, 0x79400000, 0x79400000|100%| E|CS|TAMS 0x79300000, 0x79300000| Complete 
|  90|0x79400000, 0x79500000, 0x79500000|100%| E|CS|TAMS 0x79400000, 0x79400000| Complete 
|  91|0x79500000, 0x79600000, 0x79600000|100%| E|CS|TAMS 0x79500000, 0x79500000| Complete 

Card table byte_map: [0x73600000,0x73800000] _byte_map_base: 0x73263000

Marking Bits (Prev, Next): (CMBitMap*) 0xb5f75d48, (CMBitMap*) 0xb5f75d2c
 Prev Bits: [0x71400000, 0x72400000)
 Next Bits: [0x72400000, 0x73400000)

Polling page: 0xb6fee000

Metaspace:

Usage:
   45,49 MB capacity,    44,59 MB ( 98%) used,   623,09 KB (  1%) free+waste,   297,03 KB ( <1%) overhead. 

Virtual space:
     46,30 MB reserved,      45,50 MB ( 98%) committed 

Chunk freelists:
12,50 KB

MaxMetaspaceSize: unlimited
No class space
Initial GC threshold: 16,00 MB
Current GC threshold: 75,42 MB
CDS: off

CodeCache: size=32768Kb used=3478Kb max_used=3498Kb free=29289Kb
 bounds [0xb3d70000, 0xb40e0000, 0xb5d70000]
 total_blobs=1500 nmethods=1291 adapters=162
 compilation: enabled
              stopped_count=0, restarted_count=0
 full_count=0

Compilation events (20 events):
Event: 38,982 Thread 0x70847800 1271             java.lang.Class::getReflectionFactory (26 bytes)
Event: 38,984 Thread 0x70847800 nmethod 1271 0xb40bd708 code [0xb40bd800, 0xb40bd86c]
Event: 38,989 Thread 0x70847800 1272  s          java.io.ByteArrayOutputStream::write (43 bytes)
Event: 38,997 Thread 0x70847800 nmethod 1272 0xb40c5688 code [0xb40c57a0, 0xb40c5b58]
Event: 38,997 Thread 0x70847800 1273             java.util.Objects::checkFromIndexSize (8 bytes)
Event: 38,998 Thread 0x70847800 nmethod 1273 0xb40c7508 code [0xb40c7600, 0xb40c769c]
Event: 39,029 Thread 0x70847800 1274   !         java.lang.reflect.ProxyGenerator::generateClassFile (691 bytes)
Event: 40,240 Thread 0x70847800 nmethod 1274 0xb40d0008 code [0xb40d08c0, 0xb40d7264]
Event: 40,241 Thread 0x70847800 1275             java.lang.reflect.ProxyGenerator$ConstantPool::getNameAndType (30 bytes)
Event: 40,241 Thread 0x6f82ec00 1276             java.lang.invoke.MethodType::<init> (15 bytes)
Event: 40,245 Thread 0x6f82ec00 nmethod 1276 0xb40c6888 code [0xb40c6980, 0xb40c6b9c]
Event: 40,245 Thread 0x6f82ec00 1277             java.lang.invoke.MethodType::makeImpl (108 bytes)
Event: 40,262 Thread 0x70847800 nmethod 1275 0xb40cd788 code [0xb40cd900, 0xb40cde2c]
Event: 40,262 Thread 0x70847800 1282             java.lang.invoke.LambdaForm::useCount (90 bytes)
Event: 40,280 Thread 0x70847800 nmethod 1282 0xb40c5d88 code [0xb40c5ea0, 0xb40c626c]
Event: 40,281 Thread 0x70847800 1285             jdk.internal.org.objectweb.asm.MethodWriter::visitVarInsn (300 bytes)
Event: 40,296 Thread 0x70847800 nmethod 1285 0xb40ccd08 code [0xb40cce50, 0xb40cd300]
Event: 40,296 Thread 0x70847800 1290             java.lang.invoke.MethodHandle::type (5 bytes)
Event: 40,297 Thread 0x70847800 nmethod 1290 0xb40c3d88 code [0xb40c3e80, 0xb40c3edc]
Event: 40,318 Thread 0x6f82ec00 nmethod 1277 0xb40ce788 code [0xb40ce990, 0xb40cf904]

GC Heap History (20 events):
Event: 17,808 GC heap before
{Heap before GC invocations=17 (full 0):
 garbage-first heap   total 83968K, used 48845K [0x73a00000, 0xb3a00000)
  region size 1024K, 38 young (38912K), 4 survivors (4096K)
 Metaspace       used 27109K, capacity 27517K, committed 27520K, reserved 27952K
}
Event: 17,838 GC heap after
{Heap after GC invocations=18 (full 0):
 garbage-first heap   total 83968K, used 15561K [0x73a00000, 0xb3a00000)
  region size 1024K, 5 young (5120K), 5 survivors (5120K)
 Metaspace       used 27109K, capacity 27517K, committed 27520K, reserved 27952K
}
Event: 19,724 GC heap before
{Heap before GC invocations=19 (full 0):
 garbage-first heap   total 83968K, used 60617K [0x73a00000, 0xb3a00000)
  region size 1024K, 49 young (50176K), 5 survivors (5120K)
 Metaspace       used 29497K, capacity 29928K, committed 29952K, reserved 30000K
}
Event: 19,762 GC heap after
{Heap after GC invocations=20 (full 0):
 garbage-first heap   total 89088K, used 16298K [0x73a00000, 0xb3a00000)
  region size 1024K, 4 young (4096K), 4 survivors (4096K)
 Metaspace       used 29497K, capacity 29928K, committed 29952K, reserved 30000K
}
Event: 21,534 GC heap before
{Heap before GC invocations=20 (full 0):
 garbage-first heap   total 89088K, used 64426K [0x73a00000, 0xb3a00000)
  region size 1024K, 51 young (52224K), 4 survivors (4096K)
 Metaspace       used 32342K, capacity 32816K, committed 32896K, reserved 33072K
}
Event: 21,555 GC heap after
{Heap after GC invocations=21 (full 0):
 garbage-first heap   total 89088K, used 17155K [0x73a00000, 0xb3a00000)
  region size 1024K, 5 young (5120K), 5 survivors (5120K)
 Metaspace       used 32342K, capacity 32816K, committed 32896K, reserved 33072K
}
Event: 22,913 GC heap before
{Heap before GC invocations=21 (full 0):
 garbage-first heap   total 89088K, used 65283K [0x73a00000, 0xb3a00000)
  region size 1024K, 52 young (53248K), 5 survivors (5120K)
 Metaspace       used 35426K, capacity 35948K, committed 35968K, reserved 36144K
}
Event: 22,936 GC heap after
{Heap after GC invocations=22 (full 0):
 garbage-first heap   total 89088K, used 18068K [0x73a00000, 0xb3a00000)
  region size 1024K, 4 young (4096K), 4 survivors (4096K)
 Metaspace       used 35426K, capacity 35948K, committed 35968K, reserved 36144K
}
Event: 25,293 GC heap before
{Heap before GC invocations=22 (full 0):
 garbage-first heap   total 89088K, used 67220K [0x73a00000, 0xb3a00000)
  region size 1024K, 52 young (53248K), 4 survivors (4096K)
 Metaspace       used 38042K, capacity 38572K, committed 38656K, reserved 39216K
}
Event: 25,313 GC heap after
{Heap after GC invocations=23 (full 0):
 garbage-first heap   total 89088K, used 19601K [0x73a00000, 0xb3a00000)
  region size 1024K, 5 young (5120K), 5 survivors (5120K)
 Metaspace       used 38042K, capacity 38572K, committed 38656K, reserved 39216K
}
Event: 27,466 GC heap before
{Heap before GC invocations=23 (full 0):
 garbage-first heap   total 89088K, used 67729K [0x73a00000, 0xb3a00000)
  region size 1024K, 52 young (53248K), 5 survivors (5120K)
 Metaspace       used 39936K, capacity 40562K, committed 40576K, reserved 41264K
}
Event: 27,486 GC heap after
{Heap after GC invocations=24 (full 0):
 garbage-first heap   total 94208K, used 21059K [0x73a00000, 0xb3a00000)
  region size 1024K, 5 young (5120K), 5 survivors (5120K)
 Metaspace       used 39936K, capacity 40562K, committed 40576K, reserved 41264K
}
Event: 29,131 GC heap before
{Heap before GC invocations=24 (full 0):
 garbage-first heap   total 94208K, used 71235K [0x73a00000, 0xb3a00000)
  region size 1024K, 54 young (55296K), 5 survivors (5120K)
 Metaspace       used 41133K, capacity 41801K, committed 41856K, reserved 42288K
}
Event: 29,153 GC heap after
{Heap after GC invocations=25 (full 0):
 garbage-first heap   total 94208K, used 22956K [0x73a00000, 0xb3a00000)
  region size 1024K, 6 young (6144K), 6 survivors (6144K)
 Metaspace       used 41133K, capacity 41801K, committed 41856K, reserved 42288K
}
Event: 30,715 GC heap before
{Heap before GC invocations=25 (full 0):
 garbage-first heap   total 94208K, used 73132K [0x73a00000, 0xb3a00000)
  region size 1024K, 55 young (56320K), 6 survivors (6144K)
 Metaspace       used 42357K, capacity 43059K, committed 43136K, reserved 43312K
}
Event: 30,748 GC heap after
{Heap after GC invocations=26 (full 0):
 garbage-first heap   total 94208K, used 24496K [0x73a00000, 0xb3a00000)
  region size 1024K, 5 young (5120K), 5 survivors (5120K)
 Metaspace       used 42357K, capacity 43059K, committed 43136K, reserved 43312K
}
Event: 37,965 GC heap before
{Heap before GC invocations=26 (full 0):
 garbage-first heap   total 94208K, used 74672K [0x73a00000, 0xb3a00000)
  region size 1024K, 54 young (55296K), 5 survivors (5120K)
 Metaspace       used 44254K, capacity 45110K, committed 45184K, reserved 45360K
}
Event: 37,997 GC heap after
{Heap after GC invocations=27 (full 0):
 garbage-first heap   total 94208K, used 25320K [0x73a00000, 0xb3a00000)
  region size 1024K, 5 young (5120K), 5 survivors (5120K)
 Metaspace       used 44254K, capacity 45110K, committed 45184K, reserved 45360K
}
Event: 38,811 GC heap before
{Heap before GC invocations=27 (full 0):
 garbage-first heap   total 94208K, used 60136K [0x73a00000, 0xb3a00000)
  region size 1024K, 40 young (40960K), 5 survivors (5120K)
 Metaspace       used 45199K, capacity 46076K, committed 46080K, reserved 46384K
}
Event: 38,841 GC heap after
{Heap after GC invocations=28 (full 0):
 garbage-first heap   total 94208K, used 25600K [0x73a00000, 0xb3a00000)
  region size 1024K, 3 young (3072K), 3 survivors (3072K)
 Metaspace       used 45199K, capacity 46076K, committed 46080K, reserved 46384K
}

Deoptimization events (20 events):
Event: 308,472 Thread 0x70843800 Uncommon trap: trap_request=0xffffffde fr.pc=0xb3e788a0 relative=0x00000400
Event: 308,472 Thread 0x70843800 Uncommon trap: reason=class_check action=maybe_recompile pc=0xb3e788a0 method=java.util.Hashtable.get(Ljava/lang/Object;)Ljava/lang/Object; @ 6 c2
Event: 308,472 Thread 0x70843800 DEOPT PACKING pc=0xb3e788a0 sp=0x707fea20
Event: 308,472 Thread 0x70843800 DEOPT UNPACKING pc=0xb3d9fbfc sp=0x707fe9f8 mode 2
Event: 308,473 Thread 0x70843800 Uncommon trap: trap_request=0xffffffde fr.pc=0xb3e788a0 relative=0x00000400
Event: 308,473 Thread 0x70843800 Uncommon trap: reason=class_check action=maybe_recompile pc=0xb3e788a0 method=java.util.Hashtable.get(Ljava/lang/Object;)Ljava/lang/Object; @ 6 c2
Event: 308,473 Thread 0x70843800 DEOPT PACKING pc=0xb3e788a0 sp=0x707fea20
Event: 308,473 Thread 0x70843800 DEOPT UNPACKING pc=0xb3d9fbfc sp=0x707fe9f8 mode 2
Event: 308,619 Thread 0x6ca9f000 Uncommon trap: trap_request=0xffffffc6 fr.pc=0xb4078f34 relative=0x00001084
Event: 308,619 Thread 0x6ca9f000 Uncommon trap: reason=bimorphic action=maybe_recompile pc=0xb4078f34 method=java.util.concurrent.ConcurrentHashMap.putVal(Ljava/lang/Object;Ljava/lang/Object;Z)Ljava/lang/Object; @ 242 c2
Event: 308,619 Thread 0x6ca9f000 DEOPT PACKING pc=0xb4078f34 sp=0x6a727208
Event: 308,619 Thread 0x6ca9f000 DEOPT UNPACKING pc=0xb3d9fbfc sp=0x6a7271d8 mode 2
Event: 308,637 Thread 0x6f645800 Uncommon trap: trap_request=0xffffff4d fr.pc=0xb3f98668 relative=0x00000558
Event: 308,637 Thread 0x6f645800 Uncommon trap: reason=unstable_if action=reinterpret pc=0xb3f98668 method=sun.net.www.ParseUtil.encodePath(Ljava/lang/String;Z)Ljava/lang/String; @ 1 c2
Event: 308,637 Thread 0x6f645800 DEOPT PACKING pc=0xb3f98668 sp=0x6a7c7448
Event: 308,637 Thread 0x6f645800 DEOPT UNPACKING pc=0xb3d9fbfc sp=0x6a7c7434 mode 2
Event: 308,637 Thread 0x6f645800 Uncommon trap: trap_request=0xffffff4d fr.pc=0xb3dcd904 relative=0x00000084
Event: 308,637 Thread 0x6f645800 Uncommon trap: reason=unstable_if action=reinterpret pc=0xb3dcd904 method=java.net.URI.match(CJJ)Z @ 19 c2
Event: 308,637 Thread 0x6f645800 DEOPT PACKING pc=0xb3dcd904 sp=0x6a7c7250
Event: 308,637 Thread 0x6f645800 DEOPT UNPACKING pc=0xb3d9fbfc sp=0x6a7c7238 mode 2

Classes redefined (0 events):
No events

Internal exceptions (20 events):
Event: 28,916 Thread 0xb5f0f000 Exception <a 'java/lang/ClassNotFoundException'{0x76a49230}: org/springframework/context/SmartLifecycleCustomizer> (0x76a49230) thrown at [src/hotspot/share/classfile/systemDictionary.cpp, line 230]
Event: 28,919 Thread 0xb5f0f000 Exception <a 'java/lang/ClassNotFoundException'{0x76a8ff88}: org/springframework/context/LifecycleCustomizer> (0x76a8ff88) thrown at [src/hotspot/share/classfile/systemDictionary.cpp, line 230]
Event: 28,921 Thread 0xb5f0f000 Exception <a 'java/lang/ClassNotFoundException'{0x76ad4f58}: org/springframework/context/PhasedCustomizer> (0x76ad4f58) thrown at [src/hotspot/share/classfile/systemDictionary.cpp, line 230]
Event: 29,605 Thread 0xb5f0f000 Exception <a 'java/lang/NoSuchMethodError'{0x78569a20}: 'void java.lang.invoke.DirectMethodHandle$Holder.invokeVirtual(java.lang.Object, java.lang.Object, int)'> (0x78569a20) thrown at [src/hotspot/share/interpreter/linkResolver.cpp, line 773]
Event: 29,619 Thread 0xb5f0f000 Exception <a 'java/lang/NoSuchMethodError'{0x78583968}: 'void java.lang.invoke.DirectMethodHandle$Holder.invokeVirtual(java.lang.Object, java.lang.Object, long)'> (0x78583968) thrown at [src/hotspot/share/interpreter/linkResolver.cpp, line 773]
Event: 30,168 Thread 0xb5f0f000 Exception <a 'java/lang/IncompatibleClassChangeError'{0x77505bd0}: Found class java.lang.Object, but interface was expected> (0x77505bd0) thrown at [src/hotspot/share/interpreter/linkResolver.cpp, line 839]
Event: 30,294 Thread 0xb5f0f000 Exception <a 'java/lang/NoSuchMethodError'{0x77049b78}: 'int java.lang.invoke.DirectMethodHandle$Holder.invokeStaticInit(java.lang.Object, java.lang.Object, java.lang.Object, java.lang.Object)'> (0x77049b78) thrown at [src/hotspot/share/interpreter/linkResolver.cpp, line 773]
Event: 30,667 Thread 0xb5f0f000 Exception <a 'java/lang/NoSuchMethodError'{0x768188a8}: 'java.lang.Object java.lang.invoke.DirectMethodHandle$Holder.invokeSpecial(java.lang.Object, java.lang.Object, int, java.lang.Object, int, java.lang.Object)'> (0x768188a8) thrown at [src/hotspot/share/interpreter/linkResolver.cpp, line 773]
Event: 30,669 Thread 0xb5f0f000 Exception <a 'java/lang/NoSuchMethodError'{0x76820788}: 'java.lang.Object java.lang.invoke.DirectMethodHandle$Holder.invokeStatic(java.lang.Object, java.lang.Object, int, java.lang.Object, int)'> (0x76820788) thrown at [src/hotspot/share/interpreter/linkResolver.cpp, line 773]
Event: 30,670 Thread 0xb5f0f000 Exception <a 'java/lang/NoSuchMethodError'{0x76823f08}: 'java.lang.Object java.lang.invoke.DirectMethodHandle$Holder.invokeSpecial(java.lang.Object, java.lang.Object, java.lang.Object, int, java.lang.Object, int)'> (0x76823f08) thrown at [src/hotspot/share/interpreter/linkResolver.cpp, line 773]
Event: 30,673 Thread 0xb5f0f000 Exception <a 'java/lang/NoSuchMethodError'{0x76839b60}: 'void java.lang.invoke.DirectMethodHandle$Holder.invokeVirtual(java.lang.Object, java.lang.Object)'> (0x76839b60) thrown at [src/hotspot/share/interpreter/linkResolver.cpp, line 773]
Event: 31,200 Thread 0xb5f0f000 Implicit null exception at 0xb3f8bef4 to 0xb3f8bf94
Event: 31,551 Thread 0xb5f0f000 Exception <a 'java/lang/NoSuchMethodError'{0x77c31c30}: 'java.lang.Object java.lang.invoke.Invokers$Holder.linkToTargetMethod(java.lang.Object, java.lang.Object, java.lang.Object, java.lang.Object, java.lang.Object, java.lang.Object, java.lang.Object)'> (0x77c31c30) thrown at [src/hotspot/share/interpreter/linkResolver.cpp, line 773]
Event: 32,013 Thread 0xb5f0f000 Exception <a 'java/lang/NoSuchMethodError'{0x7731d168}: 'java.lang.Object java.lang.invoke.DirectMethodHandle$Holder.invokeStatic(java.lang.Object, java.lang.Object, java.lang.Object, int)'> (0x7731d168) thrown at [src/hotspot/share/interpreter/linkResolver.cpp, line 773]
Event: 32,014 Thread 0xb5f0f000 Exception <a 'java/lang/NoSuchMethodError'{0x77320bb8}: 'java.lang.Object java.lang.invoke.DirectMethodHandle$Holder.invokeSpecial(java.lang.Object, java.lang.Object, java.lang.Object, java.lang.Object, int)'> (0x77320bb8) thrown at [src/hotspot/share/interpreter/linkResolver.cpp, line 773]
Event: 32,015 Thread 0xb5f0f000 Exception <a 'java/lang/NoSuchMethodError'{0x77323b50}: 'java.lang.Object java.lang.invoke.Invokers$Holder.linkToTargetMethod(java.lang.Object, java.lang.Object, int, java.lang.Object)'> (0x77323b50) thrown at [src/hotspot/share/interpreter/linkResolver.cpp, line 773]
Event: 39,213 Thread 0x6c299400 Exception <a 'java/lang/NoSuchMethodError'{0x78c7fab8}: 'java.lang.Object java.lang.invoke.DirectMethodHandle$Holder.invokeStatic(java.lang.Object, java.lang.Object, java.lang.Object, java.lang.Object, java.lang.Object, java.lang.Object, java.lang.Object, java.lang.Object, java.lang.Object, java.lang.Object, java.lang.Object, java.lang.Object, java.lang.Object, int)'> (0x78c7fab8) thrown at [src/hotspot/share/interpreter/linkResolver.cpp, line 773]
Event: 39,220 Thread 0x6c299400 Exception <a 'java/lang/NoSuchMethodError'{0x78c8ca78}: 'java.lang.Object java.lang.invoke.DirectMethodHandle$Holder.invokeStatic(java.lang.Object, java.lang.Object, java.lang.Object, java.lang.Object, java.lang.Object, java.lang.Object, java.lang.Object, java.lang.Object, java.lang.Object, java.lang.Object, java.lang.Object, java.lang.Object, java.lang.Object, int, int)'> (0x78c8ca78) thrown at [src/hotspot/share/interpreter/linkResolver.cpp, line 773]
Event: 47,130 Thread 0x6c299400 Implicit null exception at 0xb3faaed8 to 0xb3fab054
Event: 47,160 Thread 0x6c299400 Implicit null exception at 0xb40cefec to 0xb40cf834

Events (20 events):
Event: 308,645 Executing coalesced safepoint VM operation: RevokeBias done
Event: 308,645 Protecting memory [0xb6fee000,0xb6fef000] with protection modes 1
Event: 308,645 Executing VM operation: RevokeBias done
Event: 308,645 Executing VM operation: RevokeBias
Event: 308,645 Protecting memory [0xb6fee000,0xb6fef000] with protection modes 0
Event: 308,646 Protecting memory [0xb6fee000,0xb6fef000] with protection modes 1
Event: 308,646 Executing VM operation: RevokeBias done
Event: 308,646 Thread 0x6cacdc00 Thread exited: 0x6cacdc00
Event: 308,647 Executing VM operation: RevokeBias
Event: 308,647 Protecting memory [0xb6fee000,0xb6fef000] with protection modes 0
Event: 308,647 Protecting memory [0xb6fee000,0xb6fef000] with protection modes 1
Event: 308,647 Executing VM operation: RevokeBias done
Event: 308,647 Executing VM operation: RevokeBias
Event: 308,647 Protecting memory [0xb6fee000,0xb6fef000] with protection modes 0
Event: 308,648 Protecting memory [0xb6fee000,0xb6fef000] with protection modes 1
Event: 308,648 Executing VM operation: RevokeBias done
Event: 308,648 loading class org/apache/catalina/Lifecycle$SingleUse
Event: 308,648 loading class org/apache/catalina/Lifecycle$SingleUse done
Event: 308,649 loading class org/apache/catalina/core/ContainerBase$StopChild
Event: 308,649 loading class org/apache/catalina/core/ContainerBase$StopChild done


Dynamic libraries:
00010000-00011000 r-xp 00000000 b3:02 645091     /usr/lib/jvm/java-11-openjdk-armhf/bin/java
00020000-00021000 r--p 00000000 b3:02 645091     /usr/lib/jvm/java-11-openjdk-armhf/bin/java
00021000-00022000 rw-p 00001000 b3:02 645091     /usr/lib/jvm/java-11-openjdk-armhf/bin/java
01314000-01758000 rw-p 00000000 00:00 0          [heap]
6a689000-6a68c000 ---p 00000000 00:00 0 
6a68c000-6a6d9000 rw-p 00000000 00:00 0 
6a6d9000-6a6dc000 ---p 00000000 00:00 0 
6a6dc000-6a729000 rw-p 00000000 00:00 0 
6a729000-6a72c000 ---p 00000000 00:00 0 
6a72c000-6a779000 rw-p 00000000 00:00 0 
6a779000-6a77c000 ---p 00000000 00:00 0 
6a77c000-6a7c9000 rw-p 00000000 00:00 0 
6a7c9000-6a7cc000 ---p 00000000 00:00 0 
6a7cc000-6a819000 rw-p 00000000 00:00 0 
6a819000-6a81c000 ---p 00000000 00:00 0 
6a81c000-6a869000 rw-p 00000000 00:00 0 
6a869000-6a86c000 ---p 00000000 00:00 0 
6a86c000-6a8b9000 rw-p 00000000 00:00 0 
6a8b9000-6a8bc000 ---p 00000000 00:00 0 
6a8bc000-6a939000 rw-p 00000000 00:00 0 
6adfc000-6ae39000 r-xp 00000000 b3:02 36422      /usr/lib/libpigpio.so.1
6ae39000-6ae49000 ---p 0003d000 b3:02 36422      /usr/lib/libpigpio.so.1
6ae49000-6ae4a000 r--p 0003d000 b3:02 36422      /usr/lib/libpigpio.so.1
6ae4a000-6ae4c000 rw-p 0003e000 b3:02 36422      /usr/lib/libpigpio.so.1
6ae4c000-6af20000 rw-p 00000000 00:00 0 
6af20000-6afe0000 ---p 00000000 00:00 0 
6afe0000-6b0e0000 rw-p 00000000 00:00 0 
6b0e0000-6b1e0000 rw-p 00000000 00:00 0 
6b1e0000-6b1e3000 ---p 00000000 00:00 0 
6b1e3000-6b230000 rw-p 00000000 00:00 0 
6b230000-6b233000 ---p 00000000 00:00 0 
6b233000-6b280000 rw-p 00000000 00:00 0 
6b280000-6b283000 ---p 00000000 00:00 0 
6b283000-6b2d0000 rw-p 00000000 00:00 0 
6b2d0000-6b2d3000 ---p 00000000 00:00 0 
6b2d3000-6b320000 rw-p 00000000 00:00 0 
6b320000-6b323000 ---p 00000000 00:00 0 
6b323000-6b370000 rw-p 00000000 00:00 0 
6b370000-6b373000 ---p 00000000 00:00 0 
6b373000-6b3c0000 rw-p 00000000 00:00 0 
6b3c0000-6b3c3000 ---p 00000000 00:00 0 
6b3c3000-6b410000 rw-p 00000000 00:00 0 
6b410000-6b413000 ---p 00000000 00:00 0 
6b413000-6b460000 rw-p 00000000 00:00 0 
6b460000-6b463000 ---p 00000000 00:00 0 
6b463000-6b4b0000 rw-p 00000000 00:00 0 
6b4b0000-6b4b3000 ---p 00000000 00:00 0 
6b4b3000-6b600000 rw-p 00000000 00:00 0 
6b600000-6b700000 rw-p 00000000 00:00 0 
6b700000-6b785000 rw-p 00000000 00:00 0 
6b785000-6b800000 ---p 00000000 00:00 0 
6b800000-6b900000 rw-p 00000000 00:00 0 
6b900000-6bb00000 rw-p 00000000 00:00 0 
6bb00000-6bc00000 rw-p 00000000 00:00 0 
6bc00000-6bd00000 rw-p 00000000 00:00 0 
6bd00000-6be00000 rw-p 00000000 00:00 0 
6be00000-6bf00000 rw-p 00000000 00:00 0 
6bf00000-6bfff000 rw-p 00000000 00:00 0 
6bfff000-6c000000 ---p 00000000 00:00 0 
6c000000-6c100000 rw-p 00000000 00:00 0 
6c100000-6c200000 rw-p 00000000 00:00 0 
6c200000-6c300000 rw-p 00000000 00:00 0 
6c300000-6c400000 rw-p 00000000 00:00 0 
6c400000-6c500000 rw-p 00000000 00:00 0 
6c500000-6c600000 rw-p 00000000 00:00 0 
6c600000-6c700000 rw-p 00000000 00:00 0 
6c700000-6c7ff000 rw-p 00000000 00:00 0 
6c7ff000-6c800000 ---p 00000000 00:00 0 
6c800000-6c900000 rw-p 00000000 00:00 0 
6c900000-6c9fd000 rw-p 00000000 00:00 0 
6c9fd000-6ca00000 ---p 00000000 00:00 0 
6ca00000-6cafe000 rw-p 00000000 00:00 0 
6cafe000-6cb00000 ---p 00000000 00:00 0 
6cb00000-6cc00000 rw-p 00000000 00:00 0 
6cc00000-6cd00000 rw-p 00000000 00:00 0 
6cd00000-6cdf5000 rw-p 00000000 00:00 0 
6cdf5000-6ce00000 ---p 00000000 00:00 0 
6ce30000-6ce33000 ---p 00000000 00:00 0 
6ce33000-6ce80000 rw-p 00000000 00:00 0 
6ce80000-6ce83000 ---p 00000000 00:00 0 
6ce83000-6d000000 rw-p 00000000 00:00 0 
6d000000-6d100000 rw-p 00000000 00:00 0 
6d100000-6d152000 rw-p 00000000 00:00 0 
6d152000-6d200000 ---p 00000000 00:00 0 
6d200000-6d300000 rw-p 00000000 00:00 0 
6d300000-6d400000 rw-p 00000000 00:00 0 
6d400000-6d500000 rw-p 00000000 00:00 0 
6d500000-6d600000 rw-p 00000000 00:00 0 
6d600000-6d6f9000 rw-p 00000000 00:00 0 
6d6f9000-6d700000 ---p 00000000 00:00 0 
6d700000-6d800000 rw-p 00000000 00:00 0 
6d800000-6d900000 rw-p 00000000 00:00 0 
6d900000-6da00000 rw-p 00000000 00:00 0 
6da00000-6dafe000 rw-p 00000000 00:00 0 
6dafe000-6db00000 ---p 00000000 00:00 0 
6db00000-6dc00000 rw-p 00000000 00:00 0 
6dc00000-6dd00000 rw-p 00000000 00:00 0 
6dd00000-6de00000 rw-p 00000000 00:00 0 
6de00000-6dff1000 rw-p 00000000 00:00 0 
6dff1000-6e000000 ---p 00000000 00:00 0 
6e000000-6e0de000 rw-p 00000000 00:00 0 
6e0de000-6e100000 ---p 00000000 00:00 0 
6e100000-6e1f9000 rw-p 00000000 00:00 0 
6e1f9000-6e200000 ---p 00000000 00:00 0 
6e200000-6e300000 rw-p 00000000 00:00 0 
6e300000-6e3e9000 rw-p 00000000 00:00 0 
6e3e9000-6e400000 ---p 00000000 00:00 0 
6e400000-6e500000 rw-p 00000000 00:00 0 
6e500000-6e5fc000 rw-p 00000000 00:00 0 
6e5fc000-6e600000 ---p 00000000 00:00 0 
6e600000-6e6a9000 rw-p 00000000 00:00 0 
6e6a9000-6e700000 ---p 00000000 00:00 0 
6e700000-6e7fa000 rw-p 00000000 00:00 0 
6e7fa000-6e800000 ---p 00000000 00:00 0 
6e800000-6e900000 rw-p 00000000 00:00 0 
6e900000-6ea00000 rw-p 00000000 00:00 0 
6ea00000-6eaff000 rw-p 00000000 00:00 0 
6eaff000-6eb00000 ---p 00000000 00:00 0 
6eb0c000-6eb0f000 ---p 00000000 00:00 0 
6eb0f000-6eb5c000 rw-p 00000000 00:00 0 
6eb5c000-6eb5f000 ---p 00000000 00:00 0 
6eb5f000-6ebac000 rw-p 00000000 00:00 0 
6ebac000-6ebaf000 ---p 00000000 00:00 0 
6ebaf000-6ecfc000 rw-p 00000000 00:00 0 
6ecfc000-6ecfd000 ---p 00000000 00:00 0 
6ecfd000-6ed7e000 rw-p 00000000 00:00 0 
6ed7e000-6ed7f000 ---p 00000000 00:00 0 
6ed7f000-6ef00000 rw-p 00000000 00:00 0 
6ef00000-6efff000 rw-p 00000000 00:00 0 
6efff000-6f000000 ---p 00000000 00:00 0 
6f000000-6f100000 rw-p 00000000 00:00 0 
6f100000-6f200000 rw-p 00000000 00:00 0 
6f200000-6f2fe000 rw-p 00000000 00:00 0 
6f2fe000-6f300000 ---p 00000000 00:00 0 
6f300000-6f400000 rw-p 00000000 00:00 0 
6f400000-6f500000 rw-p 00000000 00:00 0 
6f500000-6f5ff000 rw-p 00000000 00:00 0 
6f5ff000-6f600000 ---p 00000000 00:00 0 
6f600000-6f700000 rw-p 00000000 00:00 0 
6f700000-6f800000 rw-p 00000000 00:00 0 
6f800000-6f8fe000 rw-p 00000000 00:00 0 
6f8fe000-6f900000 ---p 00000000 00:00 0 
6f949000-6f96c000 r-xp 00000000 b3:02 645242     /usr/lib/jvm/java-11-openjdk-armhf/lib/libsunec.so
6f96c000-6f97b000 ---p 00023000 b3:02 645242     /usr/lib/jvm/java-11-openjdk-armhf/lib/libsunec.so
6f97b000-6f97d000 r--p 00022000 b3:02 645242     /usr/lib/jvm/java-11-openjdk-armhf/lib/libsunec.so
6f97d000-6f97e000 rw-p 00024000 b3:02 645242     /usr/lib/jvm/java-11-openjdk-armhf/lib/libsunec.so
6f97e000-6f97f000 ---p 00000000 00:00 0 
6f97f000-6fb00000 rw-p 00000000 00:00 0 
6fb00000-6fc00000 rw-p 00000000 00:00 0 
6fc00000-6fcee000 rw-p 00000000 00:00 0 
6fcee000-6fd00000 ---p 00000000 00:00 0 
6fd30000-6fd33000 ---p 00000000 00:00 0 
6fd33000-6fd80000 rw-p 00000000 00:00 0 
6fd80000-6fd83000 ---p 00000000 00:00 0 
6fd83000-6ff00000 rw-p 00000000 00:00 0 
6ff00000-6fffd000 rw-p 00000000 00:00 0 
6fffd000-70000000 ---p 00000000 00:00 0 
70021000-70022000 r-xp 00000000 b3:02 645218     /usr/lib/jvm/java-11-openjdk-armhf/lib/libextnet.so
70022000-70032000 ---p 00001000 b3:02 645218     /usr/lib/jvm/java-11-openjdk-armhf/lib/libextnet.so
70032000-70033000 r--p 00001000 b3:02 645218     /usr/lib/jvm/java-11-openjdk-armhf/lib/libextnet.so
70033000-70034000 rw-p 00002000 b3:02 645218     /usr/lib/jvm/java-11-openjdk-armhf/lib/libextnet.so
70034000-70037000 ---p 00000000 00:00 0 
70037000-70084000 rw-p 00000000 00:00 0 
70084000-70085000 ---p 00000000 00:00 0 
70085000-70106000 rw-p 00000000 00:00 0 
70106000-70109000 ---p 00000000 00:00 0 
70109000-70186000 rw-p 00000000 00:00 0 
70186000-70400000 r--p 0006b000 b3:02 22076      /usr/lib/locale/locale-archive
70400000-70600000 r--p 00000000 b3:02 22076      /usr/lib/locale/locale-archive
70600000-706fa000 rw-p 00000000 00:00 0 
706fa000-70700000 ---p 00000000 00:00 0 
70701000-70707000 r-xp 00000000 b3:02 4421       /tmp/libpi4j-pigpio18040477310642028360.so
70707000-7070f000 ---p 00006000 b3:02 4421       /tmp/libpi4j-pigpio18040477310642028360.so
7070f000-70710000 rw-p 00006000 b3:02 4421       /tmp/libpi4j-pigpio18040477310642028360.so
70710000-70713000 ---p 00000000 00:00 0 
70713000-70760000 rw-p 00000000 00:00 0 
70760000-70763000 ---p 00000000 00:00 0 
70763000-707b0000 rw-p 00000000 00:00 0 
707b0000-707b3000 ---p 00000000 00:00 0 
707b3000-70800000 rw-p 00000000 00:00 0 
70800000-708fb000 rw-p 00000000 00:00 0 
708fb000-70900000 ---p 00000000 00:00 0 
70907000-7090c000 r-xp 00000000 b3:02 645234     /usr/lib/jvm/java-11-openjdk-armhf/lib/libmanagement_ext.so
7090c000-7091b000 ---p 00005000 b3:02 645234     /usr/lib/jvm/java-11-openjdk-armhf/lib/libmanagement_ext.so
7091b000-7091c000 r--p 00004000 b3:02 645234     /usr/lib/jvm/java-11-openjdk-armhf/lib/libmanagement_ext.so
7091c000-7091d000 rw-p 00005000 b3:02 645234     /usr/lib/jvm/java-11-openjdk-armhf/lib/libmanagement_ext.so
7091d000-70921000 r-xp 00000000 b3:02 645232     /usr/lib/jvm/java-11-openjdk-armhf/lib/libmanagement.so
70921000-70930000 ---p 00004000 b3:02 645232     /usr/lib/jvm/java-11-openjdk-armhf/lib/libmanagement.so
70930000-70931000 r--p 00003000 b3:02 645232     /usr/lib/jvm/java-11-openjdk-armhf/lib/libmanagement.so
70931000-70932000 rw-p 00004000 b3:02 645232     /usr/lib/jvm/java-11-openjdk-armhf/lib/libmanagement.so
70932000-70933000 ---p 00000000 00:00 0 
70933000-70dfa000 rw-p 00000000 00:00 0 
70dfa000-70e00000 ---p 00000000 00:00 0 
70e00000-70ef9000 rw-p 00000000 00:00 0 
70ef9000-70f00000 ---p 00000000 00:00 0 
70f09000-70f2e000 r--p 00000000 b3:02 8670       /usr/share/locale/pl/LC_MESSAGES/libc.mo
70f2e000-70f31000 ---p 00000000 00:00 0 
70f31000-70f7e000 rw-p 00000000 00:00 0 
70f7e000-70f7f000 ---p 00000000 00:00 0 
70f7f000-71000000 rw-p 00000000 00:00 0 
71000000-71100000 rw-p 00000000 00:00 0 
7110a000-7111d000 r-xp 00000000 b3:02 645236     /usr/lib/jvm/java-11-openjdk-armhf/lib/libnet.so
7111d000-7112c000 ---p 00013000 b3:02 645236     /usr/lib/jvm/java-11-openjdk-armhf/lib/libnet.so
7112c000-7112d000 r--p 00012000 b3:02 645236     /usr/lib/jvm/java-11-openjdk-armhf/lib/libnet.so
7112d000-7112e000 rw-p 00013000 b3:02 645236     /usr/lib/jvm/java-11-openjdk-armhf/lib/libnet.so
7112e000-71131000 ---p 00000000 00:00 0 
71131000-7117e000 rw-p 00000000 00:00 0 
7117e000-7117f000 ---p 00000000 00:00 0 
7117f000-71200000 rw-p 00000000 00:00 0 
71200000-71250000 rw-p 00000000 00:00 0 
71250000-71300000 ---p 00000000 00:00 0 
71300000-713fa000 rw-p 00000000 00:00 0 
713fa000-71400000 ---p 00000000 00:00 0 
71400000-71570000 rw-p 00000000 00:00 0 
71570000-72400000 ---p 00000000 00:00 0 
72400000-72570000 rw-p 00000000 00:00 0 
72570000-73400000 ---p 00000000 00:00 0 
73400000-7342e000 rw-p 00000000 00:00 0 
7342e000-73600000 ---p 00000000 00:00 0 
73600000-7362e000 rw-p 00000000 00:00 0 
7362e000-73800000 ---p 00000000 00:00 0 
73800000-7382e000 rw-p 00000000 00:00 0 
7382e000-73a00000 ---p 00000000 00:00 0 
73a00000-79600000 rw-p 00000000 00:00 0 
79600000-b3a00000 ---p 00000000 00:00 0 
b3a05000-b3a12000 r-xp 00000000 b3:02 645237     /usr/lib/jvm/java-11-openjdk-armhf/lib/libnio.so
b3a12000-b3a21000 ---p 0000d000 b3:02 645237     /usr/lib/jvm/java-11-openjdk-armhf/lib/libnio.so
b3a21000-b3a22000 r--p 0000c000 b3:02 645237     /usr/lib/jvm/java-11-openjdk-armhf/lib/libnio.so
b3a22000-b3a23000 rw-p 0000d000 b3:02 645237     /usr/lib/jvm/java-11-openjdk-armhf/lib/libnio.so
b3a23000-b3a7e000 rw-p 00000000 00:00 0 
b3a7e000-b3a7f000 ---p 00000000 00:00 0 
b3a7f000-b3b00000 rw-p 00000000 00:00 0 
b3b00000-b3bee000 rw-p 00000000 00:00 0 
b3bee000-b3c00000 ---p 00000000 00:00 0 
b3c05000-b3c0c000 r--s 00000000 b3:02 5907       /usr/lib/arm-linux-gnueabihf/gconv/gconv-modules.cache
b3c0c000-b3c2c000 rw-p 00000000 00:00 0 
b3c2c000-b3c2d000 ---p 00000000 00:00 0 
b3c2d000-b3cae000 rw-p 00000000 00:00 0 
b3cae000-b3caf000 ---p 00000000 00:00 0 
b3caf000-b3d37000 rw-p 00000000 00:00 0 
b3d37000-b3d70000 ---p 00000000 00:00 0 
b3d70000-b40e0000 rwxp 00000000 00:00 0 
b40e0000-b5d70000 ---p 00000000 00:00 0 
b5d70000-b5edf000 r--s 00000000 b3:02 645246     /usr/lib/jvm/java-11-openjdk-armhf/lib/modules
b5edf000-b5ee8000 r-xp 00000000 b3:02 5648       /lib/arm-linux-gnueabihf/libnss_files-2.28.so
b5ee8000-b5ef8000 ---p 00009000 b3:02 5648       /lib/arm-linux-gnueabihf/libnss_files-2.28.so
b5ef8000-b5ef9000 r--p 00009000 b3:02 5648       /lib/arm-linux-gnueabihf/libnss_files-2.28.so
b5ef9000-b5efa000 rw-p 0000a000 b3:02 5648       /lib/arm-linux-gnueabihf/libnss_files-2.28.so
b5efa000-b5f00000 rw-p 00000000 00:00 0 
b5f00000-b6000000 rw-p 00000000 00:00 0 
b6000000-b6001000 rw-s fe100000 00:05 5          /dev/mem
b6005000-b6017000 rw-p 00000000 00:00 0 
b6017000-b601d000 r-xp 00000000 b3:02 645245     /usr/lib/jvm/java-11-openjdk-armhf/lib/libzip.so
b601d000-b602c000 ---p 00006000 b3:02 645245     /usr/lib/jvm/java-11-openjdk-armhf/lib/libzip.so
b602c000-b602d000 r--p 00005000 b3:02 645245     /usr/lib/jvm/java-11-openjdk-armhf/lib/libzip.so
b602d000-b602e000 rw-p 00006000 b3:02 645245     /usr/lib/jvm/java-11-openjdk-armhf/lib/libzip.so
b602e000-b604c000 r-xp 00000000 b3:02 645225     /usr/lib/jvm/java-11-openjdk-armhf/lib/libjava.so
b604c000-b605b000 ---p 0001e000 b3:02 645225     /usr/lib/jvm/java-11-openjdk-armhf/lib/libjava.so
b605b000-b605c000 r--p 0001d000 b3:02 645225     /usr/lib/jvm/java-11-openjdk-armhf/lib/libjava.so
b605c000-b605d000 rw-p 0001e000 b3:02 645225     /usr/lib/jvm/java-11-openjdk-armhf/lib/libjava.so
b605d000-b6067000 r-xp 00000000 b3:02 645244     /usr/lib/jvm/java-11-openjdk-armhf/lib/libverify.so
b6067000-b6076000 ---p 0000a000 b3:02 645244     /usr/lib/jvm/java-11-openjdk-armhf/lib/libverify.so
b6076000-b6077000 r--p 00009000 b3:02 645244     /usr/lib/jvm/java-11-openjdk-armhf/lib/libverify.so
b6077000-b6078000 rw-p 0000a000 b3:02 645244     /usr/lib/jvm/java-11-openjdk-armhf/lib/libverify.so
b6078000-b607e000 r-xp 00000000 b3:02 5655       /lib/arm-linux-gnueabihf/librt-2.28.so
b607e000-b608d000 ---p 00006000 b3:02 5655       /lib/arm-linux-gnueabihf/librt-2.28.so
b608d000-b608e000 r--p 00005000 b3:02 5655       /lib/arm-linux-gnueabihf/librt-2.28.so
b608e000-b608f000 rw-p 00006000 b3:02 5655       /lib/arm-linux-gnueabihf/librt-2.28.so
b608f000-b6092000 ---p 00000000 00:00 0 
b6092000-b60df000 rw-p 00000000 00:00 0 
b60df000-b60fb000 r-xp 00000000 b3:02 2036       /lib/arm-linux-gnueabihf/libgcc_s.so.1
b60fb000-b610a000 ---p 0001c000 b3:02 2036       /lib/arm-linux-gnueabihf/libgcc_s.so.1
b610a000-b610b000 r--p 0001b000 b3:02 2036       /lib/arm-linux-gnueabihf/libgcc_s.so.1
b610b000-b610c000 rw-p 0001c000 b3:02 2036       /lib/arm-linux-gnueabihf/libgcc_s.so.1
b610c000-b617d000 r-xp 00000000 b3:02 5643       /lib/arm-linux-gnueabihf/libm-2.28.so
b617d000-b618c000 ---p 00071000 b3:02 5643       /lib/arm-linux-gnueabihf/libm-2.28.so
b618c000-b618d000 r--p 00070000 b3:02 5643       /lib/arm-linux-gnueabihf/libm-2.28.so
b618d000-b618e000 rw-p 00071000 b3:02 5643       /lib/arm-linux-gnueabihf/libm-2.28.so
b618e000-b62bc000 r-xp 00000000 b3:02 11340      /usr/lib/arm-linux-gnueabihf/libstdc++.so.6.0.25
b62bc000-b62cc000 ---p 0012e000 b3:02 11340      /usr/lib/arm-linux-gnueabihf/libstdc++.so.6.0.25
b62cc000-b62d1000 r--p 0012e000 b3:02 11340      /usr/lib/arm-linux-gnueabihf/libstdc++.so.6.0.25
b62d1000-b62d3000 rw-p 00133000 b3:02 11340      /usr/lib/arm-linux-gnueabihf/libstdc++.so.6.0.25
b62d3000-b62d5000 rw-p 00000000 00:00 0 
b62d5000-b6d32000 r-xp 00000000 b3:02 645251     /usr/lib/jvm/java-11-openjdk-armhf/lib/server/libjvm.so
b6d32000-b6d41000 ---p 00a5d000 b3:02 645251     /usr/lib/jvm/java-11-openjdk-armhf/lib/server/libjvm.so
b6d41000-b6d83000 r--p 00a5c000 b3:02 645251     /usr/lib/jvm/java-11-openjdk-armhf/lib/server/libjvm.so
b6d83000-b6d9c000 rw-p 00a9e000 b3:02 645251     /usr/lib/jvm/java-11-openjdk-armhf/lib/server/libjvm.so
b6d9c000-b6dc7000 rw-p 00000000 00:00 0 
b6dc7000-b6eff000 r-xp 00000000 b3:02 5640       /lib/arm-linux-gnueabihf/libc-2.28.so
b6eff000-b6f0e000 ---p 00138000 b3:02 5640       /lib/arm-linux-gnueabihf/libc-2.28.so
b6f0e000-b6f10000 r--p 00137000 b3:02 5640       /lib/arm-linux-gnueabihf/libc-2.28.so
b6f10000-b6f11000 rw-p 00139000 b3:02 5640       /lib/arm-linux-gnueabihf/libc-2.28.so
b6f11000-b6f14000 rw-p 00000000 00:00 0 
b6f14000-b6f16000 r-xp 00000000 b3:02 5642       /lib/arm-linux-gnueabihf/libdl-2.28.so
b6f16000-b6f25000 ---p 00002000 b3:02 5642       /lib/arm-linux-gnueabihf/libdl-2.28.so
b6f25000-b6f26000 r--p 00001000 b3:02 5642       /lib/arm-linux-gnueabihf/libdl-2.28.so
b6f26000-b6f27000 rw-p 00002000 b3:02 5642       /lib/arm-linux-gnueabihf/libdl-2.28.so
b6f27000-b6f34000 r-xp 00000000 b3:02 645210     /usr/lib/jvm/java-11-openjdk-armhf/lib/jli/libjli.so
b6f34000-b6f43000 ---p 0000d000 b3:02 645210     /usr/lib/jvm/java-11-openjdk-armhf/lib/jli/libjli.so
b6f43000-b6f44000 r--p 0000c000 b3:02 645210     /usr/lib/jvm/java-11-openjdk-armhf/lib/jli/libjli.so
b6f44000-b6f45000 rw-p 0000d000 b3:02 645210     /usr/lib/jvm/java-11-openjdk-armhf/lib/jli/libjli.so
b6f45000-b6f5c000 r-xp 00000000 b3:02 5653       /lib/arm-linux-gnueabihf/libpthread-2.28.so
b6f5c000-b6f6b000 ---p 00017000 b3:02 5653       /lib/arm-linux-gnueabihf/libpthread-2.28.so
b6f6b000-b6f6c000 r--p 00016000 b3:02 5653       /lib/arm-linux-gnueabihf/libpthread-2.28.so
b6f6c000-b6f6d000 rw-p 00017000 b3:02 5653       /lib/arm-linux-gnueabihf/libpthread-2.28.so
b6f6d000-b6f6f000 rw-p 00000000 00:00 0 
b6f6f000-b6f86000 r-xp 00000000 b3:02 2094       /lib/arm-linux-gnueabihf/libz.so.1.2.11
b6f86000-b6f95000 ---p 00017000 b3:02 2094       /lib/arm-linux-gnueabihf/libz.so.1.2.11
b6f95000-b6f96000 r--p 00016000 b3:02 2094       /lib/arm-linux-gnueabihf/libz.so.1.2.11
b6f96000-b6f97000 rw-p 00017000 b3:02 2094       /lib/arm-linux-gnueabihf/libz.so.1.2.11
b6f99000-b6f9c000 r-xp 00000000 b3:02 645228     /usr/lib/jvm/java-11-openjdk-armhf/lib/libjimage.so
b6f9c000-b6fac000 ---p 00003000 b3:02 645228     /usr/lib/jvm/java-11-openjdk-armhf/lib/libjimage.so
b6fac000-b6fad000 r--p 00003000 b3:02 645228     /usr/lib/jvm/java-11-openjdk-armhf/lib/libjimage.so
b6fad000-b6fae000 rw-p 00004000 b3:02 645228     /usr/lib/jvm/java-11-openjdk-armhf/lib/libjimage.so
b6fae000-b6fb2000 r-xp 00000000 b3:02 10875      /usr/lib/arm-linux-gnueabihf/libarmmem-v7l.so
b6fb2000-b6fc1000 ---p 00004000 b3:02 10875      /usr/lib/arm-linux-gnueabihf/libarmmem-v7l.so
b6fc1000-b6fc2000 r--p 00003000 b3:02 10875      /usr/lib/arm-linux-gnueabihf/libarmmem-v7l.so
b6fc2000-b6fc3000 rw-p 00004000 b3:02 10875      /usr/lib/arm-linux-gnueabihf/libarmmem-v7l.so
b6fc3000-b6fe3000 r-xp 00000000 b3:02 5636       /lib/arm-linux-gnueabihf/ld-2.28.so
b6fe5000-b6fe6000 r--s 00008000 b3:02 143899     /usr/share/java/java-atk-wrapper.jar
b6fe6000-b6fee000 rw-s 00000000 b3:02 263403     /tmp/hsperfdata_root/7079
b6fee000-b6fef000 r--p 00000000 00:00 0 
b6fef000-b6ff3000 rw-p 00000000 00:00 0 
b6ff3000-b6ff4000 r--p 00020000 b3:02 5636       /lib/arm-linux-gnueabihf/ld-2.28.so
b6ff4000-b6ff5000 rw-p 00021000 b3:02 5636       /lib/arm-linux-gnueabihf/ld-2.28.so
bec71000-bec92000 rw-p 00000000 00:00 0          [stack]
bedfc000-bedfd000 r-xp 00000000 00:00 0          [sigpage]
bedfd000-bedfe000 r--p 00000000 00:00 0          [vvar]
bedfe000-bedff000 r-xp 00000000 00:00 0          [vdso]
ffff0000-ffff1000 r-xp 00000000 00:00 0          [vectors]


VM Arguments:
java_command: target/car.parking-0.0.1-SNAPSHOT.jar
java_class_path (initial): target/car.parking-0.0.1-SNAPSHOT.jar
Launcher Type: SUN_STANDARD

[Global flags]
     uint ConcGCThreads                            = 1                                         {product} {ergonomic}
     uint G1ConcRefinementThreads                  = 4                                         {product} {ergonomic}
   size_t G1HeapRegionSize                         = 1048576                                   {product} {ergonomic}
    uintx GCDrainStackTargetSize                   = 64                                        {product} {ergonomic}
   size_t InitialHeapSize                          = 67108864                                  {product} {ergonomic}
   size_t MarkStackSize                            = 32768                                     {product} {ergonomic}
   size_t MaxHeapSize                              = 1073741824                                {product} {ergonomic}
   size_t MaxNewSize                               = 643825664                                 {product} {ergonomic}
   size_t MinHeapDeltaBytes                        = 1048576                                   {product} {ergonomic}
    uintx NonProfiledCodeHeapSize                  = 0                                      {pd product} {ergonomic}
    uintx ProfiledCodeHeapSize                     = 0                                      {pd product} {ergonomic}
     bool UseG1GC                                  = true                                      {product} {ergonomic}

Logging:
Log output configuration:
 #0: stdout all=warning uptime,level,tags
 #1: stderr all=off uptime,level,tags

Environment Variables:
PATH=/usr/local/sbin:/usr/local/bin:/usr/sbin:/usr/bin:/sbin:/bin
SHELL=/bin/bash
DISPLAY=:0.0
LANG=pl_PL.UTF-8
LC_ALL=pl_PL.UTF-8

Signal Handlers:
SIGSEGV: [libjvm.so+0x9b98e4], sa_mask[0]=11111111011111111101111111111110, sa_flags=SA_RESTART|SA_SIGINFO
SIGBUS: [libjvm.so+0x9b98e4], sa_mask[0]=11111111011111111101111111111110, sa_flags=SA_RESTART|SA_SIGINFO
SIGFPE: [libjvm.so+0x9b98e4], sa_mask[0]=11111111011111111101111111111110, sa_flags=SA_RESTART|SA_SIGINFO
SIGPIPE: [libjvm.so+0x7d7df4], sa_mask[0]=11111111011111111101111111111110, sa_flags=SA_RESTART|SA_SIGINFO
SIGXFSZ: [libjvm.so+0x7d7df4], sa_mask[0]=11111111011111111101111111111110, sa_flags=SA_RESTART|SA_SIGINFO
SIGILL: [libjvm.so+0x9b98e4], sa_mask[0]=11111111011111111101111111111110, sa_flags=SA_RESTART|SA_SIGINFO
SIGUSR2: [libjvm.so+0x7d7c90], sa_mask[0]=00000000000000000000000000000000, sa_flags=SA_RESTART|SA_SIGINFO
SIGHUP: [libjvm.so+0x7d89f0], sa_mask[0]=11111111011111111101111111111110, sa_flags=SA_RESTART|SA_SIGINFO
SIGINT: [libjvm.so+0x7d89f0], sa_mask[0]=11111111011111111101111111111110, sa_flags=SA_RESTART|SA_SIGINFO
SIGTERM: [libjvm.so+0x7d89f0], sa_mask[0]=11111111011111111101111111111110, sa_flags=SA_RESTART|SA_SIGINFO
SIGQUIT: [libjvm.so+0x7d89f0], sa_mask[0]=11111111011111111101111111111110, sa_flags=SA_RESTART|SA_SIGINFO


---------------  S Y S T E M  ---------------

OS:PRETTY_NAME="Raspbian GNU/Linux 10 (buster)"
NAME="Raspbian GNU/Linux"
VERSION_ID="10"
VERSION="10 (buster)"
VERSION_CODENAME=buster
ID=raspbian
ID_LIKE=debian
HOME_URL="http://www.raspbian.org/"
SUPPORT_URL="http://www.raspbian.org/RaspbianForums"
BUG_REPORT_URL="http://www.raspbian.org/RaspbianBugs"
uname:Linux 5.10.103-v7l+ #1529 SMP Tue Mar 8 12:24:00 GMT 2022 armv7l
OS uptime: 0 days 0:47 hours
libc:glibc 2.28 NPTL 2.28 
rlimit (soft/hard): STACK 8192k/infinity , CORE 0k/infinity , NPROC 60550/60550 , NOFILE 1048576/1048576 , AS infinity/infinity , CPU infinity/infinity , DATA infinity/infinity , FSIZE infinity/infinity , MEMLOCK 65536k/65536k
load average:0,22 1,01 1,48

/proc/meminfo:
MemTotal:        8080188 kB
MemFree:         6731960 kB
MemAvailable:    7501584 kB
Buffers:           52976 kB
Cached:           978084 kB
SwapCached:            0 kB
Active:           574680 kB
Inactive:         647516 kB
Active(anon):       2032 kB
Inactive(anon):   243912 kB
Active(file):     572648 kB
Inactive(file):   403604 kB
Unevictable:       37340 kB
Mlocked:              36 kB
HighTotal:       7450624 kB
HighFree:        6232720 kB
LowTotal:         629564 kB
LowFree:          499240 kB
SwapTotal:             0 kB
SwapFree:              0 kB
Dirty:               296 kB
Writeback:           228 kB
AnonPages:        228140 kB
Mapped:            86328 kB
Shmem:             55084 kB
KReclaimable:      28200 kB
Slab:              50724 kB
SReclaimable:      28200 kB
SUnreclaim:        22524 kB
KernelStack:        1728 kB
PageTables:         2924 kB
NFS_Unstable:          0 kB
Bounce:                0 kB
WritebackTmp:          0 kB
CommitLimit:     4040092 kB
Committed_AS:     625356 kB
VmallocTotal:     245760 kB
VmallocUsed:        5516 kB
VmallocChunk:          0 kB
Percpu:              576 kB
CmaTotal:         327680 kB
CmaFree:          287396 kB

/sys/kernel/mm/transparent_hugepage/enabled:
<Not Available>
/sys/kernel/mm/transparent_hugepage/defrag (defrag/compaction efforts parameter):
<Not Available>

Process Memory:
Virtual Size: 1253444K (peak: 1264028K)
Resident Set Size: 201116K (peak: 208628K) (anon: 186164K, file: 14952K, shmem: 0K)
Swapped out: 0K
C-Heap outstanding allocations: 19523K, retained: 21584K
glibc malloc tunables: (default)

/proc/sys/kernel/threads-max (system-wide limit on the number of threads):
121100
/proc/sys/vm/max_map_count (maximum number of memory map areas a process may have):
65530
/proc/sys/kernel/pid_max (system-wide limit on number of process identifiers):
32768

/etc/ld.so.preload:
/usr/lib/arm-linux-gnueabihf/libarmmem-${PLATFORM}.so

Steal ticks since vm start: 0
Steal ticks percentage since vm start:  0,000

CPU:total 4 (initial active 4) (ARMv7), vfp, vfp3-32, simd, mp_ext

/proc/cpuinfo:
processor	: 0
model name	: ARMv7 Processor rev 3 (v7l)
BogoMIPS	: 270.00
Features	: half thumb fastmult vfp edsp neon vfpv3 tls vfpv4 idiva idivt vfpd32 lpae evtstrm crc32 
CPU implementer	: 0x41
CPU architecture: 7
CPU variant	: 0x0
CPU part	: 0xd08
CPU revision	: 3

processor	: 1
model name	: ARMv7 Processor rev 3 (v7l)
BogoMIPS	: 270.00
Features	: half thumb fastmult vfp edsp neon vfpv3 tls vfpv4 idiva idivt vfpd32 lpae evtstrm crc32 
CPU implementer	: 0x41
CPU architecture: 7
CPU variant	: 0x0
CPU part	: 0xd08
CPU revision	: 3

processor	: 2
model name	: ARMv7 Processor rev 3 (v7l)
BogoMIPS	: 270.00
Features	: half thumb fastmult vfp edsp neon vfpv3 tls vfpv4 idiva idivt vfpd32 lpae evtstrm crc32 
CPU implementer	: 0x41
CPU architecture: 7
CPU variant	: 0x0
CPU part	: 0xd08
CPU revision	: 3

processor	: 3
model name	: ARMv7 Processor rev 3 (v7l)
BogoMIPS	: 270.00
Features	: half thumb fastmult vfp edsp neon vfpv3 tls vfpv4 idiva idivt vfpd32 lpae evtstrm crc32 
CPU implementer	: 0x41
CPU architecture: 7
CPU variant	: 0x0
CPU part	: 0xd08
CPU revision	: 3

Hardware	: BCM2711
Revision	: d03114
Serial		: 10000000eb9aaec4
Model		: Raspberry Pi 4 Model B Rev 1.4
Online cpus:
0-3
Offline cpus:


Memory: 4k page, physical 8080188k(6731960k free), swap 0k(0k free)

vm_info: OpenJDK Server VM (11.0.16+8-post-Raspbian-1deb10u1) for linux- JRE (11.0.16+8-post-Raspbian-1deb10u1), built on Jul 21 2022 17:08:53 by "unknown" with gcc 8.3.0

END.
