#
# A fatal error has been detected by the Java Runtime Environment:
#
#  SIGSEGV (0xb) at pc=0xb3ca0fc0, pid=4550, tid=4969
#
# JRE version: OpenJDK Runtime Environment (11.0.16+8) (build 11.0.16+8-post-Raspbian-1deb10u1)
# Java VM: OpenJDK Server VM (11.0.16+8-post-Raspbian-1deb10u1, mixed mode, g1 gc, linux-)
# Problematic frame:
# 
[error occurred during error reporting (printing problematic frame), id 0xb, SIGSEGV (0xb) at pc=0xb695b24c]

# No core dump will be written. Core dumps have been disabled. To enable core dumping, try "ulimit -c unlimited" before starting Java again
#
# If you would like to submit a bug report, please visit:
#   Unknown
#

---------------  S U M M A R Y ------------

Command Line: target/car.parking-0.0.1-SNAPSHOT.jar

Host: rev 3 (v7l), 4 cores, 7G, Raspbian GNU/Linux 10 (buster)
Time: Sat Dec 17 00:39:33 2022 CET elapsed time: 179.613255 seconds (0d 0h 2m 59s)

---------------  T H R E A D  ---------------

Current thread (0x6eb1f800):  JavaThread "SpringApplicationShutdownHook" [_thread_in_Java, id=4969, stack(0x69e10000,0x69e60000)]

Stack: [0x69e10000,0x69e60000],  sp=0x69e5d71c,  free space=309k
Native frames: (J=compiled Java code, A=aot compiled Java code, j=interpreted, Vv=VM code, C=native code)

[error occurred during error reporting (printing native stack), id 0xb, SIGSEGV (0xb) at pc=0xb695b24c]


siginfo: si_signo: 11 (SIGSEGV), si_code: 1 (SEGV_MAPERR), si_addr: 0x6a462797

Register to memory mapping:

  r0  = 0x7718ef18

[error occurred during error reporting (printing register info), id 0xb, SIGSEGV (0xb) at pc=0xb66c7504]

Registers:
  r0  = 0x7718ef18
  r1  = 0xb6ca3bfa
  r2  = 0x00000000
  r3  = 0x00000000
  r4  = 0x84400003
  r5  = 0x00000008
  r6  = 0xb6cda5c8
  r7  = 0x6a462794
  r8  = 0x69e5d74c
  r9  = 0x6a4627e8
  r10 = 0x6eb1f800
  fp  = 0x69e5d740
  r12 = 0x00000000
  sp  = 0x69e5d71c
  lr  = 0xb6700660
  pc  = 0xb3ca0fc0
  cpsr = 0x60000010

Top of Stack: (sp=0x69e5d71c)
0x69e5d71c:   69e5d71c 6a462794 69e5d74c 6a4629c0
0x69e5d72c:   00000000 7718e800 6a4627e8 00000000
0x69e5d73c:   69e5d750 69e5d750 b3c916c4 00000000
0x69e5d74c:   7718ee40 69e5d800 69e5d880 0000000a
0x69e5d75c:   b3c91688 69e5d870 6eb1f800 69e5d878
0x69e5d76c:   69e5d888 0000000e 69e5d7e4 00000000
0x69e5d77c:   00000000 00000002 41400000 73e4fcd0
0x69e5d78c:   00000000 00000000 00000000 00000000 

Instructions: (pc=0xb3ca0fc0)
0xb3ca0ec0:   e35c0007 1a000020 e081c102 e1dcc2b4
0xb3ca0ed0:   e5914014 e084410c e5944004 e5d4c0ee
0xb3ca0ee0:   e35c0004 1a000018 e5943004 e3130001
0xb3ca0ef0:   1a000015 e59a00d8 e59a20e0 e0801003
0xb3ca0f00:   e1510002 8a000010 e58a10d8 eaffffff
0xb3ca0f10:   e2533008 e280c008 0a000007 e3a01000
0xb3ca0f20:   e3a02000 e08c5003 e8ac0006 e15c0005
0xb3ca0f30:   18ac0006 115c0005 1afffffa e594c070
0xb3ca0f40:   e580c000 e5804004 ea00001b e5991004
0xb3ca0f50:   e5911008 e5d7c001 e5d72002 e182240c
0xb3ca0f60:   e50b7020 e58ab254 e58af250 e58ad24c
0xb3ca0f70:   e3cdd007 e1a0000a e300e4ec e34be670
0xb3ca0f80:   e12fff3e e59ad24c e3a0c000 e58ac24c
0xb3ca0f90:   e58ac254 e58ac250 e59ac004 e35c0000
0xb3ca0fa0:   11a0500f 1affc1a9 e59a027c e3a0c000
0xb3ca0fb0:   e58ac27c e51b7020 e51b900c f57ff05e
0xb3ca0fc0:   e5f73003 e246ce40 e79cf103 e1a00000
0xb3ca0fd0:   e1a00000 00000000 00000000 00000000
0xb3ca0fe0:   00000090 b6bdf960 000000bc 00000000
0xb3ca0ff0:   e49d0004 e5d71001 e1a02000 e50b7020
0xb3ca1000:   e58ab254 e58af250 e58ad24c e3cdd007
0xb3ca1010:   e1a0000a e30ae348 e34be66f e12fff3e
0xb3ca1020:   e59ad24c e3a0c000 e58ac24c e58ac254
0xb3ca1030:   e58ac250 e59ac004 e35c0000 11a0500f
0xb3ca1040:   1affc182 e59a027c e3a0c000 e58ac27c
0xb3ca1050:   e51b7020 e51b900c e5f73002 e246ce40
0xb3ca1060:   e79cf103 e1a00000 e1a00000 00000000
0xb3ca1070:   000000a0 b6bdf96c 000000bd 00000000
0xb3ca1080:   e49d0004 e5d7c001 e5d72002 e182240c
0xb3ca1090:   e5991004 e5911008 e1a03000 e50b7020
0xb3ca10a0:   e58ab254 e58af250 e58ad24c e3cdd007
0xb3ca10b0:   e1a0000a e30ee9d8 e34be66f e12fff3e 


Stack slot to memory mapping:
stack at sp + 0 slots: 0x69e5d71c is pointing into the stack for thread: 0x6eb1f800
stack at sp + 1 slots: 
[error occurred during error reporting (inspecting top of stack), id 0xb, SIGSEGV (0xb) at pc=0xb695f6cc]

new  187 new  [0xb3ca0e80, 0xb3ca0fe0]  352 bytes

---------------  P R O C E S S  ---------------

Threads class SMR info:
_java_thread_list=0x7117a6b8, length=29, elements={
0x70736000, 0x70739800, 0x70743800, 0x70746000,
0x70747800, 0x70749000, 0x707a3000, 0x6f55c800,
0x6d49e800, 0x6d943800, 0x6d9f5000, 0x6c8a3400,
0x6c8a3c00, 0x6c151000, 0x6c151800, 0x6edbfc00,
0x6edc1000, 0x6edc2800, 0x6c317400, 0x6c318c00,
0x6ba02000, 0x6c2a6c00, 0x6ba03c00, 0xb5e0f000,
0x6b69c800, 0x6eb1e400, 0x6eb1f800, 0x6ebf0c00,
0x6e696800
}

Java Threads: ( => current thread )
  0x70736000 JavaThread "Reference Handler" daemon [_thread_blocked, id=4558, stack(0x7102e000,0x7107e000)]
  0x70739800 JavaThread "Finalizer" daemon [_thread_blocked, id=4559, stack(0x70e2e000,0x70e7e000)]
  0x70743800 JavaThread "Signal Dispatcher" daemon [_thread_blocked, id=4560, stack(0x706b0000,0x70700000)]
  0x70746000 JavaThread "Service Thread" daemon [_thread_blocked, id=4561, stack(0x70660000,0x706b0000)]
  0x70747800 JavaThread "C2 CompilerThread0" daemon [_thread_blocked, id=4562, stack(0x70006000,0x70086000)]
  0x70749000 JavaThread "Sweeper thread" daemon [_thread_blocked, id=4563, stack(0x70610000,0x70660000)]
  0x707a3000 JavaThread "Common-Cleaner" daemon [_thread_blocked, id=4565, stack(0x6ff34000,0x6ff84000)]
  0x6f55c800 JavaThread "HikariPool-1 housekeeper" daemon [_thread_blocked, id=4636, stack(0x6fc30000,0x6fc80000)]
  0x6d49e800 JavaThread "Catalina-utility-1" [_thread_blocked, id=4640, stack(0x6e72c000,0x6e77c000)]
  0x6d943800 JavaThread "Catalina-utility-2" [_thread_blocked, id=4641, stack(0x6cdb0000,0x6ce00000)]
  0x6d9f5000 JavaThread "container-0" [_thread_blocked, id=4642, stack(0x6cd60000,0x6cdb0000)]
  0x6c8a3400 JavaThread "http-nio-192.168.137.153-8080-exec-1" daemon [_thread_blocked, id=4687, stack(0x6fc80000,0x6fd00000)]
  0x6c8a3c00 JavaThread "http-nio-192.168.137.153-8080-exec-2" daemon [_thread_blocked, id=4688, stack(0x6e77c000,0x6e7fc000)]
  0x6c151000 JavaThread "http-nio-192.168.137.153-8080-exec-3" daemon [_thread_blocked, id=4689, stack(0x6cc10000,0x6cc60000)]
  0x6c151800 JavaThread "http-nio-192.168.137.153-8080-exec-4" daemon [_thread_blocked, id=4690, stack(0x6b8b0000,0x6b900000)]
  0x6edbfc00 JavaThread "http-nio-192.168.137.153-8080-exec-5" daemon [_thread_blocked, id=4691, stack(0x6b723000,0x6b773000)]
  0x6edc1000 JavaThread "http-nio-192.168.137.153-8080-exec-6" daemon [_thread_blocked, id=4692, stack(0x6adb0000,0x6ae00000)]
  0x6edc2800 JavaThread "http-nio-192.168.137.153-8080-exec-7" daemon [_thread_blocked, id=4693, stack(0x6ad60000,0x6adb0000)]
  0x6c317400 JavaThread "http-nio-192.168.137.153-8080-exec-8" daemon [_thread_blocked, id=4694, stack(0x6ad10000,0x6ad60000)]
  0x6c318c00 JavaThread "http-nio-192.168.137.153-8080-exec-9" daemon [_thread_blocked, id=4695, stack(0x6abb0000,0x6ac00000)]
  0x6ba02000 JavaThread "http-nio-192.168.137.153-8080-exec-10" daemon [_thread_blocked, id=4696, stack(0x6ab60000,0x6abb0000)]
  0x6c2a6c00 JavaThread "http-nio-192.168.137.153-8080-Poller" daemon [_thread_in_native, id=4697, stack(0x6ab10000,0x6ab60000)]
  0x6ba03c00 JavaThread "http-nio-192.168.137.153-8080-Acceptor" daemon [_thread_in_native, id=4698, stack(0x6aac0000,0x6ab10000)]
  0xb5e0f000 JavaThread "DestroyJavaVM" [_thread_blocked, id=4551, stack(0xb5fae000,0xb5ffe000)]
  0x6b69c800 JavaThread "SIGINT handler" daemon [_thread_blocked, id=4966, stack(0x6a04e000,0x6a0ce000)]
  0x6eb1e400 JavaThread "Thread-1" [_thread_blocked, id=4968, stack(0x69e60000,0x69eb0000)]
=>0x6eb1f800 JavaThread "SpringApplicationShutdownHook" [_thread_in_Java, id=4969, stack(0x69e10000,0x69e60000)]
  0x6ebf0c00 JavaThread "pi4j-shutdown" daemon [_thread_in_native, id=4970, stack(0x69dc0000,0x69e10000)]
  0x6e696800 JavaThread "pi4j-shutdown" daemon [_thread_in_native, id=4971, stack(0x69d70000,0x69dc0000)]

Other Threads:
  0x70730c00 VMThread "VM Thread" [stack: 0x70834000,0x708b4000] [id=4557]
  0x7079fc00 WatcherThread [stack: 0x6ff86000,0x70006000] [id=4564]
  0xb5e23400 GCTaskThread "GC Thread#0" [stack: 0xb3bd1000,0xb3c51000] [id=4552]
  0x70500c00 GCTaskThread "GC Thread#1" [stack: 0x6f880000,0x6f900000] [id=4577]
  0x70507800 GCTaskThread "GC Thread#2" [stack: 0x6ea80000,0x6eb00000] [id=4595]
  0x70508400 GCTaskThread "GC Thread#3" [stack: 0x6e9fe000,0x6ea7e000] [id=4596]
  0xb5e78800 ConcurrentGCThread "G1 Main Marker" [stack: 0xb3b4f000,0xb3bcf000] [id=4553]
  0xb5e79c00 ConcurrentGCThread "G1 Conc#0" [stack: 0x71380000,0x71400000] [id=4554]
  0xb5ee1400 ConcurrentGCThread "G1 Refine#0" [stack: 0x71080000,0x71100000] [id=4555]
  0xb5ee2800 ConcurrentGCThread "G1 Young RemSet Sampling" [stack: 0x70e80000,0x70f00000] [id=4556]

Threads with active compile tasks:

VM state:not at safepoint (normal execution)

VM Mutex/Monitor currently owned by a thread: None

Heap:
 garbage-first heap   total 100352K, used 65445K [0x73a00000, 0xb3a00000)
  region size 1024K, 43 young (44032K), 3 survivors (3072K)
 Metaspace       used 46377K, capacity 47377K, committed 47488K, reserved 48432K
Heap Regions: E=young(eden), S=young(survivor), O=old, HS=humongous(starts), HC=humongous(continues), CS=collection set, F=free, A=archive, TAMS=top-at-mark-start (previous, next)
|   0|0x73a00000, 0x73b00000, 0x73b00000|100%| O|  |TAMS 0x73b00000, 0x73a00000| Untracked 
|   1|0x73b00000, 0x73c00000, 0x73c00000|100%| O|  |TAMS 0x73c00000, 0x73b00000| Untracked 
|   2|0x73c00000, 0x73d00000, 0x73d00000|100%| O|  |TAMS 0x73d00000, 0x73c00000| Untracked 
|   3|0x73d00000, 0x73e00000, 0x73e00000|100%| O|  |TAMS 0x73e00000, 0x73d00000| Untracked 
|   4|0x73e00000, 0x73f00000, 0x73f00000|100%| O|  |TAMS 0x73f00000, 0x73e00000| Untracked 
|   5|0x73f00000, 0x74000000, 0x74000000|100%| O|  |TAMS 0x74000000, 0x73f00000| Untracked 
|   6|0x74000000, 0x74100000, 0x74100000|100%| O|  |TAMS 0x74100000, 0x74000000| Untracked 
|   7|0x74100000, 0x74200000, 0x74200000|100%| O|  |TAMS 0x74200000, 0x74100000| Untracked 
|   8|0x74200000, 0x74300000, 0x74300000|100%| O|  |TAMS 0x74300000, 0x74200000| Untracked 
|   9|0x74300000, 0x74400000, 0x74400000|100%| O|  |TAMS 0x74400000, 0x74300000| Untracked 
|  10|0x74400000, 0x74500000, 0x74500000|100%| O|  |TAMS 0x74500000, 0x74400000| Untracked 
|  11|0x74500000, 0x74600000, 0x74600000|100%| O|  |TAMS 0x74600000, 0x74500000| Untracked 
|  12|0x74600000, 0x74700000, 0x74700000|100%| O|  |TAMS 0x74700000, 0x74600000| Untracked 
|  13|0x74700000, 0x74800000, 0x74800000|100%| O|  |TAMS 0x74800000, 0x74700000| Untracked 
|  14|0x74800000, 0x74900000, 0x74900000|100%| O|  |TAMS 0x74900000, 0x74800000| Untracked 
|  15|0x74900000, 0x74a00000, 0x74a00000|100%| O|  |TAMS 0x74a00000, 0x74900000| Untracked 
|  16|0x74a00000, 0x74b00000, 0x74b00000|100%| O|  |TAMS 0x74b00000, 0x74a00000| Untracked 
|  17|0x74b00000, 0x74c00000, 0x74c00000|100%| O|  |TAMS 0x74c00000, 0x74b00000| Untracked 
|  18|0x74c00000, 0x74d00000, 0x74d00000|100%| O|  |TAMS 0x74d00000, 0x74c00000| Untracked 
|  19|0x74d00000, 0x74e00000, 0x74e00000|100%| O|  |TAMS 0x74e00000, 0x74d00000| Untracked 
|  20|0x74e00000, 0x74f00000, 0x74f00000|100%| O|  |TAMS 0x74f00000, 0x74e00000| Untracked 
|  21|0x74f00000, 0x75000000, 0x75000000|100%| O|  |TAMS 0x75000000, 0x74f00000| Untracked 
|  22|0x75000000, 0x75011800, 0x75100000|  6%| O|  |TAMS 0x75011800, 0x75000000| Untracked 
|  23|0x75100000, 0x75100000, 0x75200000|  0%| F|  |TAMS 0x75100000, 0x75100000| Untracked 
|  24|0x75200000, 0x75200000, 0x75300000|  0%| F|  |TAMS 0x75200000, 0x75200000| Untracked 
|  25|0x75300000, 0x75300000, 0x75400000|  0%| F|  |TAMS 0x75300000, 0x75300000| Untracked 
|  26|0x75400000, 0x75400000, 0x75500000|  0%| F|  |TAMS 0x75400000, 0x75400000| Untracked 
|  27|0x75500000, 0x75500000, 0x75600000|  0%| F|  |TAMS 0x75500000, 0x75500000| Untracked 
|  28|0x75600000, 0x75600000, 0x75700000|  0%| F|  |TAMS 0x75600000, 0x75600000| Untracked 
|  29|0x75700000, 0x75700000, 0x75800000|  0%| F|  |TAMS 0x75700000, 0x75700000| Untracked 
|  30|0x75800000, 0x75800000, 0x75900000|  0%| F|  |TAMS 0x75800000, 0x75800000| Untracked 
|  31|0x75900000, 0x75900000, 0x75a00000|  0%| F|  |TAMS 0x75900000, 0x75900000| Untracked 
|  32|0x75a00000, 0x75a00000, 0x75b00000|  0%| F|  |TAMS 0x75a00000, 0x75a00000| Untracked 
|  33|0x75b00000, 0x75b00000, 0x75c00000|  0%| F|  |TAMS 0x75b00000, 0x75b00000| Untracked 
|  34|0x75c00000, 0x75c00000, 0x75d00000|  0%| F|  |TAMS 0x75c00000, 0x75c00000| Untracked 
|  35|0x75d00000, 0x75d00000, 0x75e00000|  0%| F|  |TAMS 0x75d00000, 0x75d00000| Untracked 
|  36|0x75e00000, 0x75e00000, 0x75f00000|  0%| F|  |TAMS 0x75e00000, 0x75e00000| Untracked 
|  37|0x75f00000, 0x75f00000, 0x76000000|  0%| F|  |TAMS 0x75f00000, 0x75f00000| Untracked 
|  38|0x76000000, 0x76000000, 0x76100000|  0%| F|  |TAMS 0x76000000, 0x76000000| Untracked 
|  39|0x76100000, 0x76100000, 0x76200000|  0%| F|  |TAMS 0x76100000, 0x76100000| Untracked 
|  40|0x76200000, 0x76200000, 0x76300000|  0%| F|  |TAMS 0x76200000, 0x76200000| Untracked 
|  41|0x76300000, 0x76300000, 0x76400000|  0%| F|  |TAMS 0x76300000, 0x76300000| Untracked 
|  42|0x76400000, 0x76400000, 0x76500000|  0%| F|  |TAMS 0x76400000, 0x76400000| Untracked 
|  43|0x76500000, 0x76500000, 0x76600000|  0%| F|  |TAMS 0x76500000, 0x76500000| Untracked 
|  44|0x76600000, 0x76600000, 0x76700000|  0%| F|  |TAMS 0x76600000, 0x76600000| Untracked 
|  45|0x76700000, 0x76700000, 0x76800000|  0%| F|  |TAMS 0x76700000, 0x76700000| Untracked 
|  46|0x76800000, 0x76800000, 0x76900000|  0%| F|  |TAMS 0x76800000, 0x76800000| Untracked 
|  47|0x76900000, 0x76900000, 0x76a00000|  0%| F|  |TAMS 0x76900000, 0x76900000| Untracked 
|  48|0x76a00000, 0x76a00000, 0x76b00000|  0%| F|  |TAMS 0x76a00000, 0x76a00000| Untracked 
|  49|0x76b00000, 0x76b00000, 0x76c00000|  0%| F|  |TAMS 0x76b00000, 0x76b00000| Untracked 
|  50|0x76c00000, 0x76c00000, 0x76d00000|  0%| F|  |TAMS 0x76c00000, 0x76c00000| Untracked 
|  51|0x76d00000, 0x76d00000, 0x76e00000|  0%| F|  |TAMS 0x76d00000, 0x76d00000| Untracked 
|  52|0x76e00000, 0x76e00000, 0x76f00000|  0%| F|  |TAMS 0x76e00000, 0x76e00000| Untracked 
|  53|0x76f00000, 0x76f00000, 0x77000000|  0%| F|  |TAMS 0x76f00000, 0x76f00000| Untracked 
|  54|0x77000000, 0x77000000, 0x77100000|  0%| F|  |TAMS 0x77000000, 0x77000000| Untracked 
|  55|0x77100000, 0x77200000, 0x77200000|100%| E|  |TAMS 0x77100000, 0x77100000| Complete 
|  56|0x77200000, 0x77300000, 0x77300000|100%| E|CS|TAMS 0x77200000, 0x77200000| Complete 
|  57|0x77300000, 0x77400000, 0x77400000|100%| E|CS|TAMS 0x77300000, 0x77300000| Complete 
|  58|0x77400000, 0x77500000, 0x77500000|100%| E|CS|TAMS 0x77400000, 0x77400000| Complete 
|  59|0x77500000, 0x77600000, 0x77600000|100%| E|CS|TAMS 0x77500000, 0x77500000| Complete 
|  60|0x77600000, 0x77700000, 0x77700000|100%| E|CS|TAMS 0x77600000, 0x77600000| Complete 
|  61|0x77700000, 0x77800000, 0x77800000|100%| E|CS|TAMS 0x77700000, 0x77700000| Complete 
|  62|0x77800000, 0x77900000, 0x77900000|100%| E|CS|TAMS 0x77800000, 0x77800000| Complete 
|  63|0x77900000, 0x77a00000, 0x77a00000|100%| E|CS|TAMS 0x77900000, 0x77900000| Complete 
|  64|0x77a00000, 0x77b00000, 0x77b00000|100%| E|CS|TAMS 0x77a00000, 0x77a00000| Complete 
|  65|0x77b00000, 0x77c00000, 0x77c00000|100%| E|CS|TAMS 0x77b00000, 0x77b00000| Complete 
|  66|0x77c00000, 0x77d00000, 0x77d00000|100%| E|CS|TAMS 0x77c00000, 0x77c00000| Complete 
|  67|0x77d00000, 0x77dd7c80, 0x77e00000| 84%| S|CS|TAMS 0x77d00000, 0x77d00000| Complete 
|  68|0x77e00000, 0x77f00000, 0x77f00000|100%| S|CS|TAMS 0x77e00000, 0x77e00000| Complete 
|  69|0x77f00000, 0x78000000, 0x78000000|100%| S|CS|TAMS 0x77f00000, 0x77f00000| Complete 
|  70|0x78000000, 0x78100000, 0x78100000|100%| E|CS|TAMS 0x78000000, 0x78000000| Complete 
|  71|0x78100000, 0x78200000, 0x78200000|100%| E|CS|TAMS 0x78100000, 0x78100000| Complete 
|  72|0x78200000, 0x78300000, 0x78300000|100%| E|CS|TAMS 0x78200000, 0x78200000| Complete 
|  73|0x78300000, 0x78400000, 0x78400000|100%| E|CS|TAMS 0x78300000, 0x78300000| Complete 
|  74|0x78400000, 0x78500000, 0x78500000|100%| E|CS|TAMS 0x78400000, 0x78400000| Complete 
|  75|0x78500000, 0x78600000, 0x78600000|100%| E|CS|TAMS 0x78500000, 0x78500000| Complete 
|  76|0x78600000, 0x78700000, 0x78700000|100%| E|CS|TAMS 0x78600000, 0x78600000| Complete 
|  77|0x78700000, 0x78800000, 0x78800000|100%| E|CS|TAMS 0x78700000, 0x78700000| Complete 
|  78|0x78800000, 0x78900000, 0x78900000|100%| E|CS|TAMS 0x78800000, 0x78800000| Complete 
|  79|0x78900000, 0x78a00000, 0x78a00000|100%| E|CS|TAMS 0x78900000, 0x78900000| Complete 
|  80|0x78a00000, 0x78b00000, 0x78b00000|100%| E|CS|TAMS 0x78a00000, 0x78a00000| Complete 
|  81|0x78b00000, 0x78c00000, 0x78c00000|100%| E|CS|TAMS 0x78b00000, 0x78b00000| Complete 
|  82|0x78c00000, 0x78d00000, 0x78d00000|100%| E|CS|TAMS 0x78c00000, 0x78c00000| Complete 
|  83|0x78d00000, 0x78e00000, 0x78e00000|100%| E|CS|TAMS 0x78d00000, 0x78d00000| Complete 
|  84|0x78e00000, 0x78f00000, 0x78f00000|100%| E|CS|TAMS 0x78e00000, 0x78e00000| Complete 
|  85|0x78f00000, 0x79000000, 0x79000000|100%| E|CS|TAMS 0x78f00000, 0x78f00000| Complete 
|  86|0x79000000, 0x79100000, 0x79100000|100%| E|CS|TAMS 0x79000000, 0x79000000| Complete 
|  87|0x79100000, 0x79200000, 0x79200000|100%| E|CS|TAMS 0x79100000, 0x79100000| Complete 
|  88|0x79200000, 0x79300000, 0x79300000|100%| E|CS|TAMS 0x79200000, 0x79200000| Complete 
|  89|0x79300000, 0x79400000, 0x79400000|100%| E|CS|TAMS 0x79300000, 0x79300000| Complete 
|  90|0x79400000, 0x79500000, 0x79500000|100%| E|CS|TAMS 0x79400000, 0x79400000| Complete 
|  91|0x79500000, 0x79600000, 0x79600000|100%| E|CS|TAMS 0x79500000, 0x79500000| Complete 
|  92|0x79600000, 0x79700000, 0x79700000|100%| E|CS|TAMS 0x79600000, 0x79600000| Complete 
|  93|0x79700000, 0x79800000, 0x79800000|100%| E|CS|TAMS 0x79700000, 0x79700000| Complete 
|  94|0x79800000, 0x79900000, 0x79900000|100%| E|CS|TAMS 0x79800000, 0x79800000| Complete 
|  95|0x79900000, 0x79a00000, 0x79a00000|100%| E|CS|TAMS 0x79900000, 0x79900000| Complete 
|  96|0x79a00000, 0x79b00000, 0x79b00000|100%| E|CS|TAMS 0x79a00000, 0x79a00000| Complete 
|  97|0x79b00000, 0x79c00000, 0x79c00000|100%| E|CS|TAMS 0x79b00000, 0x79b00000| Complete 

Card table byte_map: [0x73600000,0x73800000] _byte_map_base: 0x73263000

Marking Bits (Prev, Next): (CMBitMap*) 0xb5e75d48, (CMBitMap*) 0xb5e75d2c
 Prev Bits: [0x71400000, 0x72400000)
 Next Bits: [0x72400000, 0x73400000)

Polling page: 0xb6f0d000

Metaspace:

Usage:
   46,27 MB capacity,    45,29 MB ( 98%) used,   677,27 KB (  1%) free+waste,   321,84 KB ( <1%) overhead. 

Virtual space:
     47,30 MB reserved,      46,38 MB ( 98%) committed 

Chunk freelists:
31,00 KB

MaxMetaspaceSize: unlimited
No class space
Initial GC threshold: 16,00 MB
Current GC threshold: 75,42 MB
CDS: off

CodeCache: size=32768Kb used=3448Kb max_used=3461Kb free=29319Kb
 bounds [0xb3c91000, 0xb3ff9000, 0xb5c91000]
 total_blobs=1502 nmethods=1293 adapters=162
 compilation: enabled
              stopped_count=0, restarted_count=0
 full_count=0

Compilation events (20 events):
Event: 42,263 Thread 0x70747800 nmethod 1284 0xb3fe5088 code [0xb3fe5180, 0xb3fe51dc]
Event: 42,296 Thread 0x6e322000 nmethod 1271 0xb3fe0d08 code [0xb3fe0f10, 0xb3fe1ea4]
Event: 49,057 Thread 0x70747800 1285             java.lang.ClassLoader::getPackage (36 bytes)
Event: 49,072 Thread 0x70747800 nmethod 1285 0xb3fe2c08 code [0xb3fe2d90, 0xb3fe2fe8]
Event: 57,034 Thread 0x70747800 1286             java.util.concurrent.locks.AbstractQueuedSynchronizer::getState (5 bytes)
Event: 57,035 Thread 0x70747800 nmethod 1286 0xb3fe3308 code [0xb3fe3400, 0xb3fe345c]
Event: 137,815 Thread 0x70747800 1287             java.util.TimSort::binarySort (223 bytes)
Event: 137,856 Thread 0x70747800 nmethod 1287 0xb3fde408 code [0xb3fde520, 0xb3fdec4c]
Event: 137,856 Thread 0x70747800 1288             java.util.Comparators$NaturalOrderComparator::compare (13 bytes)
Event: 137,869 Thread 0x70747800 nmethod 1288 0xb3fdef08 code [0xb3fdf010, 0xb3fdf21c]
Event: 137,869 Thread 0x70747800 1289             java.util.Comparators$NaturalOrderComparator::compare (8 bytes)
Event: 137,882 Thread 0x70747800 nmethod 1289 0xb3fdd088 code [0xb3fdd190, 0xb3fdd38c]
Event: 138,112 Thread 0x70747800 1290             jdk.internal.reflect.ClassFileAssembler::append (30 bytes)
Event: 138,121 Thread 0x70747800 nmethod 1290 0xb3fdca88 code [0xb3fdcba0, 0xb3fdcdd8]
Event: 138,137 Thread 0x70747800 1291             com.fasterxml.jackson.databind.introspect.AnnotationMap::get (21 bytes)
Event: 138,140 Thread 0x70747800 nmethod 1291 0xb3fde108 code [0xb3fde210, 0xb3fde2f8]
Event: 138,141 Thread 0x70747800 1292             com.fasterxml.jackson.databind.AnnotationIntrospector::_findAnnotation (6 bytes)
Event: 138,143 Thread 0x70747800 nmethod 1292 0xb3fdc788 code [0xb3fdc880, 0xb3fdc8fc]
Event: 138,143 Thread 0x70747800 1293             com.fasterxml.jackson.databind.introspect.AnnotatedMember::getAnnotation (18 bytes)
Event: 138,147 Thread 0x70747800 nmethod 1293 0xb3fdc488 code [0xb3fdc590, 0xb3fdc698]

GC Heap History (20 events):
Event: 18,955 GC heap before
{Heap before GC invocations=17 (full 0):
 garbage-first heap   total 83968K, used 41695K [0x73a00000, 0xb3a00000)
  region size 1024K, 31 young (31744K), 4 survivors (4096K)
 Metaspace       used 27099K, capacity 27517K, committed 27520K, reserved 27952K
}
Event: 18,980 GC heap after
{Heap after GC invocations=18 (full 0):
 garbage-first heap   total 90112K, used 15553K [0x73a00000, 0xb3a00000)
  region size 1024K, 5 young (5120K), 5 survivors (5120K)
 Metaspace       used 27099K, capacity 27517K, committed 27520K, reserved 27952K
}
Event: 20,820 GC heap before
{Heap before GC invocations=19 (full 0):
 garbage-first heap   total 90112K, used 62657K [0x73a00000, 0xb3a00000)
  region size 1024K, 51 young (52224K), 5 survivors (5120K)
 Metaspace       used 29626K, capacity 30056K, committed 30080K, reserved 31024K
}
Event: 20,846 GC heap after
{Heap after GC invocations=20 (full 0):
 garbage-first heap   total 90112K, used 16206K [0x73a00000, 0xb3a00000)
  region size 1024K, 4 young (4096K), 4 survivors (4096K)
 Metaspace       used 29626K, capacity 30056K, committed 30080K, reserved 31024K
}
Event: 22,374 GC heap before
{Heap before GC invocations=20 (full 0):
 garbage-first heap   total 90112K, used 65358K [0x73a00000, 0xb3a00000)
  region size 1024K, 52 young (53248K), 4 survivors (4096K)
 Metaspace       used 32487K, capacity 32980K, committed 33024K, reserved 33072K
}
Event: 22,393 GC heap after
{Heap after GC invocations=21 (full 0):
 garbage-first heap   total 90112K, used 17319K [0x73a00000, 0xb3a00000)
  region size 1024K, 5 young (5120K), 5 survivors (5120K)
 Metaspace       used 32487K, capacity 32980K, committed 33024K, reserved 33072K
}
Event: 23,856 GC heap before
{Heap before GC invocations=21 (full 0):
 garbage-first heap   total 90112K, used 65447K [0x73a00000, 0xb3a00000)
  region size 1024K, 52 young (53248K), 5 survivors (5120K)
 Metaspace       used 35638K, capacity 36155K, committed 36224K, reserved 37168K
}
Event: 23,875 GC heap after
{Heap after GC invocations=22 (full 0):
 garbage-first heap   total 90112K, used 18045K [0x73a00000, 0xb3a00000)
  region size 1024K, 4 young (4096K), 4 survivors (4096K)
 Metaspace       used 35638K, capacity 36155K, committed 36224K, reserved 37168K
}
Event: 25,487 GC heap before
{Heap before GC invocations=22 (full 0):
 garbage-first heap   total 90112K, used 67197K [0x73a00000, 0xb3a00000)
  region size 1024K, 52 young (53248K), 4 survivors (4096K)
 Metaspace       used 38216K, capacity 38779K, committed 38912K, reserved 39216K
}
Event: 25,516 GC heap after
{Heap after GC invocations=23 (full 0):
 garbage-first heap   total 95232K, used 19650K [0x73a00000, 0xb3a00000)
  region size 1024K, 5 young (5120K), 5 survivors (5120K)
 Metaspace       used 38216K, capacity 38779K, committed 38912K, reserved 39216K
}
Event: 27,274 GC heap before
{Heap before GC invocations=23 (full 0):
 garbage-first heap   total 95232K, used 70850K [0x73a00000, 0xb3a00000)
  region size 1024K, 55 young (56320K), 5 survivors (5120K)
 Metaspace       used 40085K, capacity 40729K, committed 40832K, reserved 41264K
}
Event: 27,304 GC heap after
{Heap after GC invocations=24 (full 0):
 garbage-first heap   total 95232K, used 20974K [0x73a00000, 0xb3a00000)
  region size 1024K, 5 young (5120K), 5 survivors (5120K)
 Metaspace       used 40085K, capacity 40729K, committed 40832K, reserved 41264K
}
Event: 29,240 GC heap before
{Heap before GC invocations=24 (full 0):
 garbage-first heap   total 95232K, used 72174K [0x73a00000, 0xb3a00000)
  region size 1024K, 55 young (56320K), 5 survivors (5120K)
 Metaspace       used 41217K, capacity 41910K, committed 41984K, reserved 42288K
}
Event: 29,262 GC heap after
{Heap after GC invocations=25 (full 0):
 garbage-first heap   total 95232K, used 22957K [0x73a00000, 0xb3a00000)
  region size 1024K, 6 young (6144K), 6 survivors (6144K)
 Metaspace       used 41217K, capacity 41910K, committed 41984K, reserved 42288K
}
Event: 31,136 GC heap before
{Heap before GC invocations=25 (full 0):
 garbage-first heap   total 95232K, used 73133K [0x73a00000, 0xb3a00000)
  region size 1024K, 55 young (56320K), 6 survivors (6144K)
 Metaspace       used 42523K, capacity 43235K, committed 43264K, reserved 43312K
}
Event: 31,173 GC heap after
{Heap after GC invocations=26 (full 0):
 garbage-first heap   total 95232K, used 24734K [0x73a00000, 0xb3a00000)
  region size 1024K, 6 young (6144K), 6 survivors (6144K)
 Metaspace       used 42523K, capacity 43235K, committed 43264K, reserved 43312K
}
Event: 39,881 GC heap before
{Heap before GC invocations=26 (full 0):
 garbage-first heap   total 95232K, used 74910K [0x73a00000, 0xb3a00000)
  region size 1024K, 55 young (56320K), 6 survivors (6144K)
 Metaspace       used 44546K, capacity 45446K, committed 45568K, reserved 46384K
}
Event: 39,943 GC heap after
{Heap after GC invocations=27 (full 0):
 garbage-first heap   total 100352K, used 25655K [0x73a00000, 0xb3a00000)
  region size 1024K, 5 young (5120K), 5 survivors (5120K)
 Metaspace       used 44546K, capacity 45446K, committed 45568K, reserved 46384K
}
Event: 40,549 GC heap before
{Heap before GC invocations=27 (full 0):
 garbage-first heap   total 100352K, used 53303K [0x73a00000, 0xb3a00000)
  region size 1024K, 33 young (33792K), 5 survivors (5120K)
 Metaspace       used 45201K, capacity 46076K, committed 46080K, reserved 46384K
}
Event: 40,586 GC heap after
{Heap after GC invocations=28 (full 0):
 garbage-first heap   total 100352K, used 25509K [0x73a00000, 0xb3a00000)
  region size 1024K, 3 young (3072K), 3 survivors (3072K)
 Metaspace       used 45201K, capacity 46076K, committed 46080K, reserved 46384K
}

Deoptimization events (20 events):
Event: 137,936 Thread 0x6edc2800 Uncommon trap: trap_request=0xffffff4d fr.pc=0xb3ceeb04 relative=0x00000084
Event: 137,936 Thread 0x6edc2800 Uncommon trap: reason=unstable_if action=reinterpret pc=0xb3ceeb04 method=java.net.URI.match(CJJ)Z @ 19 c2
Event: 137,936 Thread 0x6edc2800 DEOPT PACKING pc=0xb3ceeb04 sp=0x6adad598
Event: 137,936 Thread 0x6edc2800 DEOPT UNPACKING pc=0xb3cc0bfc sp=0x6adad580 mode 2
Event: 138,238 Thread 0x6edc2800 Uncommon trap: trap_request=0xffffffde fr.pc=0xb3fdc644 relative=0x000000b4
Event: 138,238 Thread 0x6edc2800 Uncommon trap: reason=class_check action=maybe_recompile pc=0xb3fdc644 method=com.fasterxml.jackson.databind.introspect.AnnotationMap.get(Ljava/lang/Class;)Ljava/lang/annotation/Annotation; @ 17 c2
Event: 138,238 Thread 0x6edc2800 DEOPT PACKING pc=0xb3fdc644 sp=0x6adad910
Event: 138,238 Thread 0x6edc2800 DEOPT UNPACKING pc=0xb3cc0bfc sp=0x6adad8b4 mode 2
Event: 138,239 Thread 0x6edc2800 Uncommon trap: trap_request=0xffffffde fr.pc=0xb3fdc644 relative=0x000000b4
Event: 138,239 Thread 0x6edc2800 Uncommon trap: reason=class_check action=maybe_recompile pc=0xb3fdc644 method=com.fasterxml.jackson.databind.introspect.AnnotationMap.get(Ljava/lang/Class;)Ljava/lang/annotation/Annotation; @ 17 c2
Event: 138,239 Thread 0x6edc2800 DEOPT PACKING pc=0xb3fdc644 sp=0x6adad9f8
Event: 138,239 Thread 0x6edc2800 DEOPT UNPACKING pc=0xb3cc0bfc sp=0x6adad99c mode 2
Event: 179,540 Thread 0x70743800 Uncommon trap: trap_request=0xffffffde fr.pc=0xb3d9e5a0 relative=0x00000400
Event: 179,540 Thread 0x70743800 Uncommon trap: reason=class_check action=maybe_recompile pc=0xb3d9e5a0 method=java.util.Hashtable.get(Ljava/lang/Object;)Ljava/lang/Object; @ 6 c2
Event: 179,540 Thread 0x70743800 DEOPT PACKING pc=0xb3d9e5a0 sp=0x706fea20
Event: 179,540 Thread 0x70743800 DEOPT UNPACKING pc=0xb3cc0bfc sp=0x706fe9f8 mode 2
Event: 179,540 Thread 0x70743800 Uncommon trap: trap_request=0xffffffde fr.pc=0xb3d9e5a0 relative=0x00000400
Event: 179,540 Thread 0x70743800 Uncommon trap: reason=class_check action=maybe_recompile pc=0xb3d9e5a0 method=java.util.Hashtable.get(Ljava/lang/Object;)Ljava/lang/Object; @ 6 c2
Event: 179,540 Thread 0x70743800 DEOPT PACKING pc=0xb3d9e5a0 sp=0x706fea20
Event: 179,540 Thread 0x70743800 DEOPT UNPACKING pc=0xb3cc0bfc sp=0x706fe9f8 mode 2

Classes redefined (0 events):
No events

Internal exceptions (20 events):
Event: 28,767 Thread 0xb5e0f000 Exception <a 'java/lang/ClassNotFoundException'{0x7727f840}: org/springframework/context/SmartLifecycleCustomizer> (0x7727f840) thrown at [src/hotspot/share/classfile/systemDictionary.cpp, line 230]
Event: 28,769 Thread 0xb5e0f000 Exception <a 'java/lang/ClassNotFoundException'{0x772c6618}: org/springframework/context/LifecycleCustomizer> (0x772c6618) thrown at [src/hotspot/share/classfile/systemDictionary.cpp, line 230]
Event: 28,772 Thread 0xb5e0f000 Exception <a 'java/lang/ClassNotFoundException'{0x7710b7e8}: org/springframework/context/PhasedCustomizer> (0x7710b7e8) thrown at [src/hotspot/share/classfile/systemDictionary.cpp, line 230]
Event: 29,488 Thread 0xb5e0f000 Exception <a 'java/lang/NoSuchMethodError'{0x78d1d130}: 'void java.lang.invoke.DirectMethodHandle$Holder.invokeVirtual(java.lang.Object, java.lang.Object, int)'> (0x78d1d130) thrown at [src/hotspot/share/interpreter/linkResolver.cpp, line 773]
Event: 29,496 Thread 0xb5e0f000 Exception <a 'java/lang/NoSuchMethodError'{0x78d36fa8}: 'void java.lang.invoke.DirectMethodHandle$Holder.invokeVirtual(java.lang.Object, java.lang.Object, long)'> (0x78d36fa8) thrown at [src/hotspot/share/interpreter/linkResolver.cpp, line 773]
Event: 30,270 Thread 0xb5e0f000 Exception <a 'java/lang/IncompatibleClassChangeError'{0x77eed1b8}: Found class java.lang.Object, but interface was expected> (0x77eed1b8) thrown at [src/hotspot/share/interpreter/linkResolver.cpp, line 839]
Event: 30,531 Thread 0xb5e0f000 Exception <a 'java/lang/NoSuchMethodError'{0x7782ffc8}: 'int java.lang.invoke.DirectMethodHandle$Holder.invokeStaticInit(java.lang.Object, java.lang.Object, java.lang.Object, java.lang.Object)'> (0x7782ffc8) thrown at [src/hotspot/share/interpreter/linkResolver.cpp, line 773]
Event: 30,971 Thread 0xb5e0f000 Exception <a 'java/lang/NoSuchMethodError'{0x77042c08}: 'java.lang.Object java.lang.invoke.DirectMethodHandle$Holder.invokeSpecial(java.lang.Object, java.lang.Object, int, java.lang.Object, int, java.lang.Object)'> (0x77042c08) thrown at [src/hotspot/share/interpreter/linkResolver.cpp, line 773]
Event: 30,973 Thread 0xb5e0f000 Exception <a 'java/lang/NoSuchMethodError'{0x7704aae8}: 'java.lang.Object java.lang.invoke.DirectMethodHandle$Holder.invokeStatic(java.lang.Object, java.lang.Object, int, java.lang.Object, int)'> (0x7704aae8) thrown at [src/hotspot/share/interpreter/linkResolver.cpp, line 773]
Event: 30,974 Thread 0xb5e0f000 Exception <a 'java/lang/NoSuchMethodError'{0x7704e268}: 'java.lang.Object java.lang.invoke.DirectMethodHandle$Holder.invokeSpecial(java.lang.Object, java.lang.Object, java.lang.Object, int, java.lang.Object, int)'> (0x7704e268) thrown at [src/hotspot/share/interpreter/linkResolver.cpp, line 773]
Event: 30,978 Thread 0xb5e0f000 Exception <a 'java/lang/NoSuchMethodError'{0x77063ec0}: 'void java.lang.invoke.DirectMethodHandle$Holder.invokeVirtual(java.lang.Object, java.lang.Object)'> (0x77063ec0) thrown at [src/hotspot/share/interpreter/linkResolver.cpp, line 773]
Event: 31,524 Thread 0xb5e0f000 Implicit null exception at 0xb3ea3b74 to 0xb3ea3c14
Event: 31,873 Thread 0xb5e0f000 Exception <a 'java/lang/NoSuchMethodError'{0x785ddf68}: 'java.lang.Object java.lang.invoke.Invokers$Holder.linkToTargetMethod(java.lang.Object, java.lang.Object, java.lang.Object, java.lang.Object, java.lang.Object, java.lang.Object, java.lang.Object)'> (0x785ddf68) thrown at [src/hotspot/share/interpreter/linkResolver.cpp, line 773]
Event: 32,322 Thread 0xb5e0f000 Exception <a 'java/lang/NoSuchMethodError'{0x77b3d278}: 'java.lang.Object java.lang.invoke.DirectMethodHandle$Holder.invokeStatic(java.lang.Object, java.lang.Object, java.lang.Object, int)'> (0x77b3d278) thrown at [src/hotspot/share/interpreter/linkResolver.cpp, line 773]
Event: 32,323 Thread 0xb5e0f000 Exception <a 'java/lang/NoSuchMethodError'{0x77b40cc8}: 'java.lang.Object java.lang.invoke.DirectMethodHandle$Holder.invokeSpecial(java.lang.Object, java.lang.Object, java.lang.Object, java.lang.Object, int)'> (0x77b40cc8) thrown at [src/hotspot/share/interpreter/linkResolver.cpp, line 773]
Event: 32,324 Thread 0xb5e0f000 Exception <a 'java/lang/NoSuchMethodError'{0x77b43c60}: 'java.lang.Object java.lang.invoke.Invokers$Holder.linkToTargetMethod(java.lang.Object, java.lang.Object, int, java.lang.Object)'> (0x77b43c60) thrown at [src/hotspot/share/interpreter/linkResolver.cpp, line 773]
Event: 41,048 Thread 0x6c8a3400 Exception <a 'java/lang/NoSuchMethodError'{0x7927ebc8}: 'java.lang.Object java.lang.invoke.DirectMethodHandle$Holder.invokeStatic(java.lang.Object, java.lang.Object, java.lang.Object, java.lang.Object, java.lang.Object, java.lang.Object, java.lang.Object, java.lang.Object, java.lang.Object, java.lang.Object, java.lang.Object, java.lang.Object, java.lang.Object, int)'> (0x7927ebc8) thrown at [src/hotspot/share/interpreter/linkResolver.cpp, line 773]
Event: 41,060 Thread 0x6c8a3400 Exception <a 'java/lang/NoSuchMethodError'{0x792a41f8}: 'java.lang.Object java.lang.invoke.DirectMethodHandle$Holder.invokeStatic(java.lang.Object, java.lang.Object, java.lang.Object, java.lang.Object, java.lang.Object, java.lang.Object, java.lang.Object, java.lang.Object, java.lang.Object, java.lang.Object, java.lang.Object, java.lang.Object, java.lang.Object, int, int)'> (0x792a41f8) thrown at [src/hotspot/share/interpreter/linkResolver.cpp, line 773]
Event: 49,053 Thread 0x6c8a3400 Implicit null exception at 0xb3ec77d8 to 0xb3ec7954
Event: 49,104 Thread 0x6c8a3400 Implicit null exception at 0xb3fe156c to 0xb3fe1dd0

Events (20 events):
Event: 179,586 Executing VM operation: RevokeBias done
Event: 179,591 Executing VM operation: RevokeBias
Event: 179,591 Protecting memory [0xb6f0d000,0xb6f0e000] with protection modes 0
Event: 179,591 loading class java/net/SocketCleanable
Event: 179,593 loading class java/net/SocketCleanable done
Event: 179,593 Protecting memory [0xb6f0d000,0xb6f0e000] with protection modes 1
Event: 179,593 Executing VM operation: RevokeBias done
Event: 179,594 Thread 0x70fad000 Thread exited: 0x70fad000
Event: 179,596 loading class java/net/SocksSocketImpl$3
Event: 179,596 loading class java/net/SocksSocketImpl$3 done
Event: 179,597 loading class java/net/ProxySelector
Event: 179,600 loading class java/net/ProxySelector done
Event: 179,600 loading class sun/net/spi/DefaultProxySelector
Event: 179,601 loading class sun/net/spi/DefaultProxySelector done
Event: 179,602 loading class java/net/Proxy
Event: 179,603 loading class java/net/Proxy done
Event: 179,603 loading class java/net/Proxy$Type
Event: 179,603 loading class java/net/Proxy$Type done
Event: 179,603 loading class sun/net/spi/DefaultProxySelector$1
Event: 179,605 loading class sun/net/spi/DefaultProxySelector$1 done


Dynamic libraries:
00010000-00011000 r-xp 00000000 b3:02 645091     /usr/lib/jvm/java-11-openjdk-armhf/bin/java
00020000-00021000 r--p 00000000 b3:02 645091     /usr/lib/jvm/java-11-openjdk-armhf/bin/java
00021000-00022000 rw-p 00001000 b3:02 645091     /usr/lib/jvm/java-11-openjdk-armhf/bin/java
0176f000-01aa8000 rw-p 00000000 00:00 0          [heap]
69b00000-69bfc000 rw-p 00000000 00:00 0 
69bfc000-69c00000 ---p 00000000 00:00 0 
69d20000-69d23000 ---p 00000000 00:00 0 
69d23000-69d70000 rw-p 00000000 00:00 0 
69d70000-69d73000 ---p 00000000 00:00 0 
69d73000-69dc0000 rw-p 00000000 00:00 0 
69dc0000-69dc3000 ---p 00000000 00:00 0 
69dc3000-69e10000 rw-p 00000000 00:00 0 
69e10000-69e13000 ---p 00000000 00:00 0 
69e13000-69e60000 rw-p 00000000 00:00 0 
69e60000-69e63000 ---p 00000000 00:00 0 
69e63000-69eb0000 rw-p 00000000 00:00 0 
69eb0000-69eb3000 ---p 00000000 00:00 0 
69eb3000-69f00000 rw-p 00000000 00:00 0 
69f00000-69ff9000 rw-p 00000000 00:00 0 
69ff9000-6a000000 ---p 00000000 00:00 0 
6a04e000-6a051000 ---p 00000000 00:00 0 
6a051000-6a0ce000 rw-p 00000000 00:00 0 
6a55c000-6a599000 r-xp 00000000 b3:02 36422      /usr/lib/libpigpio.so.1
6a599000-6a5a9000 ---p 0003d000 b3:02 36422      /usr/lib/libpigpio.so.1
6a5a9000-6a5aa000 r--p 0003d000 b3:02 36422      /usr/lib/libpigpio.so.1
6a5aa000-6a5ac000 rw-p 0003e000 b3:02 36422      /usr/lib/libpigpio.so.1
6a5ac000-6a740000 rw-p 00000000 00:00 0 
6a740000-6a840000 rw-p 00000000 00:00 0 
6a840000-6a940000 rw-p 00000000 00:00 0 
6a940000-6a943000 ---p 00000000 00:00 0 
6a943000-6aac0000 rw-p 00000000 00:00 0 
6aac0000-6aac3000 ---p 00000000 00:00 0 
6aac3000-6ab10000 rw-p 00000000 00:00 0 
6ab10000-6ab13000 ---p 00000000 00:00 0 
6ab13000-6ab60000 rw-p 00000000 00:00 0 
6ab60000-6ab63000 ---p 00000000 00:00 0 
6ab63000-6abb0000 rw-p 00000000 00:00 0 
6abb0000-6abb3000 ---p 00000000 00:00 0 
6abb3000-6ac00000 rw-p 00000000 00:00 0 
6ac00000-6acb6000 rw-p 00000000 00:00 0 
6acb6000-6ad00000 ---p 00000000 00:00 0 
6ad10000-6ad13000 ---p 00000000 00:00 0 
6ad13000-6ad60000 rw-p 00000000 00:00 0 
6ad60000-6ad63000 ---p 00000000 00:00 0 
6ad63000-6adb0000 rw-p 00000000 00:00 0 
6adb0000-6adb3000 ---p 00000000 00:00 0 
6adb3000-6ae00000 rw-p 00000000 00:00 0 
6ae00000-6aefa000 rw-p 00000000 00:00 0 
6aefa000-6af00000 ---p 00000000 00:00 0 
6af00000-6b000000 rw-p 00000000 00:00 0 
6b000000-6b0f2000 rw-p 00000000 00:00 0 
6b0f2000-6b100000 ---p 00000000 00:00 0 
6b100000-6b200000 rw-p 00000000 00:00 0 
6b200000-6b2f8000 rw-p 00000000 00:00 0 
6b2f8000-6b300000 ---p 00000000 00:00 0 
6b300000-6b3fc000 rw-p 00000000 00:00 0 
6b3fc000-6b400000 ---p 00000000 00:00 0 
6b400000-6b500000 rw-p 00000000 00:00 0 
6b500000-6b600000 rw-p 00000000 00:00 0 
6b600000-6b6f5000 rw-p 00000000 00:00 0 
6b6f5000-6b700000 ---p 00000000 00:00 0 
6b723000-6b726000 ---p 00000000 00:00 0 
6b726000-6b873000 rw-p 00000000 00:00 0 
6b8b0000-6b8b3000 ---p 00000000 00:00 0 
6b8b3000-6ba00000 rw-p 00000000 00:00 0 
6ba00000-6ba3a000 rw-p 00000000 00:00 0 
6ba3a000-6bb00000 ---p 00000000 00:00 0 
6bb00000-6bc00000 rw-p 00000000 00:00 0 
6bc00000-6bcfe000 rw-p 00000000 00:00 0 
6bcfe000-6bd00000 ---p 00000000 00:00 0 
6bd00000-6be00000 rw-p 00000000 00:00 0 
6be00000-6bf00000 rw-p 00000000 00:00 0 
6bf00000-6c000000 rw-p 00000000 00:00 0 
6c000000-6c100000 rw-p 00000000 00:00 0 
6c100000-6c300000 rw-p 00000000 00:00 0 
6c300000-6c400000 rw-p 00000000 00:00 0 
6c400000-6c500000 rw-p 00000000 00:00 0 
6c500000-6c600000 rw-p 00000000 00:00 0 
6c600000-6c700000 rw-p 00000000 00:00 0 
6c700000-6c800000 rw-p 00000000 00:00 0 
6c800000-6ca00000 rw-p 00000000 00:00 0 
6ca00000-6cb00000 rw-p 00000000 00:00 0 
6cb00000-6cc00000 rw-p 00000000 00:00 0 
6cc10000-6cc13000 ---p 00000000 00:00 0 
6cc13000-6cd60000 rw-p 00000000 00:00 0 
6cd60000-6cd63000 ---p 00000000 00:00 0 
6cd63000-6cdb0000 rw-p 00000000 00:00 0 
6cdb0000-6cdb3000 ---p 00000000 00:00 0 
6cdb3000-6cf00000 rw-p 00000000 00:00 0 
6cf00000-6d000000 rw-p 00000000 00:00 0 
6d000000-6d100000 rw-p 00000000 00:00 0 
6d100000-6d200000 rw-p 00000000 00:00 0 
6d200000-6d277000 rw-p 00000000 00:00 0 
6d277000-6d300000 ---p 00000000 00:00 0 
6d300000-6d400000 rw-p 00000000 00:00 0 
6d400000-6d4f0000 rw-p 00000000 00:00 0 
6d4f0000-6d500000 ---p 00000000 00:00 0 
6d500000-6d600000 rw-p 00000000 00:00 0 
6d600000-6d700000 rw-p 00000000 00:00 0 
6d700000-6d800000 rw-p 00000000 00:00 0 
6d800000-6da00000 rw-p 00000000 00:00 0 
6da00000-6db00000 rw-p 00000000 00:00 0 
6db00000-6dbfc000 rw-p 00000000 00:00 0 
6dbfc000-6dc00000 ---p 00000000 00:00 0 
6dc00000-6dcfe000 rw-p 00000000 00:00 0 
6dcfe000-6dd00000 ---p 00000000 00:00 0 
6dd00000-6ddf9000 rw-p 00000000 00:00 0 
6ddf9000-6de00000 ---p 00000000 00:00 0 
6de00000-6dee8000 rw-p 00000000 00:00 0 
6dee8000-6df00000 ---p 00000000 00:00 0 
6df00000-6dfe3000 rw-p 00000000 00:00 0 
6dfe3000-6e000000 ---p 00000000 00:00 0 
6e000000-6e100000 rw-p 00000000 00:00 0 
6e100000-6e200000 rw-p 00000000 00:00 0 
6e200000-6e2f7000 rw-p 00000000 00:00 0 
6e2f7000-6e300000 ---p 00000000 00:00 0 
6e300000-6e400000 rw-p 00000000 00:00 0 
6e400000-6e4fa000 rw-p 00000000 00:00 0 
6e4fa000-6e500000 ---p 00000000 00:00 0 
6e500000-6e600000 rw-p 00000000 00:00 0 
6e600000-6e6fa000 rw-p 00000000 00:00 0 
6e6fa000-6e700000 ---p 00000000 00:00 0 
6e72c000-6e72f000 ---p 00000000 00:00 0 
6e72f000-6e77c000 rw-p 00000000 00:00 0 
6e77c000-6e77f000 ---p 00000000 00:00 0 
6e77f000-6e8fc000 rw-p 00000000 00:00 0 
6e8fc000-6e9fc000 rw-p 00000000 00:00 0 
6e9fc000-6e9fd000 ---p 00000000 00:00 0 
6e9fd000-6ea7e000 rw-p 00000000 00:00 0 
6ea7e000-6ea7f000 ---p 00000000 00:00 0 
6ea7f000-6eb00000 rw-p 00000000 00:00 0 
6eb00000-6ebff000 rw-p 00000000 00:00 0 
6ebff000-6ec00000 ---p 00000000 00:00 0 
6ec00000-6ed00000 rw-p 00000000 00:00 0 
6ed00000-6edfa000 rw-p 00000000 00:00 0 
6edfa000-6ee00000 ---p 00000000 00:00 0 
6ee00000-6ef00000 rw-p 00000000 00:00 0 
6ef00000-6f000000 rw-p 00000000 00:00 0 
6f000000-6f0f8000 rw-p 00000000 00:00 0 
6f0f8000-6f100000 ---p 00000000 00:00 0 
6f100000-6f1ff000 rw-p 00000000 00:00 0 
6f1ff000-6f200000 ---p 00000000 00:00 0 
6f200000-6f300000 rw-p 00000000 00:00 0 
6f300000-6f400000 rw-p 00000000 00:00 0 
6f400000-6f500000 rw-p 00000000 00:00 0 
6f500000-6f600000 rw-p 00000000 00:00 0 
6f600000-6f700000 rw-p 00000000 00:00 0 
6f700000-6f7f2000 rw-p 00000000 00:00 0 
6f7f2000-6f800000 ---p 00000000 00:00 0 
6f849000-6f86c000 r-xp 00000000 b3:02 645242     /usr/lib/jvm/java-11-openjdk-armhf/lib/libsunec.so
6f86c000-6f87b000 ---p 00023000 b3:02 645242     /usr/lib/jvm/java-11-openjdk-armhf/lib/libsunec.so
6f87b000-6f87d000 r--p 00022000 b3:02 645242     /usr/lib/jvm/java-11-openjdk-armhf/lib/libsunec.so
6f87d000-6f87e000 rw-p 00024000 b3:02 645242     /usr/lib/jvm/java-11-openjdk-armhf/lib/libsunec.so
6f87e000-6f87f000 ---p 00000000 00:00 0 
6f87f000-6fa00000 rw-p 00000000 00:00 0 
6fa00000-6faed000 rw-p 00000000 00:00 0 
6faed000-6fb00000 ---p 00000000 00:00 0 
6fb00000-6fbed000 rw-p 00000000 00:00 0 
6fbed000-6fc00000 ---p 00000000 00:00 0 
6fc30000-6fc33000 ---p 00000000 00:00 0 
6fc33000-6fc80000 rw-p 00000000 00:00 0 
6fc80000-6fc83000 ---p 00000000 00:00 0 
6fc83000-6fe00000 rw-p 00000000 00:00 0 
6fe00000-6fefc000 rw-p 00000000 00:00 0 
6fefc000-6ff00000 ---p 00000000 00:00 0 
6ff34000-6ff37000 ---p 00000000 00:00 0 
6ff37000-6ff84000 rw-p 00000000 00:00 0 
6ff84000-6ff85000 ---p 00000000 00:00 0 
6ff85000-70006000 rw-p 00000000 00:00 0 
70006000-70009000 ---p 00000000 00:00 0 
70009000-70086000 rw-p 00000000 00:00 0 
70086000-70300000 r--p 0006b000 b3:02 22076      /usr/lib/locale/locale-archive
70300000-70500000 r--p 00000000 b3:02 22076      /usr/lib/locale/locale-archive
70500000-705f3000 rw-p 00000000 00:00 0 
705f3000-70600000 ---p 00000000 00:00 0 
70601000-70607000 r-xp 00000000 b3:02 3349       /tmp/libpi4j-pigpio1396564493781905034.so
70607000-7060f000 ---p 00006000 b3:02 3349       /tmp/libpi4j-pigpio1396564493781905034.so
7060f000-70610000 rw-p 00006000 b3:02 3349       /tmp/libpi4j-pigpio1396564493781905034.so
70610000-70613000 ---p 00000000 00:00 0 
70613000-70660000 rw-p 00000000 00:00 0 
70660000-70663000 ---p 00000000 00:00 0 
70663000-706b0000 rw-p 00000000 00:00 0 
706b0000-706b3000 ---p 00000000 00:00 0 
706b3000-70700000 rw-p 00000000 00:00 0 
70700000-707fe000 rw-p 00000000 00:00 0 
707fe000-70800000 ---p 00000000 00:00 0 
70809000-7080a000 r-xp 00000000 b3:02 645218     /usr/lib/jvm/java-11-openjdk-armhf/lib/libextnet.so
7080a000-7081a000 ---p 00001000 b3:02 645218     /usr/lib/jvm/java-11-openjdk-armhf/lib/libextnet.so
7081a000-7081b000 r--p 00001000 b3:02 645218     /usr/lib/jvm/java-11-openjdk-armhf/lib/libextnet.so
7081b000-7081c000 rw-p 00002000 b3:02 645218     /usr/lib/jvm/java-11-openjdk-armhf/lib/libextnet.so
7081c000-70821000 r-xp 00000000 b3:02 645234     /usr/lib/jvm/java-11-openjdk-armhf/lib/libmanagement_ext.so
70821000-70830000 ---p 00005000 b3:02 645234     /usr/lib/jvm/java-11-openjdk-armhf/lib/libmanagement_ext.so
70830000-70831000 r--p 00004000 b3:02 645234     /usr/lib/jvm/java-11-openjdk-armhf/lib/libmanagement_ext.so
70831000-70832000 rw-p 00005000 b3:02 645234     /usr/lib/jvm/java-11-openjdk-armhf/lib/libmanagement_ext.so
70832000-70833000 ---p 00000000 00:00 0 
70833000-70cfa000 rw-p 00000000 00:00 0 
70cfa000-70d00000 ---p 00000000 00:00 0 
70d00000-70de9000 rw-p 00000000 00:00 0 
70de9000-70e00000 ---p 00000000 00:00 0 
70e09000-70e2e000 r--p 00000000 b3:02 8670       /usr/share/locale/pl/LC_MESSAGES/libc.mo
70e2e000-70e31000 ---p 00000000 00:00 0 
70e31000-70e7e000 rw-p 00000000 00:00 0 
70e7e000-70e7f000 ---p 00000000 00:00 0 
70e7f000-70f00000 rw-p 00000000 00:00 0 
70f00000-70ffc000 rw-p 00000000 00:00 0 
70ffc000-71000000 ---p 00000000 00:00 0 
7100a000-7101d000 r-xp 00000000 b3:02 645236     /usr/lib/jvm/java-11-openjdk-armhf/lib/libnet.so
7101d000-7102c000 ---p 00013000 b3:02 645236     /usr/lib/jvm/java-11-openjdk-armhf/lib/libnet.so
7102c000-7102d000 r--p 00012000 b3:02 645236     /usr/lib/jvm/java-11-openjdk-armhf/lib/libnet.so
7102d000-7102e000 rw-p 00013000 b3:02 645236     /usr/lib/jvm/java-11-openjdk-armhf/lib/libnet.so
7102e000-71031000 ---p 00000000 00:00 0 
71031000-7107e000 rw-p 00000000 00:00 0 
7107e000-7107f000 ---p 00000000 00:00 0 
7107f000-71100000 rw-p 00000000 00:00 0 
71100000-711fc000 rw-p 00000000 00:00 0 
711fc000-71200000 ---p 00000000 00:00 0 
71200000-71221000 rw-p 00000000 00:00 0 
71221000-71300000 ---p 00000000 00:00 0 
7130e000-71312000 r-xp 00000000 b3:02 645232     /usr/lib/jvm/java-11-openjdk-armhf/lib/libmanagement.so
71312000-71321000 ---p 00004000 b3:02 645232     /usr/lib/jvm/java-11-openjdk-armhf/lib/libmanagement.so
71321000-71322000 r--p 00003000 b3:02 645232     /usr/lib/jvm/java-11-openjdk-armhf/lib/libmanagement.so
71322000-71323000 rw-p 00004000 b3:02 645232     /usr/lib/jvm/java-11-openjdk-armhf/lib/libmanagement.so
71323000-7137e000 rw-p 00000000 00:00 0 
7137e000-7137f000 ---p 00000000 00:00 0 
7137f000-71588000 rw-p 00000000 00:00 0 
71588000-72400000 ---p 00000000 00:00 0 
72400000-72588000 rw-p 00000000 00:00 0 
72588000-73400000 ---p 00000000 00:00 0 
73400000-73431000 rw-p 00000000 00:00 0 
73431000-73600000 ---p 00000000 00:00 0 
73600000-73631000 rw-p 00000000 00:00 0 
73631000-73800000 ---p 00000000 00:00 0 
73800000-73831000 rw-p 00000000 00:00 0 
73831000-73a00000 ---p 00000000 00:00 0 
73a00000-79c00000 rw-p 00000000 00:00 0 
79c00000-b3a00000 ---p 00000000 00:00 0 
b3a00000-b3ae5000 rw-p 00000000 00:00 0 
b3ae5000-b3b00000 ---p 00000000 00:00 0 
b3b06000-b3b07000 rw-s fe100000 00:05 5          /dev/mem
b3b08000-b3b0f000 r--s 00000000 b3:02 5907       /usr/lib/arm-linux-gnueabihf/gconv/gconv-modules.cache
b3b0f000-b3b1c000 r-xp 00000000 b3:02 645237     /usr/lib/jvm/java-11-openjdk-armhf/lib/libnio.so
b3b1c000-b3b2b000 ---p 0000d000 b3:02 645237     /usr/lib/jvm/java-11-openjdk-armhf/lib/libnio.so
b3b2b000-b3b2c000 r--p 0000c000 b3:02 645237     /usr/lib/jvm/java-11-openjdk-armhf/lib/libnio.so
b3b2c000-b3b2d000 rw-p 0000d000 b3:02 645237     /usr/lib/jvm/java-11-openjdk-armhf/lib/libnio.so
b3b2d000-b3b4d000 rw-p 00000000 00:00 0 
b3b4d000-b3b4e000 ---p 00000000 00:00 0 
b3b4e000-b3bcf000 rw-p 00000000 00:00 0 
b3bcf000-b3bd0000 ---p 00000000 00:00 0 
b3bd0000-b3c58000 rw-p 00000000 00:00 0 
b3c58000-b3c91000 ---p 00000000 00:00 0 
b3c91000-b3ff9000 rwxp 00000000 00:00 0 
b3ff9000-b5c91000 ---p 00000000 00:00 0 
b5c91000-b5e00000 r--s 00000000 b3:02 645246     /usr/lib/jvm/java-11-openjdk-armhf/lib/modules
b5e00000-b5f00000 rw-p 00000000 00:00 0 
b5f03000-b5f15000 rw-p 00000000 00:00 0 
b5f15000-b5f1e000 r-xp 00000000 b3:02 5648       /lib/arm-linux-gnueabihf/libnss_files-2.28.so
b5f1e000-b5f2e000 ---p 00009000 b3:02 5648       /lib/arm-linux-gnueabihf/libnss_files-2.28.so
b5f2e000-b5f2f000 r--p 00009000 b3:02 5648       /lib/arm-linux-gnueabihf/libnss_files-2.28.so
b5f2f000-b5f30000 rw-p 0000a000 b3:02 5648       /lib/arm-linux-gnueabihf/libnss_files-2.28.so
b5f30000-b5f36000 rw-p 00000000 00:00 0 
b5f36000-b5f3c000 r-xp 00000000 b3:02 645245     /usr/lib/jvm/java-11-openjdk-armhf/lib/libzip.so
b5f3c000-b5f4b000 ---p 00006000 b3:02 645245     /usr/lib/jvm/java-11-openjdk-armhf/lib/libzip.so
b5f4b000-b5f4c000 r--p 00005000 b3:02 645245     /usr/lib/jvm/java-11-openjdk-armhf/lib/libzip.so
b5f4c000-b5f4d000 rw-p 00006000 b3:02 645245     /usr/lib/jvm/java-11-openjdk-armhf/lib/libzip.so
b5f4d000-b5f6b000 r-xp 00000000 b3:02 645225     /usr/lib/jvm/java-11-openjdk-armhf/lib/libjava.so
b5f6b000-b5f7a000 ---p 0001e000 b3:02 645225     /usr/lib/jvm/java-11-openjdk-armhf/lib/libjava.so
b5f7a000-b5f7b000 r--p 0001d000 b3:02 645225     /usr/lib/jvm/java-11-openjdk-armhf/lib/libjava.so
b5f7b000-b5f7c000 rw-p 0001e000 b3:02 645225     /usr/lib/jvm/java-11-openjdk-armhf/lib/libjava.so
b5f7c000-b5f86000 r-xp 00000000 b3:02 645244     /usr/lib/jvm/java-11-openjdk-armhf/lib/libverify.so
b5f86000-b5f95000 ---p 0000a000 b3:02 645244     /usr/lib/jvm/java-11-openjdk-armhf/lib/libverify.so
b5f95000-b5f96000 r--p 00009000 b3:02 645244     /usr/lib/jvm/java-11-openjdk-armhf/lib/libverify.so
b5f96000-b5f97000 rw-p 0000a000 b3:02 645244     /usr/lib/jvm/java-11-openjdk-armhf/lib/libverify.so
b5f97000-b5f9d000 r-xp 00000000 b3:02 5655       /lib/arm-linux-gnueabihf/librt-2.28.so
b5f9d000-b5fac000 ---p 00006000 b3:02 5655       /lib/arm-linux-gnueabihf/librt-2.28.so
b5fac000-b5fad000 r--p 00005000 b3:02 5655       /lib/arm-linux-gnueabihf/librt-2.28.so
b5fad000-b5fae000 rw-p 00006000 b3:02 5655       /lib/arm-linux-gnueabihf/librt-2.28.so
b5fae000-b5fb1000 ---p 00000000 00:00 0 
b5fb1000-b5ffe000 rw-p 00000000 00:00 0 
b5ffe000-b601a000 r-xp 00000000 b3:02 2036       /lib/arm-linux-gnueabihf/libgcc_s.so.1
b601a000-b6029000 ---p 0001c000 b3:02 2036       /lib/arm-linux-gnueabihf/libgcc_s.so.1
b6029000-b602a000 r--p 0001b000 b3:02 2036       /lib/arm-linux-gnueabihf/libgcc_s.so.1
b602a000-b602b000 rw-p 0001c000 b3:02 2036       /lib/arm-linux-gnueabihf/libgcc_s.so.1
b602b000-b609c000 r-xp 00000000 b3:02 5643       /lib/arm-linux-gnueabihf/libm-2.28.so
b609c000-b60ab000 ---p 00071000 b3:02 5643       /lib/arm-linux-gnueabihf/libm-2.28.so
b60ab000-b60ac000 r--p 00070000 b3:02 5643       /lib/arm-linux-gnueabihf/libm-2.28.so
b60ac000-b60ad000 rw-p 00071000 b3:02 5643       /lib/arm-linux-gnueabihf/libm-2.28.so
b60ad000-b61db000 r-xp 00000000 b3:02 11340      /usr/lib/arm-linux-gnueabihf/libstdc++.so.6.0.25
b61db000-b61eb000 ---p 0012e000 b3:02 11340      /usr/lib/arm-linux-gnueabihf/libstdc++.so.6.0.25
b61eb000-b61f0000 r--p 0012e000 b3:02 11340      /usr/lib/arm-linux-gnueabihf/libstdc++.so.6.0.25
b61f0000-b61f2000 rw-p 00133000 b3:02 11340      /usr/lib/arm-linux-gnueabihf/libstdc++.so.6.0.25
b61f2000-b61f4000 rw-p 00000000 00:00 0 
b61f4000-b6c51000 r-xp 00000000 b3:02 645251     /usr/lib/jvm/java-11-openjdk-armhf/lib/server/libjvm.so
b6c51000-b6c60000 ---p 00a5d000 b3:02 645251     /usr/lib/jvm/java-11-openjdk-armhf/lib/server/libjvm.so
b6c60000-b6ca2000 r--p 00a5c000 b3:02 645251     /usr/lib/jvm/java-11-openjdk-armhf/lib/server/libjvm.so
b6ca2000-b6cbb000 rw-p 00a9e000 b3:02 645251     /usr/lib/jvm/java-11-openjdk-armhf/lib/server/libjvm.so
b6cbb000-b6ce6000 rw-p 00000000 00:00 0 
b6ce6000-b6e1e000 r-xp 00000000 b3:02 5640       /lib/arm-linux-gnueabihf/libc-2.28.so
b6e1e000-b6e2d000 ---p 00138000 b3:02 5640       /lib/arm-linux-gnueabihf/libc-2.28.so
b6e2d000-b6e2f000 r--p 00137000 b3:02 5640       /lib/arm-linux-gnueabihf/libc-2.28.so
b6e2f000-b6e30000 rw-p 00139000 b3:02 5640       /lib/arm-linux-gnueabihf/libc-2.28.so
b6e30000-b6e33000 rw-p 00000000 00:00 0 
b6e33000-b6e35000 r-xp 00000000 b3:02 5642       /lib/arm-linux-gnueabihf/libdl-2.28.so
b6e35000-b6e44000 ---p 00002000 b3:02 5642       /lib/arm-linux-gnueabihf/libdl-2.28.so
b6e44000-b6e45000 r--p 00001000 b3:02 5642       /lib/arm-linux-gnueabihf/libdl-2.28.so
b6e45000-b6e46000 rw-p 00002000 b3:02 5642       /lib/arm-linux-gnueabihf/libdl-2.28.so
b6e46000-b6e53000 r-xp 00000000 b3:02 645210     /usr/lib/jvm/java-11-openjdk-armhf/lib/jli/libjli.so
b6e53000-b6e62000 ---p 0000d000 b3:02 645210     /usr/lib/jvm/java-11-openjdk-armhf/lib/jli/libjli.so
b6e62000-b6e63000 r--p 0000c000 b3:02 645210     /usr/lib/jvm/java-11-openjdk-armhf/lib/jli/libjli.so
b6e63000-b6e64000 rw-p 0000d000 b3:02 645210     /usr/lib/jvm/java-11-openjdk-armhf/lib/jli/libjli.so
b6e64000-b6e7b000 r-xp 00000000 b3:02 5653       /lib/arm-linux-gnueabihf/libpthread-2.28.so
b6e7b000-b6e8a000 ---p 00017000 b3:02 5653       /lib/arm-linux-gnueabihf/libpthread-2.28.so
b6e8a000-b6e8b000 r--p 00016000 b3:02 5653       /lib/arm-linux-gnueabihf/libpthread-2.28.so
b6e8b000-b6e8c000 rw-p 00017000 b3:02 5653       /lib/arm-linux-gnueabihf/libpthread-2.28.so
b6e8c000-b6e8e000 rw-p 00000000 00:00 0 
b6e8e000-b6ea5000 r-xp 00000000 b3:02 2094       /lib/arm-linux-gnueabihf/libz.so.1.2.11
b6ea5000-b6eb4000 ---p 00017000 b3:02 2094       /lib/arm-linux-gnueabihf/libz.so.1.2.11
b6eb4000-b6eb5000 r--p 00016000 b3:02 2094       /lib/arm-linux-gnueabihf/libz.so.1.2.11
b6eb5000-b6eb6000 rw-p 00017000 b3:02 2094       /lib/arm-linux-gnueabihf/libz.so.1.2.11
b6eb8000-b6ebb000 r-xp 00000000 b3:02 645228     /usr/lib/jvm/java-11-openjdk-armhf/lib/libjimage.so
b6ebb000-b6ecb000 ---p 00003000 b3:02 645228     /usr/lib/jvm/java-11-openjdk-armhf/lib/libjimage.so
b6ecb000-b6ecc000 r--p 00003000 b3:02 645228     /usr/lib/jvm/java-11-openjdk-armhf/lib/libjimage.so
b6ecc000-b6ecd000 rw-p 00004000 b3:02 645228     /usr/lib/jvm/java-11-openjdk-armhf/lib/libjimage.so
b6ecd000-b6ed1000 r-xp 00000000 b3:02 10875      /usr/lib/arm-linux-gnueabihf/libarmmem-v7l.so
b6ed1000-b6ee0000 ---p 00004000 b3:02 10875      /usr/lib/arm-linux-gnueabihf/libarmmem-v7l.so
b6ee0000-b6ee1000 r--p 00003000 b3:02 10875      /usr/lib/arm-linux-gnueabihf/libarmmem-v7l.so
b6ee1000-b6ee2000 rw-p 00004000 b3:02 10875      /usr/lib/arm-linux-gnueabihf/libarmmem-v7l.so
b6ee2000-b6f02000 r-xp 00000000 b3:02 5636       /lib/arm-linux-gnueabihf/ld-2.28.so
b6f04000-b6f05000 r--s 00008000 b3:02 143899     /usr/share/java/java-atk-wrapper.jar
b6f05000-b6f0d000 rw-s 00000000 b3:02 263403     /tmp/hsperfdata_root/4550
b6f0d000-b6f0e000 r--p 00000000 00:00 0 
b6f0e000-b6f12000 rw-p 00000000 00:00 0 
b6f12000-b6f13000 r--p 00020000 b3:02 5636       /lib/arm-linux-gnueabihf/ld-2.28.so
b6f13000-b6f14000 rw-p 00021000 b3:02 5636       /lib/arm-linux-gnueabihf/ld-2.28.so
beece000-beeef000 rw-p 00000000 00:00 0          [stack]
befa0000-befa1000 r-xp 00000000 00:00 0          [sigpage]
befa1000-befa2000 r--p 00000000 00:00 0          [vvar]
befa2000-befa3000 r-xp 00000000 00:00 0          [vdso]
ffff0000-ffff1000 r-xp 00000000 00:00 0          [vectors]


VM Arguments:
java_command: target/car.parking-0.0.1-SNAPSHOT.jar
java_class_path (initial): target/car.parking-0.0.1-SNAPSHOT.jar
Launcher Type: SUN_STANDARD

[Global flags]
     uint ConcGCThreads                            = 1                                         {product} {ergonomic}
     uint G1ConcRefinementThreads                  = 4                                         {product} {ergonomic}
   size_t G1HeapRegionSize                         = 1048576                                   {product} {ergonomic}
    uintx GCDrainStackTargetSize                   = 64                                        {product} {ergonomic}
   size_t InitialHeapSize                          = 67108864                                  {product} {ergonomic}
   size_t MarkStackSize                            = 32768                                     {product} {ergonomic}
   size_t MaxHeapSize                              = 1073741824                                {product} {ergonomic}
   size_t MaxNewSize                               = 643825664                                 {product} {ergonomic}
   size_t MinHeapDeltaBytes                        = 1048576                                   {product} {ergonomic}
    uintx NonProfiledCodeHeapSize                  = 0                                      {pd product} {ergonomic}
    uintx ProfiledCodeHeapSize                     = 0                                      {pd product} {ergonomic}
     bool UseG1GC                                  = true                                      {product} {ergonomic}

Logging:
Log output configuration:
 #0: stdout all=warning uptime,level,tags
 #1: stderr all=off uptime,level,tags

Environment Variables:
PATH=/usr/local/sbin:/usr/local/bin:/usr/sbin:/usr/bin:/sbin:/bin
SHELL=/bin/bash
DISPLAY=:0.0
LANG=pl_PL.UTF-8
LC_ALL=pl_PL.UTF-8

Signal Handlers:
SIGSEGV: [libjvm.so+0x9b98e4], sa_mask[0]=11111111011111111101111111111110, sa_flags=SA_RESTART|SA_SIGINFO
SIGBUS: [libjvm.so+0x9b98e4], sa_mask[0]=11111111011111111101111111111110, sa_flags=SA_RESTART|SA_SIGINFO
SIGFPE: [libjvm.so+0x9b98e4], sa_mask[0]=11111111011111111101111111111110, sa_flags=SA_RESTART|SA_SIGINFO
SIGPIPE: [libjvm.so+0x7d7df4], sa_mask[0]=11111111011111111101111111111110, sa_flags=SA_RESTART|SA_SIGINFO
SIGXFSZ: [libjvm.so+0x7d7df4], sa_mask[0]=11111111011111111101111111111110, sa_flags=SA_RESTART|SA_SIGINFO
SIGILL: [libjvm.so+0x9b98e4], sa_mask[0]=11111111011111111101111111111110, sa_flags=SA_RESTART|SA_SIGINFO
SIGUSR2: [libjvm.so+0x7d7c90], sa_mask[0]=00000000000000000000000000000000, sa_flags=SA_RESTART|SA_SIGINFO
SIGHUP: [libjvm.so+0x7d89f0], sa_mask[0]=11111111011111111101111111111110, sa_flags=SA_RESTART|SA_SIGINFO
SIGINT: [libjvm.so+0x7d89f0], sa_mask[0]=11111111011111111101111111111110, sa_flags=SA_RESTART|SA_SIGINFO
SIGTERM: [libjvm.so+0x7d89f0], sa_mask[0]=11111111011111111101111111111110, sa_flags=SA_RESTART|SA_SIGINFO
SIGQUIT: [libjvm.so+0x7d89f0], sa_mask[0]=11111111011111111101111111111110, sa_flags=SA_RESTART|SA_SIGINFO


---------------  S Y S T E M  ---------------

OS:PRETTY_NAME="Raspbian GNU/Linux 10 (buster)"
NAME="Raspbian GNU/Linux"
VERSION_ID="10"
VERSION="10 (buster)"
VERSION_CODENAME=buster
ID=raspbian
ID_LIKE=debian
HOME_URL="http://www.raspbian.org/"
SUPPORT_URL="http://www.raspbian.org/RaspbianForums"
BUG_REPORT_URL="http://www.raspbian.org/RaspbianBugs"
uname:Linux 5.10.103-v7l+ #1529 SMP Tue Mar 8 12:24:00 GMT 2022 armv7l
OS uptime: 0 days 0:25 hours
libc:glibc 2.28 NPTL 2.28 
rlimit (soft/hard): STACK 8192k/infinity , CORE 0k/infinity , NPROC 60550/60550 , NOFILE 1048576/1048576 , AS infinity/infinity , CPU infinity/infinity , DATA infinity/infinity , FSIZE infinity/infinity , MEMLOCK 65536k/65536k
load average:1,92 2,22 2,04

/proc/meminfo:
MemTotal:        8080188 kB
MemFree:         5388280 kB
MemAvailable:    6159932 kB
Buffers:           49232 kB
Cached:          1211268 kB
SwapCached:            0 kB
Active:           446420 kB
Inactive:        1885204 kB
Active(anon):       4444 kB
Inactive(anon):  1348988 kB
Active(file):     441976 kB
Inactive(file):   536216 kB
Unevictable:      217528 kB
Mlocked:              36 kB
HighTotal:       7450624 kB
HighFree:        4918780 kB
LowTotal:         629564 kB
LowFree:          469500 kB
SwapTotal:        102396 kB
SwapFree:         102396 kB
Dirty:              2060 kB
Writeback:             0 kB
AnonPages:       1288736 kB
Mapped:           458608 kB
Shmem:            284820 kB
KReclaimable:      28372 kB
Slab:              55480 kB
SReclaimable:      28372 kB
SUnreclaim:        27108 kB
KernelStack:        4680 kB
PageTables:        23584 kB
NFS_Unstable:          0 kB
Bounce:                0 kB
WritebackTmp:          0 kB
CommitLimit:     4142488 kB
Committed_AS:    5144632 kB
VmallocTotal:     245760 kB
VmallocUsed:        5704 kB
VmallocChunk:          0 kB
Percpu:              576 kB
CmaTotal:         327680 kB
CmaFree:          266416 kB

/sys/kernel/mm/transparent_hugepage/enabled:
<Not Available>
/sys/kernel/mm/transparent_hugepage/defrag (defrag/compaction efforts parameter):
<Not Available>

Process Memory:
Virtual Size: 1261464K (peak: 1270320K)
Resident Set Size: 216076K (peak: 221108K) (anon: 201064K, file: 15012K, shmem: 0K)
Swapped out: 0K
C-Heap outstanding allocations: 20781K, retained: 27950K
glibc malloc tunables: (default)

/proc/sys/kernel/threads-max (system-wide limit on the number of threads):
121100
/proc/sys/vm/max_map_count (maximum number of memory map areas a process may have):
65530
/proc/sys/kernel/pid_max (system-wide limit on number of process identifiers):
32768

/etc/ld.so.preload:
/usr/lib/arm-linux-gnueabihf/libarmmem-${PLATFORM}.so

Steal ticks since vm start: 0
Steal ticks percentage since vm start:  0,000

CPU:total 4 (initial active 4) (ARMv7), vfp, vfp3-32, simd, mp_ext

/proc/cpuinfo:
processor	: 0
model name	: ARMv7 Processor rev 3 (v7l)
BogoMIPS	: 270.00
Features	: half thumb fastmult vfp edsp neon vfpv3 tls vfpv4 idiva idivt vfpd32 lpae evtstrm crc32 
CPU implementer	: 0x41
CPU architecture: 7
CPU variant	: 0x0
CPU part	: 0xd08
CPU revision	: 3

processor	: 1
model name	: ARMv7 Processor rev 3 (v7l)
BogoMIPS	: 270.00
Features	: half thumb fastmult vfp edsp neon vfpv3 tls vfpv4 idiva idivt vfpd32 lpae evtstrm crc32 
CPU implementer	: 0x41
CPU architecture: 7
CPU variant	: 0x0
CPU part	: 0xd08
CPU revision	: 3

processor	: 2
model name	: ARMv7 Processor rev 3 (v7l)
BogoMIPS	: 270.00
Features	: half thumb fastmult vfp edsp neon vfpv3 tls vfpv4 idiva idivt vfpd32 lpae evtstrm crc32 
CPU implementer	: 0x41
CPU architecture: 7
CPU variant	: 0x0
CPU part	: 0xd08
CPU revision	: 3

processor	: 3
model name	: ARMv7 Processor rev 3 (v7l)
BogoMIPS	: 270.00
Features	: half thumb fastmult vfp edsp neon vfpv3 tls vfpv4 idiva idivt vfpd32 lpae evtstrm crc32 
CPU implementer	: 0x41
CPU architecture: 7
CPU variant	: 0x0
CPU part	: 0xd08
CPU revision	: 3

Hardware	: BCM2711
Revision	: d03114
Serial		: 10000000eb9aaec4
Model		: Raspberry Pi 4 Model B Rev 1.4
Online cpus:
0-3
Offline cpus:


Memory: 4k page, physical 8080188k(5388280k free), swap 102396k(102396k free)

vm_info: OpenJDK Server VM (11.0.16+8-post-Raspbian-1deb10u1) for linux- JRE (11.0.16+8-post-Raspbian-1deb10u1), built on Jul 21 2022 17:08:53 by "unknown" with gcc 8.3.0

END.
