#
# A fatal error has been detected by the Java Runtime Environment:
#
#  SIGSEGV (0xb) at pc=0x6a53f028, pid=5164, tid=5663
#
# JRE version: OpenJDK Runtime Environment (11.0.16+8) (build 11.0.16+8-post-Raspbian-1deb10u1)
# Java VM: OpenJDK Server VM (11.0.16+8-post-Raspbian-1deb10u1, mixed mode, g1 gc, linux-)
# Problematic frame:
# C  [libpigpio.so.1+0x23028]
#
# No core dump will be written. Core dumps have been disabled. To enable core dumping, try "ulimit -c unlimited" before starting Java again
#
# If you would like to submit a bug report, please visit:
#   Unknown
# The crash happened outside the Java Virtual Machine in native code.
# See problematic frame for where to report the bug.
#

---------------  S U M M A R Y ------------

Command Line: target/car.parking-0.0.1-SNAPSHOT.jar

Host: rev 3 (v7l), 4 cores, 7G, Raspbian GNU/Linux 10 (buster)
Time: Sat Dec 17 00:49:57 2022 CET elapsed time: 586.928961 seconds (0d 0h 9m 46s)

---------------  T H R E A D  ---------------

Current thread (0x70d2fc00):  JavaThread "pi4j-shutdown" daemon [_thread_in_native, id=5663, stack(0x69a60000,0x69ab0000)]

Stack: [0x69a60000,0x69ab0000],  sp=0x69aae8a8,  free space=314k
Native frames: (J=compiled Java code, A=aot compiled Java code, j=interpreted, Vv=VM code, C=native code)
C  [libpigpio.so.1+0x23028]
C  0x69aaea68

Java frames: (J=compiled Java code, j=interpreted, Vv=VM code)
j  com.pi4j.library.pigpio.internal.PIGPIO.gpioTerminate()V+0
j  com.pi4j.library.pigpio.impl.PiGpioNativeImpl.gpioTerminate()V+22
j  com.pi4j.library.pigpio.PiGpio.shutdown()V+1
j  com.pi4j.plugin.pigpio.PiGpioPlugin.shutdown(Lcom/pi4j/context/Context;)V+23
j  com.pi4j.runtime.impl.DefaultRuntime.shutdown()Lcom/pi4j/runtime/Runtime;+87
j  com.pi4j.runtime.impl.DefaultRuntime.lambda$new$2()V+8
j  com.pi4j.runtime.impl.DefaultRuntime$$Lambda$1479.run()V+4
j  java.lang.Thread.run()V+11 java.base@11.0.16
v  ~StubRoutines::call_stub

siginfo: si_signo: 11 (SIGSEGV), si_code: 1 (SEGV_MAPERR), si_addr: 0xb3a0ad14

Register to memory mapping:

  r0  = 0x00000000
0x0 is NULL

  r1  = 0x00001000
0x00001000 is an unknown value

  r2  = 0xffffffff
0xffffffff is an unknown value

  r3  = 0xb3a0a34c
0xb3a0a34c is an unknown value

  r4  = 0xb3a0ad10
0xb3a0ad10 is an unknown value

  r5  = 0xb3a0b3dc
0xb3a0b3dc is an unknown value

  r6  = 0x00000014
0x00000014 is an unknown value

  r7  = 0xb3a0a000
0xb3a0a000 is an unknown value

  r8  = 0xb6fad968
0xb6fad968: __stack_chk_guard+0x00000000 in /lib/ld-linux-armhf.so.3 at 0xb6f7d000

  r9  = 0x6ac26808
{method} {0x6ac26808} 'gpioTerminate' '()V' in 'com/pi4j/library/pigpio/internal/PIGPIO'

  r10 = 0x70d2fc00
0x70d2fc00 is a thread

  fp  = 0x69aaea38
0x69aaea38 is pointing into the stack for thread: 0x70d2fc00

  r12 = 0x6a56a2c4
0x6a56a2c4: <offset 0x0004e2c4> in /usr/lib/libpigpio.so.1 at 0x6a51c000

  sp  = 0x69aae8a8
0x69aae8a8 is pointing into the stack for thread: 0x70d2fc00

  lr  = 0x6a53f034
0x6a53f034: <offset 0x00023034> in /usr/lib/libpigpio.so.1 at 0x6a51c000

  pc  = 0x6a53f028
0x6a53f028: <offset 0x00023028> in /usr/lib/libpigpio.so.1 at 0x6a51c000



Registers:
  r0  = 0x00000000
  r1  = 0x00001000
  r2  = 0xffffffff
  r3  = 0xb3a0a34c
  r4  = 0xb3a0ad10
  r5  = 0xb3a0b3dc
  r6  = 0x00000014
  r7  = 0xb3a0a000
  r8  = 0xb6fad968
  r9  = 0x6ac26808
  r10 = 0x70d2fc00
  fp  = 0x69aaea38
  r12 = 0x6a56a2c4
  sp  = 0x69aae8a8
  lr  = 0x6a53f034
  pc  = 0x6a53f028
  cpsr = 0x80000010

Top of Stack: (sp=0x69aae8a8)
0x69aae8a8:   69aae90c b6fad968 6a8bcf30 6abeb0b0
0x69aae8b8:   70d2fc00 b6d3ebfa 7803cbb8 6a8bcf30
0x69aae8c8:   6abeb0b0 b3a3609c 00000016 b6d3ebfa
0x69aae8d8:   70d305d4 70d305d8 70d30548 69aae938
0x69aae8e8:   69aae938 70d30580 70d2fc00 69aae940
0x69aae8f8:   000000ba 69aae99c 69aae91c b6ba18a8
0x69aae908:   6abef518 b6d36810 69aae938 b6d3ebfa
0x69aae918:   69aae96c b65f6148 00004c7a b6d36810 

Instructions: (pc=0x6a53f028)
0x6a53ef28:   0a000001 e3a01024 ebff8544 e59f368c
0x6a53ef38:   e08f3003 e5930074 e3700001 0a000001
0x6a53ef48:   e3a01028 ebff853d e59f3674 e79f0003
0x6a53ef58:   e3700001 0a000001 e3a0101c ebff8537
0x6a53ef68:   e59f3660 e08f3003 e5930040 e3700001
0x6a53ef78:   0a000001 e3a01018 ebff8530 e59f3648
0x6a53ef88:   e3e02000 e08f3003 e59300c8 e5832038
0x6a53ef98:   e1500002 e5832050 e5832044 e58320c4
0x6a53efa8:   e583203c e5832078 e5832074 e5832000
0x6a53efb8:   e5832040 0a000006 e59f2610 e3a030d4
0x6a53efc8:   e08f2002 e5922004 e0030293 e2831e35
0x6a53efd8:   ebff851a e59f35f8 e3e02000 e08f3003
0x6a53efe8:   e59370cc e58320c8 e1570002 0a000015
0x6a53eff8:   e59f35e0 e08f3003 e5936004 e0863086
0x6a53f008:   e0863103 e0863103 e37300d4 0a000008
0x6a53f018:   e3a050d4 e2873fd3 e0253695 e2474004
0x6a53f028:   e5b40004 e3a01a01 ebff8504 e1540005
0x6a53f038:   1afffffa e3a010d4 e1a00007 e0010691
0x6a53f048:   e2811e35 ebff84fd e59f358c e3e02000
0x6a53f058:   e08f3003 e59370d0 e58320cc e1570002
0x6a53f068:   0a000010 e59f3574 e08f3003 e5933004
0x6a53f078:   e3730004 0a000137 e1a06103 e0875006
0x6a53f088:   e285500c e2474004 e5b40004 e3a01a35
0x6a53f098:   ebff84ea e1540005 1afffffa e2861010
0x6a53f0a8:   e1a00007 ebff84e5 e59f3534 e3e01000
0x6a53f0b8:   e08f3003 e59320d4 e58310d0 e1520001
0x6a53f0c8:   0a000048 e59f051c e3a01000 e08f0000
0x6a53f0d8:   ebff8420 e2507000 ba00010d e59f3508
0x6a53f0e8:   e59f2508 e08f3003 e08f2002 e5934004
0x6a53f0f8:   e58270d8 e3740004 0a00002f e59250d4
0x6a53f108:   e59fb4ec e0854204 e2455040 ea000002
0x6a53f118:   e2444010 e1550004 0a000027 e5943030 


Stack slot to memory mapping:
stack at sp + 0 slots: 0x69aae90c is pointing into the stack for thread: 0x70d2fc00
stack at sp + 1 slots: 0xb6fad968: __stack_chk_guard+0x00000000 in /lib/ld-linux-armhf.so.3 at 0xb6f7d000
stack at sp + 2 slots: 0x6a8bcf30 points into unknown readable memory: 0x00070048 | 48 00 07 00
stack at sp + 3 slots: 0x6abeb0b0 is a pointer to class: 
com.pi4j.library.pigpio.impl.PiGpioBase {0x6abeb0b0}
stack at sp + 4 slots: 0x70d2fc00 is a thread
stack at sp + 5 slots: 0xb6d3ebfa: <offset 0x00aafbfa> in /usr/lib/jvm/java-11-openjdk-armhf/lib/server/libjvm.so at 0xb628f000
stack at sp + 6 slots: 0x7803cbb8 is an oop: [Ljava.lang.Object; 
{0x7803cbb8} - klass: 'java/lang/Object'[]
 - length: 2
stack at sp + 7 slots: 0x6a8bcf30 points into unknown readable memory: 0x00070048 | 48 00 07 00


---------------  P R O C E S S  ---------------

Threads class SMR info:
_java_thread_list=0x70f8c710, length=29, elements={
0x70736000, 0x70739800, 0x70743800, 0x70746000,
0x70747800, 0x70749000, 0x7079b000, 0x6d413400,
0x6d770800, 0x6e8ca000, 0x6cf0e000, 0x6d434000,
0x6d738400, 0x6d738800, 0x6bb6dc00, 0x6bb6ec00,
0x6c6a2c00, 0x6c605800, 0x6c606c00, 0x6c76e800,
0x6c1d5c00, 0x6c08a000, 0x6d76a000, 0xb5f0f000,
0x70d2a400, 0x70d2c000, 0x70d2e800, 0x70d2fc00,
0x6ecd0c00
}

Java Threads: ( => current thread )
  0x70736000 JavaThread "Reference Handler" daemon [_thread_blocked, id=5172, stack(0x7132e000,0x7137e000)]
  0x70739800 JavaThread "Finalizer" daemon [_thread_blocked, id=5173, stack(0x7102e000,0x7107e000)]
  0x70743800 JavaThread "Signal Dispatcher" daemon [_thread_blocked, id=5174, stack(0x70e2e000,0x70e7e000)]
  0x70746000 JavaThread "Service Thread" daemon [_thread_blocked, id=5175, stack(0x706b0000,0x70700000)]
  0x70747800 JavaThread "C2 CompilerThread0" daemon [_thread_blocked, id=5176, stack(0x70630000,0x706b0000)]
  0x70749000 JavaThread "Sweeper thread" daemon [_thread_blocked, id=5177, stack(0x70036000,0x70086000)]
  0x7079b000 JavaThread "Common-Cleaner" daemon [_thread_blocked, id=5179, stack(0x6ff64000,0x6ffb4000)]
  0x6d413400 JavaThread "HikariPool-1 housekeeper" daemon [_thread_blocked, id=5266, stack(0x6ff14000,0x6ff64000)]
  0x6d770800 JavaThread "Catalina-utility-1" [_thread_blocked, id=5268, stack(0x6f82e000,0x6f87e000)]
  0x6e8ca000 JavaThread "Catalina-utility-2" [_thread_blocked, id=5269, stack(0x6e9ac000,0x6e9fc000)]
  0x6cf0e000 JavaThread "container-0" [_thread_blocked, id=5270, stack(0x6e95c000,0x6e9ac000)]
  0x6d434000 JavaThread "http-nio-192.168.137.153-8080-exec-1" daemon [_thread_blocked, id=5308, stack(0x6ca80000,0x6cb00000)]
  0x6d738400 JavaThread "http-nio-192.168.137.153-8080-exec-2" daemon [_thread_blocked, id=5309, stack(0x6e90c000,0x6e95c000)]
  0x6d738800 JavaThread "http-nio-192.168.137.153-8080-exec-3" daemon [_thread_blocked, id=5310, stack(0x6c830000,0x6c880000)]
  0x6bb6dc00 JavaThread "http-nio-192.168.137.153-8080-exec-4" daemon [_thread_blocked, id=5311, stack(0x6b0b0000,0x6b100000)]
  0x6bb6ec00 JavaThread "http-nio-192.168.137.153-8080-exec-5" daemon [_thread_blocked, id=5312, stack(0x6b060000,0x6b0b0000)]
  0x6c6a2c00 JavaThread "http-nio-192.168.137.153-8080-exec-6" daemon [_thread_blocked, id=5313, stack(0x6b010000,0x6b060000)]
  0x6c605800 JavaThread "http-nio-192.168.137.153-8080-exec-7" daemon [_thread_blocked, id=5314, stack(0x6afc0000,0x6b010000)]
  0x6c606c00 JavaThread "http-nio-192.168.137.153-8080-exec-8" daemon [_thread_blocked, id=5315, stack(0x6af70000,0x6afc0000)]
  0x6c76e800 JavaThread "http-nio-192.168.137.153-8080-exec-9" daemon [_thread_blocked, id=5316, stack(0x6af20000,0x6af70000)]
  0x6c1d5c00 JavaThread "http-nio-192.168.137.153-8080-exec-10" daemon [_thread_blocked, id=5317, stack(0x6aed0000,0x6af20000)]
  0x6c08a000 JavaThread "http-nio-192.168.137.153-8080-Poller" daemon [_thread_in_native, id=5318, stack(0x6ae80000,0x6aed0000)]
  0x6d76a000 JavaThread "http-nio-192.168.137.153-8080-Acceptor" daemon [_thread_in_native, id=5319, stack(0x6ae30000,0x6ae80000)]
  0xb5f0f000 JavaThread "DestroyJavaVM" [_thread_blocked, id=5165, stack(0xb6049000,0xb6099000)]
  0x70d2a400 JavaThread "SIGINT handler" daemon [_thread_blocked, id=5658, stack(0x6fc80000,0x6fd00000)]
  0x70d2c000 JavaThread "SpringApplicationShutdownHook" [_thread_in_vm, id=5660, stack(0x69c60000,0x69cb0000)]
  0x70d2e800 JavaThread "Thread-1" [_thread_blocked, id=5662, stack(0x69ab0000,0x69b00000)]
=>0x70d2fc00 JavaThread "pi4j-shutdown" daemon [_thread_in_native, id=5663, stack(0x69a60000,0x69ab0000)]
  0x6ecd0c00 JavaThread "pi4j-shutdown" daemon [_thread_in_native, id=5664, stack(0x69a10000,0x69a60000)]

Other Threads:
  0x70730c00 VMThread "VM Thread" [stack: 0x70834000,0x708b4000] [id=5171]
  0x70797c00 WatcherThread [stack: 0x6ffb6000,0x70036000] [id=5178]
  0xb5f23400 GCTaskThread "GC Thread#0" [stack: 0xb3c81000,0xb3d01000] [id=5166]
  0x70500c00 GCTaskThread "GC Thread#1" [stack: 0x6f880000,0x6f900000] [id=5191]
  0x70506800 GCTaskThread "GC Thread#2" [stack: 0x6eb80000,0x6ec00000] [id=5216]
  0x70507000 GCTaskThread "GC Thread#3" [stack: 0x6eafe000,0x6eb7e000] [id=5217]
  0xb5f78800 ConcurrentGCThread "G1 Main Marker" [stack: 0xb3a80000,0xb3b00000] [id=5167]
  0xb5f79c00 ConcurrentGCThread "G1 Conc#0" [stack: 0x71380000,0x71400000] [id=5168]
  0xb5fe1400 ConcurrentGCThread "G1 Refine#0" [stack: 0x71080000,0x71100000] [id=5169]
  0xb5fe2800 ConcurrentGCThread "G1 Young RemSet Sampling" [stack: 0x70e80000,0x70f00000] [id=5170]

Threads with active compile tasks:

VM state:not at safepoint (normal execution)

VM Mutex/Monitor currently owned by a thread: None

Heap:
 garbage-first heap   total 94208K, used 47417K [0x73a00000, 0xb3a00000)
  region size 1024K, 26 young (26624K), 4 survivors (4096K)
 Metaspace       used 45677K, capacity 46626K, committed 46720K, reserved 47408K
Heap Regions: E=young(eden), S=young(survivor), O=old, HS=humongous(starts), HC=humongous(continues), CS=collection set, F=free, A=archive, TAMS=top-at-mark-start (previous, next)
|   0|0x73a00000, 0x73b00000, 0x73b00000|100%| O|  |TAMS 0x73b00000, 0x73a00000| Untracked 
|   1|0x73b00000, 0x73c00000, 0x73c00000|100%| O|  |TAMS 0x73c00000, 0x73b00000| Untracked 
|   2|0x73c00000, 0x73d00000, 0x73d00000|100%| O|  |TAMS 0x73d00000, 0x73c00000| Untracked 
|   3|0x73d00000, 0x73e00000, 0x73e00000|100%| O|  |TAMS 0x73e00000, 0x73d00000| Untracked 
|   4|0x73e00000, 0x73f00000, 0x73f00000|100%| O|  |TAMS 0x73f00000, 0x73e00000| Untracked 
|   5|0x73f00000, 0x74000000, 0x74000000|100%| O|  |TAMS 0x74000000, 0x73f00000| Untracked 
|   6|0x74000000, 0x74100000, 0x74100000|100%| O|  |TAMS 0x74100000, 0x74000000| Untracked 
|   7|0x74100000, 0x74200000, 0x74200000|100%| O|  |TAMS 0x74200000, 0x74100000| Untracked 
|   8|0x74200000, 0x74300000, 0x74300000|100%| O|  |TAMS 0x74300000, 0x74200000| Untracked 
|   9|0x74300000, 0x74400000, 0x74400000|100%| O|  |TAMS 0x74400000, 0x74300000| Untracked 
|  10|0x74400000, 0x74500000, 0x74500000|100%| O|  |TAMS 0x74500000, 0x74400000| Untracked 
|  11|0x74500000, 0x74600000, 0x74600000|100%| O|  |TAMS 0x74600000, 0x74500000| Untracked 
|  12|0x74600000, 0x74700000, 0x74700000|100%| O|  |TAMS 0x74700000, 0x74600000| Untracked 
|  13|0x74700000, 0x74800000, 0x74800000|100%| O|  |TAMS 0x74800000, 0x74700000| Untracked 
|  14|0x74800000, 0x74900000, 0x74900000|100%| O|  |TAMS 0x74900000, 0x74800000| Untracked 
|  15|0x74900000, 0x74a00000, 0x74a00000|100%| O|  |TAMS 0x74a00000, 0x74900000| Untracked 
|  16|0x74a00000, 0x74b00000, 0x74b00000|100%| O|  |TAMS 0x74b00000, 0x74a00000| Untracked 
|  17|0x74b00000, 0x74c00000, 0x74c00000|100%| O|  |TAMS 0x74c00000, 0x74b00000| Untracked 
|  18|0x74c00000, 0x74d00000, 0x74d00000|100%| O|  |TAMS 0x74d00000, 0x74c00000| Untracked 
|  19|0x74d00000, 0x74e00000, 0x74e00000|100%| O|  |TAMS 0x74e00000, 0x74d00000| Untracked 
|  20|0x74e00000, 0x74f00000, 0x74f00000|100%| O|  |TAMS 0x74f00000, 0x74e00000| Untracked 
|  21|0x74f00000, 0x74fe2a00, 0x75000000| 88%| O|  |TAMS 0x74fe2a00, 0x74f00000| Untracked 
|  22|0x75000000, 0x75000000, 0x75100000|  0%| F|  |TAMS 0x75000000, 0x75000000| Untracked 
|  23|0x75100000, 0x75100000, 0x75200000|  0%| F|  |TAMS 0x75100000, 0x75100000| Untracked 
|  24|0x75200000, 0x75200000, 0x75300000|  0%| F|  |TAMS 0x75200000, 0x75200000| Untracked 
|  25|0x75300000, 0x75300000, 0x75400000|  0%| F|  |TAMS 0x75300000, 0x75300000| Untracked 
|  26|0x75400000, 0x75400000, 0x75500000|  0%| F|  |TAMS 0x75400000, 0x75400000| Untracked 
|  27|0x75500000, 0x75500000, 0x75600000|  0%| F|  |TAMS 0x75500000, 0x75500000| Untracked 
|  28|0x75600000, 0x75600000, 0x75700000|  0%| F|  |TAMS 0x75600000, 0x75600000| Untracked 
|  29|0x75700000, 0x75700000, 0x75800000|  0%| F|  |TAMS 0x75700000, 0x75700000| Untracked 
|  30|0x75800000, 0x75800000, 0x75900000|  0%| F|  |TAMS 0x75800000, 0x75800000| Untracked 
|  31|0x75900000, 0x75900000, 0x75a00000|  0%| F|  |TAMS 0x75900000, 0x75900000| Untracked 
|  32|0x75a00000, 0x75a00000, 0x75b00000|  0%| F|  |TAMS 0x75a00000, 0x75a00000| Untracked 
|  33|0x75b00000, 0x75b00000, 0x75c00000|  0%| F|  |TAMS 0x75b00000, 0x75b00000| Untracked 
|  34|0x75c00000, 0x75c00000, 0x75d00000|  0%| F|  |TAMS 0x75c00000, 0x75c00000| Untracked 
|  35|0x75d00000, 0x75d00000, 0x75e00000|  0%| F|  |TAMS 0x75d00000, 0x75d00000| Untracked 
|  36|0x75e00000, 0x75e00000, 0x75f00000|  0%| F|  |TAMS 0x75e00000, 0x75e00000| Untracked 
|  37|0x75f00000, 0x75f00000, 0x76000000|  0%| F|  |TAMS 0x75f00000, 0x75f00000| Untracked 
|  38|0x76000000, 0x76000000, 0x76100000|  0%| F|  |TAMS 0x76000000, 0x76000000| Untracked 
|  39|0x76100000, 0x76100000, 0x76200000|  0%| F|  |TAMS 0x76100000, 0x76100000| Untracked 
|  40|0x76200000, 0x76200000, 0x76300000|  0%| F|  |TAMS 0x76200000, 0x76200000| Untracked 
|  41|0x76300000, 0x76300000, 0x76400000|  0%| F|  |TAMS 0x76300000, 0x76300000| Untracked 
|  42|0x76400000, 0x76400000, 0x76500000|  0%| F|  |TAMS 0x76400000, 0x76400000| Untracked 
|  43|0x76500000, 0x76500000, 0x76600000|  0%| F|  |TAMS 0x76500000, 0x76500000| Untracked 
|  44|0x76600000, 0x7666ba20, 0x76700000| 42%| S|CS|TAMS 0x76600000, 0x76600000| Complete 
|  45|0x76700000, 0x76800000, 0x76800000|100%| S|CS|TAMS 0x76700000, 0x76700000| Complete 
|  46|0x76800000, 0x76900000, 0x76900000|100%| S|CS|TAMS 0x76800000, 0x76800000| Complete 
|  47|0x76900000, 0x76a00000, 0x76a00000|100%| S|CS|TAMS 0x76900000, 0x76900000| Complete 
|  48|0x76a00000, 0x76a00000, 0x76b00000|  0%| F|  |TAMS 0x76a00000, 0x76a00000| Untracked 
|  49|0x76b00000, 0x76b00000, 0x76c00000|  0%| F|  |TAMS 0x76b00000, 0x76b00000| Untracked 
|  50|0x76c00000, 0x76c00000, 0x76d00000|  0%| F|  |TAMS 0x76c00000, 0x76c00000| Untracked 
|  51|0x76d00000, 0x76d00000, 0x76e00000|  0%| F|  |TAMS 0x76d00000, 0x76d00000| Untracked 
|  52|0x76e00000, 0x76e00000, 0x76f00000|  0%| F|  |TAMS 0x76e00000, 0x76e00000| Untracked 
|  53|0x76f00000, 0x76f00000, 0x77000000|  0%| F|  |TAMS 0x76f00000, 0x76f00000| Untracked 
|  54|0x77000000, 0x77000000, 0x77100000|  0%| F|  |TAMS 0x77000000, 0x77000000| Untracked 
|  55|0x77100000, 0x77100000, 0x77200000|  0%| F|  |TAMS 0x77100000, 0x77100000| Untracked 
|  56|0x77200000, 0x77200000, 0x77300000|  0%| F|  |TAMS 0x77200000, 0x77200000| Untracked 
|  57|0x77300000, 0x77300000, 0x77400000|  0%| F|  |TAMS 0x77300000, 0x77300000| Untracked 
|  58|0x77400000, 0x77400000, 0x77500000|  0%| F|  |TAMS 0x77400000, 0x77400000| Untracked 
|  59|0x77500000, 0x77500000, 0x77600000|  0%| F|  |TAMS 0x77500000, 0x77500000| Untracked 
|  60|0x77600000, 0x77600000, 0x77700000|  0%| F|  |TAMS 0x77600000, 0x77600000| Untracked 
|  61|0x77700000, 0x77700000, 0x77800000|  0%| F|  |TAMS 0x77700000, 0x77700000| Untracked 
|  62|0x77800000, 0x77800000, 0x77900000|  0%| F|  |TAMS 0x77800000, 0x77800000| Untracked 
|  63|0x77900000, 0x77900000, 0x77a00000|  0%| F|  |TAMS 0x77900000, 0x77900000| Untracked 
|  64|0x77a00000, 0x77a00000, 0x77b00000|  0%| F|  |TAMS 0x77a00000, 0x77a00000| Untracked 
|  65|0x77b00000, 0x77b00000, 0x77c00000|  0%| F|  |TAMS 0x77b00000, 0x77b00000| Untracked 
|  66|0x77c00000, 0x77c00000, 0x77d00000|  0%| F|  |TAMS 0x77c00000, 0x77c00000| Untracked 
|  67|0x77d00000, 0x77d00000, 0x77e00000|  0%| F|  |TAMS 0x77d00000, 0x77d00000| Untracked 
|  68|0x77e00000, 0x77e00000, 0x77f00000|  0%| F|  |TAMS 0x77e00000, 0x77e00000| Untracked 
|  69|0x77f00000, 0x77f00000, 0x78000000|  0%| F|  |TAMS 0x77f00000, 0x77f00000| Untracked 
|  70|0x78000000, 0x780a45d8, 0x78100000| 64%| E|  |TAMS 0x78000000, 0x78000000| Complete 
|  71|0x78100000, 0x78200000, 0x78200000|100%| E|CS|TAMS 0x78100000, 0x78100000| Complete 
|  72|0x78200000, 0x78300000, 0x78300000|100%| E|CS|TAMS 0x78200000, 0x78200000| Complete 
|  73|0x78300000, 0x78400000, 0x78400000|100%| E|CS|TAMS 0x78300000, 0x78300000| Complete 
|  74|0x78400000, 0x78500000, 0x78500000|100%| E|CS|TAMS 0x78400000, 0x78400000| Complete 
|  75|0x78500000, 0x78600000, 0x78600000|100%| E|CS|TAMS 0x78500000, 0x78500000| Complete 
|  76|0x78600000, 0x78700000, 0x78700000|100%| E|CS|TAMS 0x78600000, 0x78600000| Complete 
|  77|0x78700000, 0x78800000, 0x78800000|100%| E|CS|TAMS 0x78700000, 0x78700000| Complete 
|  78|0x78800000, 0x78900000, 0x78900000|100%| E|CS|TAMS 0x78800000, 0x78800000| Complete 
|  79|0x78900000, 0x78a00000, 0x78a00000|100%| E|CS|TAMS 0x78900000, 0x78900000| Complete 
|  80|0x78a00000, 0x78b00000, 0x78b00000|100%| E|CS|TAMS 0x78a00000, 0x78a00000| Complete 
|  81|0x78b00000, 0x78c00000, 0x78c00000|100%| E|CS|TAMS 0x78b00000, 0x78b00000| Complete 
|  82|0x78c00000, 0x78d00000, 0x78d00000|100%| E|CS|TAMS 0x78c00000, 0x78c00000| Complete 
|  83|0x78d00000, 0x78e00000, 0x78e00000|100%| E|CS|TAMS 0x78d00000, 0x78d00000| Complete 
|  84|0x78e00000, 0x78f00000, 0x78f00000|100%| E|CS|TAMS 0x78e00000, 0x78e00000| Complete 
|  85|0x78f00000, 0x79000000, 0x79000000|100%| E|CS|TAMS 0x78f00000, 0x78f00000| Complete 
|  86|0x79000000, 0x79100000, 0x79100000|100%| E|CS|TAMS 0x79000000, 0x79000000| Complete 
|  87|0x79100000, 0x79200000, 0x79200000|100%| E|CS|TAMS 0x79100000, 0x79100000| Complete 
|  88|0x79200000, 0x79300000, 0x79300000|100%| E|CS|TAMS 0x79200000, 0x79200000| Complete 
|  89|0x79300000, 0x79400000, 0x79400000|100%| E|CS|TAMS 0x79300000, 0x79300000| Complete 
|  90|0x79400000, 0x79500000, 0x79500000|100%| E|CS|TAMS 0x79400000, 0x79400000| Complete 
|  91|0x79500000, 0x79600000, 0x79600000|100%| E|CS|TAMS 0x79500000, 0x79500000| Complete 

Card table byte_map: [0x73600000,0x73800000] _byte_map_base: 0x73263000

Marking Bits (Prev, Next): (CMBitMap*) 0xb5f75d48, (CMBitMap*) 0xb5f75d2c
 Prev Bits: [0x71400000, 0x72400000)
 Next Bits: [0x72400000, 0x73400000)

Polling page: 0xb6fa8000

Metaspace:

Usage:
   45,53 MB capacity,    44,62 MB ( 98%) used,   642,49 KB (  1%) free+waste,   298,24 KB ( <1%) overhead. 

Virtual space:
     46,30 MB reserved,      45,62 MB ( 99%) committed 

Chunk freelists:
29,50 KB

MaxMetaspaceSize: unlimited
No class space
Initial GC threshold: 16,00 MB
Current GC threshold: 75,62 MB
CDS: off

CodeCache: size=32768Kb used=3515Kb max_used=3552Kb free=29252Kb
 bounds [0xb3d41000, 0xb40c1000, 0xb5d41000]
 total_blobs=1493 nmethods=1284 adapters=162
 compilation: enabled
              stopped_count=0, restarted_count=0
 full_count=0

Compilation events (20 events):
Event: 39,942 Thread 0x6dfb3800 nmethod 1263 0xb409fa88 code [0xb409fb80, 0xb409fc1c]
Event: 39,968 Thread 0x6dfb3800 1265   !         java.lang.reflect.ProxyGenerator::generateClassFile (691 bytes)
Event: 39,982 Thread 0x70747800 nmethod 1264 0xb409c888 code [0xb409ca00, 0xb409cf2c]
Event: 40,082 Thread 0x70747800 1266             java.lang.invoke.MethodType::<init> (15 bytes)
Event: 40,089 Thread 0x70747800 nmethod 1266 0xb409c408 code [0xb409c500, 0xb409c71c]
Event: 40,123 Thread 0x70747800 1267             java.lang.invoke.MethodType::makeImpl (108 bytes)
Event: 40,323 Thread 0x70747800 nmethod 1267 0xb40a0788 code [0xb40a0940, 0xb40a15b0]
Event: 40,323 Thread 0x70747800 1268             jdk.internal.org.objectweb.asm.MethodWriter::visitVarInsn (300 bytes)
Event: 40,405 Thread 0x70747800 nmethod 1268 0xb4089988 code [0xb4089ad0, 0xb4089f80]
Event: 40,405 Thread 0x70747800 1273             java.lang.invoke.LambdaForm::useCount (90 bytes)
Event: 40,484 Thread 0x70747800 nmethod 1273 0xb40a5508 code [0xb40a5620, 0xb40a59ec]
Event: 40,484 Thread 0x70747800 1279             java.lang.invoke.MethodHandle::type (5 bytes)
Event: 40,493 Thread 0x70747800 nmethod 1279 0xb40a1f08 code [0xb40a2000, 0xb40a205c]
Event: 41,888 Thread 0x6dfb3800 nmethod 1265 0xb40ae608 code [0xb40aeec0, 0xb40b5854]
Event: 44,004 Thread 0x70747800 1282             java.util.stream.ReduceOps$3ReducingSink::accept (15 bytes)
Event: 44,006 Thread 0x70747800 nmethod 1282 0xb40a2d08 code [0xb40a2e00, 0xb40a2e7c]
Event: 44,030 Thread 0x70747800 1283             java.util.HashSet::<init> (16 bytes)
Event: 44,035 Thread 0x70747800 nmethod 1283 0xb40a2988 code [0xb40a2a90, 0xb40a2c3c]
Event: 54,292 Thread 0x70747800 1284             java.util.concurrent.locks.AbstractQueuedSynchronizer::getState (5 bytes)
Event: 54,293 Thread 0x70747800 nmethod 1284 0xb40a2688 code [0xb40a2780, 0xb40a27dc]

GC Heap History (20 events):
Event: 19,414 GC heap before
{Heap before GC invocations=17 (full 0):
 garbage-first heap   total 83968K, used 53958K [0x73a00000, 0xb3a00000)
  region size 1024K, 43 young (44032K), 4 survivors (4096K)
 Metaspace       used 27097K, capacity 27517K, committed 27520K, reserved 27952K
}
Event: 19,443 GC heap after
{Heap after GC invocations=18 (full 0):
 garbage-first heap   total 83968K, used 15576K [0x73a00000, 0xb3a00000)
  region size 1024K, 3 young (3072K), 3 survivors (3072K)
 Metaspace       used 27097K, capacity 27517K, committed 27520K, reserved 27952K
}
Event: 21,361 GC heap before
{Heap before GC invocations=19 (full 0):
 garbage-first heap   total 83968K, used 61656K [0x73a00000, 0xb3a00000)
  region size 1024K, 48 young (49152K), 3 survivors (3072K)
 Metaspace       used 29558K, capacity 29992K, committed 30080K, reserved 31024K
}
Event: 21,379 GC heap after
{Heap after GC invocations=20 (full 0):
 garbage-first heap   total 83968K, used 16529K [0x73a00000, 0xb3a00000)
  region size 1024K, 4 young (4096K), 4 survivors (4096K)
 Metaspace       used 29558K, capacity 29992K, committed 30080K, reserved 31024K
}
Event: 22,897 GC heap before
{Heap before GC invocations=20 (full 0):
 garbage-first heap   total 83968K, used 62609K [0x73a00000, 0xb3a00000)
  region size 1024K, 49 young (50176K), 4 survivors (4096K)
 Metaspace       used 32309K, capacity 32816K, committed 32896K, reserved 33072K
}
Event: 22,913 GC heap after
{Heap after GC invocations=21 (full 0):
 garbage-first heap   total 89088K, used 17317K [0x73a00000, 0xb3a00000)
  region size 1024K, 4 young (4096K), 4 survivors (4096K)
 Metaspace       used 32309K, capacity 32816K, committed 32896K, reserved 33072K
}
Event: 24,374 GC heap before
{Heap before GC invocations=21 (full 0):
 garbage-first heap   total 89088K, used 64421K [0x73a00000, 0xb3a00000)
  region size 1024K, 50 young (51200K), 4 survivors (4096K)
 Metaspace       used 35325K, capacity 35818K, committed 35840K, reserved 36144K
}
Event: 24,387 GC heap after
{Heap after GC invocations=22 (full 0):
 garbage-first heap   total 89088K, used 18202K [0x73a00000, 0xb3a00000)
  region size 1024K, 4 young (4096K), 4 survivors (4096K)
 Metaspace       used 35325K, capacity 35818K, committed 35840K, reserved 36144K
}
Event: 25,950 GC heap before
{Heap before GC invocations=22 (full 0):
 garbage-first heap   total 89088K, used 67354K [0x73a00000, 0xb3a00000)
  region size 1024K, 52 young (53248K), 4 survivors (4096K)
 Metaspace       used 37954K, capacity 38503K, committed 38528K, reserved 39216K
}
Event: 25,970 GC heap after
{Heap after GC invocations=23 (full 0):
 garbage-first heap   total 89088K, used 19529K [0x73a00000, 0xb3a00000)
  region size 1024K, 5 young (5120K), 5 survivors (5120K)
 Metaspace       used 37954K, capacity 38503K, committed 38528K, reserved 39216K
}
Event: 27,716 GC heap before
{Heap before GC invocations=23 (full 0):
 garbage-first heap   total 89088K, used 67657K [0x73a00000, 0xb3a00000)
  region size 1024K, 52 young (53248K), 5 survivors (5120K)
 Metaspace       used 39891K, capacity 40530K, committed 40576K, reserved 41264K
}
Event: 27,735 GC heap after
{Heap after GC invocations=24 (full 0):
 garbage-first heap   total 89088K, used 20843K [0x73a00000, 0xb3a00000)
  region size 1024K, 5 young (5120K), 5 survivors (5120K)
 Metaspace       used 39891K, capacity 40530K, committed 40576K, reserved 41264K
}
Event: 29,532 GC heap before
{Heap before GC invocations=24 (full 0):
 garbage-first heap   total 89088K, used 68971K [0x73a00000, 0xb3a00000)
  region size 1024K, 52 young (53248K), 5 survivors (5120K)
 Metaspace       used 41045K, capacity 41730K, committed 41856K, reserved 42288K
}
Event: 29,564 GC heap after
{Heap after GC invocations=25 (full 0):
 garbage-first heap   total 89088K, used 22934K [0x73a00000, 0xb3a00000)
  region size 1024K, 6 young (6144K), 6 survivors (6144K)
 Metaspace       used 41045K, capacity 41730K, committed 41856K, reserved 42288K
}
Event: 31,068 GC heap before
{Heap before GC invocations=25 (full 0):
 garbage-first heap   total 89088K, used 70038K [0x73a00000, 0xb3a00000)
  region size 1024K, 52 young (53248K), 6 survivors (6144K)
 Metaspace       used 42088K, capacity 42787K, committed 42880K, reserved 43312K
}
Event: 31,095 GC heap after
{Heap after GC invocations=26 (full 0):
 garbage-first heap   total 89088K, used 24382K [0x73a00000, 0xb3a00000)
  region size 1024K, 5 young (5120K), 5 survivors (5120K)
 Metaspace       used 42088K, capacity 42787K, committed 42880K, reserved 43312K
}
Event: 38,400 GC heap before
{Heap before GC invocations=26 (full 0):
 garbage-first heap   total 89088K, used 72510K [0x73a00000, 0xb3a00000)
  region size 1024K, 52 young (53248K), 5 survivors (5120K)
 Metaspace       used 43987K, capacity 44854K, committed 44928K, reserved 45360K
}
Event: 38,457 GC heap after
{Heap after GC invocations=27 (full 0):
 garbage-first heap   total 94208K, used 25448K [0x73a00000, 0xb3a00000)
  region size 1024K, 5 young (5120K), 5 survivors (5120K)
 Metaspace       used 43987K, capacity 44854K, committed 44928K, reserved 45360K
}
Event: 39,669 GC heap before
{Heap before GC invocations=27 (full 0):
 garbage-first heap   total 94208K, used 69480K [0x73a00000, 0xb3a00000)
  region size 1024K, 49 young (50176K), 5 survivors (5120K)
 Metaspace       used 45204K, capacity 46076K, committed 46080K, reserved 46384K
}
Event: 39,721 GC heap after
{Heap after GC invocations=28 (full 0):
 garbage-first heap   total 94208K, used 25913K [0x73a00000, 0xb3a00000)
  region size 1024K, 4 young (4096K), 4 survivors (4096K)
 Metaspace       used 45204K, capacity 46076K, committed 46080K, reserved 46384K
}

Deoptimization events (20 events):
Event: 40,503 Thread 0x6d434000 Uncommon trap: trap_request=0xffffff4d fr.pc=0xb3e63320 relative=0x000000a0
Event: 40,503 Thread 0x6d434000 Uncommon trap: reason=unstable_if action=reinterpret pc=0xb3e63320 method=java.nio.Buffer.limit(I)Ljava/nio/Buffer; @ 42 c2
Event: 40,503 Thread 0x6d434000 DEOPT PACKING pc=0xb3e63320 sp=0x6cafcd70
Event: 40,503 Thread 0x6d434000 DEOPT UNPACKING pc=0xb3d70bfc sp=0x6cafcd20 mode 2
Event: 40,518 Thread 0x6d434000 Uncommon trap: trap_request=0xffffffde fr.pc=0xb40076fc relative=0x0000006c
Event: 40,518 Thread 0x6d434000 Uncommon trap: reason=class_check action=maybe_recompile pc=0xb40076fc method=java.lang.invoke.Invokers$Holder.linkToTargetMethod(Ljava/lang/Object;Ljava/lang/Object;Ljava/lang/Object;)Ljava/lang/Object; @ 1 c2
Event: 40,519 Thread 0x6d434000 DEOPT PACKING pc=0xb40076fc sp=0x6cafcea8
Event: 40,519 Thread 0x6d434000 DEOPT UNPACKING pc=0xb3d70bfc sp=0x6cafce7c mode 2
Event: 40,976 Thread 0x6d434000 Uncommon trap: trap_request=0xffffff4d fr.pc=0xb3f330e4 relative=0x00000254
Event: 40,976 Thread 0x6d434000 Uncommon trap: reason=unstable_if action=reinterpret pc=0xb3f330e4 method=java.util.Objects.equals(Ljava/lang/Object;Ljava/lang/Object;)Z @ 6 c2
Event: 40,976 Thread 0x6d434000 DEOPT PACKING pc=0xb3f330e4 sp=0x6cafd9b8
Event: 40,976 Thread 0x6d434000 DEOPT UNPACKING pc=0xb3d70bfc sp=0x6cafd998 mode 2
Event: 586,830 Thread 0x70743800 Uncommon trap: trap_request=0xffffffde fr.pc=0xb3e483a0 relative=0x00000400
Event: 586,831 Thread 0x70743800 Uncommon trap: reason=class_check action=maybe_recompile pc=0xb3e483a0 method=java.util.Hashtable.get(Ljava/lang/Object;)Ljava/lang/Object; @ 6 c2
Event: 586,831 Thread 0x70743800 DEOPT PACKING pc=0xb3e483a0 sp=0x70e7ca20
Event: 586,831 Thread 0x70743800 DEOPT UNPACKING pc=0xb3d70bfc sp=0x70e7c9f8 mode 2
Event: 586,831 Thread 0x70743800 Uncommon trap: trap_request=0xffffffde fr.pc=0xb3e483a0 relative=0x00000400
Event: 586,831 Thread 0x70743800 Uncommon trap: reason=class_check action=maybe_recompile pc=0xb3e483a0 method=java.util.Hashtable.get(Ljava/lang/Object;)Ljava/lang/Object; @ 6 c2
Event: 586,831 Thread 0x70743800 DEOPT PACKING pc=0xb3e483a0 sp=0x70e7ca20
Event: 586,831 Thread 0x70743800 DEOPT UNPACKING pc=0xb3d70bfc sp=0x70e7c9f8 mode 2

Classes redefined (0 events):
No events

Internal exceptions (20 events):
Event: 29,425 Thread 0xb5f0f000 Exception <a 'java/lang/ClassNotFoundException'{0x765e9c20}: org/springframework/context/SmartLifecycleCustomizer> (0x765e9c20) thrown at [src/hotspot/share/classfile/systemDictionary.cpp, line 230]
Event: 29,427 Thread 0xb5f0f000 Exception <a 'java/lang/ClassNotFoundException'{0x76430a00}: org/springframework/context/LifecycleCustomizer> (0x76430a00) thrown at [src/hotspot/share/classfile/systemDictionary.cpp, line 230]
Event: 29,430 Thread 0xb5f0f000 Exception <a 'java/lang/ClassNotFoundException'{0x764759d0}: org/springframework/context/PhasedCustomizer> (0x764759d0) thrown at [src/hotspot/share/classfile/systemDictionary.cpp, line 230]
Event: 30,149 Thread 0xb5f0f000 Exception <a 'java/lang/NoSuchMethodError'{0x77d7c508}: 'void java.lang.invoke.DirectMethodHandle$Holder.invokeVirtual(java.lang.Object, java.lang.Object, int)'> (0x77d7c508) thrown at [src/hotspot/share/interpreter/linkResolver.cpp, line 773]
Event: 30,162 Thread 0xb5f0f000 Exception <a 'java/lang/NoSuchMethodError'{0x77d96450}: 'void java.lang.invoke.DirectMethodHandle$Holder.invokeVirtual(java.lang.Object, java.lang.Object, long)'> (0x77d96450) thrown at [src/hotspot/share/interpreter/linkResolver.cpp, line 773]
Event: 30,714 Thread 0xb5f0f000 Exception <a 'java/lang/IncompatibleClassChangeError'{0x76d8d0e8}: Found class java.lang.Object, but interface was expected> (0x76d8d0e8) thrown at [src/hotspot/share/interpreter/linkResolver.cpp, line 839]
Event: 30,849 Thread 0xb5f0f000 Exception <a 'java/lang/NoSuchMethodError'{0x768d0a38}: 'int java.lang.invoke.DirectMethodHandle$Holder.invokeStaticInit(java.lang.Object, java.lang.Object, java.lang.Object, java.lang.Object)'> (0x768d0a38) thrown at [src/hotspot/share/interpreter/linkResolver.cpp, line 773]
Event: 31,230 Thread 0xb5f0f000 Exception <a 'java/lang/NoSuchMethodError'{0x78ecb868}: 'java.lang.Object java.lang.invoke.DirectMethodHandle$Holder.invokeSpecial(java.lang.Object, java.lang.Object, int, java.lang.Object, int, java.lang.Object)'> (0x78ecb868) thrown at [src/hotspot/share/interpreter/linkResolver.cpp, line 773]
Event: 31,232 Thread 0xb5f0f000 Exception <a 'java/lang/NoSuchMethodError'{0x78ed3748}: 'java.lang.Object java.lang.invoke.DirectMethodHandle$Holder.invokeStatic(java.lang.Object, java.lang.Object, int, java.lang.Object, int)'> (0x78ed3748) thrown at [src/hotspot/share/interpreter/linkResolver.cpp, line 773]
Event: 31,233 Thread 0xb5f0f000 Exception <a 'java/lang/NoSuchMethodError'{0x78ed6ec8}: 'java.lang.Object java.lang.invoke.DirectMethodHandle$Holder.invokeSpecial(java.lang.Object, java.lang.Object, java.lang.Object, int, java.lang.Object, int)'> (0x78ed6ec8) thrown at [src/hotspot/share/interpreter/linkResolver.cpp, line 773]
Event: 31,236 Thread 0xb5f0f000 Exception <a 'java/lang/NoSuchMethodError'{0x78eecb20}: 'void java.lang.invoke.DirectMethodHandle$Holder.invokeVirtual(java.lang.Object, java.lang.Object)'> (0x78eecb20) thrown at [src/hotspot/share/interpreter/linkResolver.cpp, line 773]
Event: 31,749 Thread 0xb5f0f000 Implicit null exception at 0xb3f599f4 to 0xb3f59a94
Event: 32,114 Thread 0xb5f0f000 Exception <a 'java/lang/NoSuchMethodError'{0x771d98c0}: 'java.lang.Object java.lang.invoke.Invokers$Holder.linkToTargetMethod(java.lang.Object, java.lang.Object, java.lang.Object, java.lang.Object, java.lang.Object, java.lang.Object, java.lang.Object)'> (0x771d98c0) thrown at [src/hotspot/share/interpreter/linkResolver.cpp, line 773]
Event: 32,597 Thread 0xb5f0f000 Exception <a 'java/lang/NoSuchMethodError'{0x768c52a0}: 'java.lang.Object java.lang.invoke.DirectMethodHandle$Holder.invokeStatic(java.lang.Object, java.lang.Object, java.lang.Object, int)'> (0x768c52a0) thrown at [src/hotspot/share/interpreter/linkResolver.cpp, line 773]
Event: 32,598 Thread 0xb5f0f000 Exception <a 'java/lang/NoSuchMethodError'{0x768c8cf0}: 'java.lang.Object java.lang.invoke.DirectMethodHandle$Holder.invokeSpecial(java.lang.Object, java.lang.Object, java.lang.Object, java.lang.Object, int)'> (0x768c8cf0) thrown at [src/hotspot/share/interpreter/linkResolver.cpp, line 773]
Event: 32,599 Thread 0xb5f0f000 Exception <a 'java/lang/NoSuchMethodError'{0x768cbc88}: 'java.lang.Object java.lang.invoke.Invokers$Holder.linkToTargetMethod(java.lang.Object, java.lang.Object, int, java.lang.Object)'> (0x768cbc88) thrown at [src/hotspot/share/interpreter/linkResolver.cpp, line 773]
Event: 40,204 Thread 0x6d434000 Exception <a 'java/lang/NoSuchMethodError'{0x78c810a0}: 'java.lang.Object java.lang.invoke.DirectMethodHandle$Holder.invokeStatic(java.lang.Object, java.lang.Object, java.lang.Object, java.lang.Object, java.lang.Object, java.lang.Object, java.lang.Object, java.lang.Object, java.lang.Object, java.lang.Object, java.lang.Object, java.lang.Object, java.lang.Object, int)'> (0x78c810a0) thrown at [src/hotspot/share/interpreter/linkResolver.cpp, line 773]
Event: 40,314 Thread 0x6d434000 Exception <a 'java/lang/NoSuchMethodError'{0x78c8e060}: 'java.lang.Object java.lang.invoke.DirectMethodHandle$Holder.invokeStatic(java.lang.Object, java.lang.Object, java.lang.Object, java.lang.Object, java.lang.Object, java.lang.Object, java.lang.Object, java.lang.Object, java.lang.Object, java.lang.Object, java.lang.Object, java.lang.Object, java.lang.Object, int, int)'> (0x78c8e060) thrown at [src/hotspot/share/interpreter/linkResolver.cpp, line 773]
Event: 40,326 Thread 0x6d434000 Implicit null exception at 0xb40a0f2c to 0xb40a14d4
Event: 40,976 Thread 0x6d434000 Implicit null exception at 0xb3f32f58 to 0xb3f330d4

Events (20 events):
Event: 586,900 loading class com/pi4j/library/pigpio/impl/PiGpioBase
Event: 586,900 loading class com/pi4j/library/pigpio/impl/PiGpioBase done
Event: 586,901 loading class com/pi4j/library/pigpio/impl/PiGpioBase
Event: 586,901 loading class com/pi4j/library/pigpio/impl/PiGpioBase done
Event: 586,902 loading class com/pi4j/library/pigpio/impl/PiGpioBase
Event: 586,902 loading class com/pi4j/library/pigpio/impl/PiGpioBase done
Event: 586,903 loading class com/pi4j/library/pigpio/impl/PiGpioBase
Event: 586,903 loading class com/pi4j/library/pigpio/impl/PiGpioBase done
Event: 586,904 loading class org/springframework/context/support/DefaultLifecycleProcessor
Event: 586,904 loading class org/springframework/context/support/DefaultLifecycleProcessor done
Event: 586,907 loading class org/springframework/boot/web/server/GracefulShutdownResult
Event: 586,907 loading class org/springframework/boot/web/server/GracefulShutdownResult done
Event: 586,907 loading class org/springframework/boot/web/server/GracefulShutdownResult
Event: 586,907 loading class org/springframework/boot/web/server/GracefulShutdownResult done
Event: 586,915 loading class org/springframework/boot/web/server/GracefulShutdownResult
Event: 586,915 loading class org/springframework/boot/web/server/GracefulShutdownResult done
Event: 586,916 loading class org/springframework/boot/web/server/GracefulShutdownCallback
Event: 586,916 loading class org/springframework/boot/web/server/GracefulShutdownCallback done
Event: 586,916 loading class org/springframework/boot/web/server/GracefulShutdownCallback
Event: 586,916 loading class org/springframework/boot/web/server/GracefulShutdownCallback done


Dynamic libraries:
00010000-00011000 r-xp 00000000 b3:02 645091     /usr/lib/jvm/java-11-openjdk-armhf/bin/java
00020000-00021000 r--p 00000000 b3:02 645091     /usr/lib/jvm/java-11-openjdk-armhf/bin/java
00021000-00022000 rw-p 00001000 b3:02 645091     /usr/lib/jvm/java-11-openjdk-armhf/bin/java
00b9b000-00e78000 rw-p 00000000 00:00 0          [heap]
69900000-699df000 rw-p 00000000 00:00 0 
699df000-69a00000 ---p 00000000 00:00 0 
69a10000-69a13000 ---p 00000000 00:00 0 
69a13000-69a60000 rw-p 00000000 00:00 0 
69a60000-69a63000 ---p 00000000 00:00 0 
69a63000-69ab0000 rw-p 00000000 00:00 0 
69ab0000-69ab3000 ---p 00000000 00:00 0 
69ab3000-69b00000 rw-p 00000000 00:00 0 
69b00000-69be1000 rw-p 00000000 00:00 0 
69be1000-69c00000 ---p 00000000 00:00 0 
69c10000-69c13000 ---p 00000000 00:00 0 
69c13000-69c60000 rw-p 00000000 00:00 0 
69c60000-69c63000 ---p 00000000 00:00 0 
69c63000-69cb0000 rw-p 00000000 00:00 0 
69cb0000-69cb3000 ---p 00000000 00:00 0 
69cb3000-69d00000 rw-p 00000000 00:00 0 
69d00000-69df9000 rw-p 00000000 00:00 0 
69df9000-69e00000 ---p 00000000 00:00 0 
69e00000-69ec4000 rw-p 00000000 00:00 0 
69ec4000-69f00000 ---p 00000000 00:00 0 
69f00000-69ffc000 rw-p 00000000 00:00 0 
69ffc000-6a000000 ---p 00000000 00:00 0 
6a018000-6a019000 ---p 00000000 00:00 0 
6a019000-6a059000 rw-p 00000000 00:00 0 
6a51c000-6a559000 r-xp 00000000 b3:02 36422      /usr/lib/libpigpio.so.1
6a559000-6a569000 ---p 0003d000 b3:02 36422      /usr/lib/libpigpio.so.1
6a569000-6a56a000 r--p 0003d000 b3:02 36422      /usr/lib/libpigpio.so.1
6a56a000-6a56c000 rw-p 0003e000 b3:02 36422      /usr/lib/libpigpio.so.1
6a56c000-6a600000 rw-p 00000000 00:00 0 
6a600000-6a6a0000 rw-p 00000000 00:00 0 
6a6a0000-6a700000 ---p 00000000 00:00 0 
6a700000-6a760000 rw-p 00000000 00:00 0 
6a760000-6a800000 ---p 00000000 00:00 0 
6a800000-6a8f9000 rw-p 00000000 00:00 0 
6a8f9000-6a900000 ---p 00000000 00:00 0 
6a900000-6aa00000 rw-p 00000000 00:00 0 
6aa00000-6ab00000 rw-p 00000000 00:00 0 
6ab30000-6ac30000 rw-p 00000000 00:00 0 
6ac30000-6ad30000 rw-p 00000000 00:00 0 
6ad30000-6ae30000 rw-p 00000000 00:00 0 
6ae30000-6ae33000 ---p 00000000 00:00 0 
6ae33000-6ae80000 rw-p 00000000 00:00 0 
6ae80000-6ae83000 ---p 00000000 00:00 0 
6ae83000-6aed0000 rw-p 00000000 00:00 0 
6aed0000-6aed3000 ---p 00000000 00:00 0 
6aed3000-6af20000 rw-p 00000000 00:00 0 
6af20000-6af23000 ---p 00000000 00:00 0 
6af23000-6af70000 rw-p 00000000 00:00 0 
6af70000-6af73000 ---p 00000000 00:00 0 
6af73000-6afc0000 rw-p 00000000 00:00 0 
6afc0000-6afc3000 ---p 00000000 00:00 0 
6afc3000-6b010000 rw-p 00000000 00:00 0 
6b010000-6b013000 ---p 00000000 00:00 0 
6b013000-6b060000 rw-p 00000000 00:00 0 
6b060000-6b063000 ---p 00000000 00:00 0 
6b063000-6b0b0000 rw-p 00000000 00:00 0 
6b0b0000-6b0b3000 ---p 00000000 00:00 0 
6b0b3000-6b200000 rw-p 00000000 00:00 0 
6b200000-6b2f1000 rw-p 00000000 00:00 0 
6b2f1000-6b300000 ---p 00000000 00:00 0 
6b300000-6b400000 rw-p 00000000 00:00 0 
6b400000-6b4f9000 rw-p 00000000 00:00 0 
6b4f9000-6b500000 ---p 00000000 00:00 0 
6b500000-6b600000 rw-p 00000000 00:00 0 
6b600000-6b700000 rw-p 00000000 00:00 0 
6b700000-6b800000 rw-p 00000000 00:00 0 
6b800000-6b900000 rw-p 00000000 00:00 0 
6b900000-6b9e9000 rw-p 00000000 00:00 0 
6b9e9000-6ba00000 ---p 00000000 00:00 0 
6ba00000-6bb00000 rw-p 00000000 00:00 0 
6bb00000-6bbff000 rw-p 00000000 00:00 0 
6bbff000-6bc00000 ---p 00000000 00:00 0 
6bc00000-6bd00000 rw-p 00000000 00:00 0 
6bd00000-6be00000 rw-p 00000000 00:00 0 
6be00000-6bf00000 rw-p 00000000 00:00 0 
6bf00000-6c000000 rw-p 00000000 00:00 0 
6c000000-6c200000 rw-p 00000000 00:00 0 
6c200000-6c300000 rw-p 00000000 00:00 0 
6c300000-6c400000 rw-p 00000000 00:00 0 
6c400000-6c500000 rw-p 00000000 00:00 0 
6c500000-6c5ff000 rw-p 00000000 00:00 0 
6c5ff000-6c600000 ---p 00000000 00:00 0 
6c600000-6c6fb000 rw-p 00000000 00:00 0 
6c6fb000-6c700000 ---p 00000000 00:00 0 
6c700000-6c7fe000 rw-p 00000000 00:00 0 
6c7fe000-6c800000 ---p 00000000 00:00 0 
6c830000-6c833000 ---p 00000000 00:00 0 
6c833000-6c980000 rw-p 00000000 00:00 0 
6c980000-6ca80000 rw-p 00000000 00:00 0 
6ca80000-6ca83000 ---p 00000000 00:00 0 
6ca83000-6cc00000 rw-p 00000000 00:00 0 
6cc00000-6cd00000 rw-p 00000000 00:00 0 
6cd00000-6ce00000 rw-p 00000000 00:00 0 
6ce00000-6cf00000 rw-p 00000000 00:00 0 
6cf00000-6d000000 rw-p 00000000 00:00 0 
6d000000-6d100000 rw-p 00000000 00:00 0 
6d100000-6d1ff000 rw-p 00000000 00:00 0 
6d1ff000-6d200000 ---p 00000000 00:00 0 
6d200000-6d300000 rw-p 00000000 00:00 0 
6d300000-6d400000 rw-p 00000000 00:00 0 
6d400000-6d4fd000 rw-p 00000000 00:00 0 
6d4fd000-6d500000 ---p 00000000 00:00 0 
6d500000-6d600000 rw-p 00000000 00:00 0 
6d600000-6d7ee000 rw-p 00000000 00:00 0 
6d7ee000-6d800000 ---p 00000000 00:00 0 
6d800000-6d8fc000 rw-p 00000000 00:00 0 
6d8fc000-6d900000 ---p 00000000 00:00 0 
6d900000-6da00000 rw-p 00000000 00:00 0 
6da00000-6dc00000 rw-p 00000000 00:00 0 
6dc00000-6dce3000 rw-p 00000000 00:00 0 
6dce3000-6dd00000 ---p 00000000 00:00 0 
6dd00000-6ddf9000 rw-p 00000000 00:00 0 
6ddf9000-6de00000 ---p 00000000 00:00 0 
6de00000-6dffc000 rw-p 00000000 00:00 0 
6dffc000-6e000000 ---p 00000000 00:00 0 
6e000000-6e0fb000 rw-p 00000000 00:00 0 
6e0fb000-6e100000 ---p 00000000 00:00 0 
6e100000-6e200000 rw-p 00000000 00:00 0 
6e200000-6e2fe000 rw-p 00000000 00:00 0 
6e2fe000-6e300000 ---p 00000000 00:00 0 
6e300000-6e400000 rw-p 00000000 00:00 0 
6e400000-6e4fc000 rw-p 00000000 00:00 0 
6e4fc000-6e500000 ---p 00000000 00:00 0 
6e500000-6e5fa000 rw-p 00000000 00:00 0 
6e5fa000-6e600000 ---p 00000000 00:00 0 
6e600000-6e700000 rw-p 00000000 00:00 0 
6e700000-6e800000 rw-p 00000000 00:00 0 
6e800000-6e8ff000 rw-p 00000000 00:00 0 
6e8ff000-6e900000 ---p 00000000 00:00 0 
6e90c000-6e90f000 ---p 00000000 00:00 0 
6e90f000-6e95c000 rw-p 00000000 00:00 0 
6e95c000-6e95f000 ---p 00000000 00:00 0 
6e95f000-6e9ac000 rw-p 00000000 00:00 0 
6e9ac000-6e9af000 ---p 00000000 00:00 0 
6e9af000-6eafc000 rw-p 00000000 00:00 0 
6eafc000-6eafd000 ---p 00000000 00:00 0 
6eafd000-6eb7e000 rw-p 00000000 00:00 0 
6eb7e000-6eb7f000 ---p 00000000 00:00 0 
6eb7f000-6ec00000 rw-p 00000000 00:00 0 
6ec00000-6ecef000 rw-p 00000000 00:00 0 
6ecef000-6ed00000 ---p 00000000 00:00 0 
6ed00000-6edfe000 rw-p 00000000 00:00 0 
6edfe000-6ee00000 ---p 00000000 00:00 0 
6ee00000-6ef00000 rw-p 00000000 00:00 0 
6ef00000-6f000000 rw-p 00000000 00:00 0 
6f000000-6f100000 rw-p 00000000 00:00 0 
6f100000-6f200000 rw-p 00000000 00:00 0 
6f200000-6f300000 rw-p 00000000 00:00 0 
6f300000-6f400000 rw-p 00000000 00:00 0 
6f400000-6f4f8000 rw-p 00000000 00:00 0 
6f4f8000-6f500000 ---p 00000000 00:00 0 
6f500000-6f5ff000 rw-p 00000000 00:00 0 
6f5ff000-6f600000 ---p 00000000 00:00 0 
6f600000-6f700000 rw-p 00000000 00:00 0 
6f700000-6f800000 rw-p 00000000 00:00 0 
6f82e000-6f831000 ---p 00000000 00:00 0 
6f831000-6f87e000 rw-p 00000000 00:00 0 
6f87e000-6f87f000 ---p 00000000 00:00 0 
6f87f000-6fa00000 rw-p 00000000 00:00 0 
6fa00000-6faff000 rw-p 00000000 00:00 0 
6faff000-6fb00000 ---p 00000000 00:00 0 
6fb00000-6fbf2000 rw-p 00000000 00:00 0 
6fbf2000-6fc00000 ---p 00000000 00:00 0 
6fc4b000-6fc6e000 r-xp 00000000 b3:02 645242     /usr/lib/jvm/java-11-openjdk-armhf/lib/libsunec.so
6fc6e000-6fc7d000 ---p 00023000 b3:02 645242     /usr/lib/jvm/java-11-openjdk-armhf/lib/libsunec.so
6fc7d000-6fc7f000 r--p 00022000 b3:02 645242     /usr/lib/jvm/java-11-openjdk-armhf/lib/libsunec.so
6fc7f000-6fc80000 rw-p 00024000 b3:02 645242     /usr/lib/jvm/java-11-openjdk-armhf/lib/libsunec.so
6fc80000-6fc83000 ---p 00000000 00:00 0 
6fc83000-6fe00000 rw-p 00000000 00:00 0 
6fe00000-6feff000 rw-p 00000000 00:00 0 
6feff000-6ff00000 ---p 00000000 00:00 0 
6ff14000-6ff17000 ---p 00000000 00:00 0 
6ff17000-6ff64000 rw-p 00000000 00:00 0 
6ff64000-6ff67000 ---p 00000000 00:00 0 
6ff67000-6ffb4000 rw-p 00000000 00:00 0 
6ffb4000-6ffb5000 ---p 00000000 00:00 0 
6ffb5000-70036000 rw-p 00000000 00:00 0 
70036000-70039000 ---p 00000000 00:00 0 
70039000-70086000 rw-p 00000000 00:00 0 
70086000-70300000 r--p 0006b000 b3:02 22076      /usr/lib/locale/locale-archive
70300000-70500000 r--p 00000000 b3:02 22076      /usr/lib/locale/locale-archive
70500000-705fe000 rw-p 00000000 00:00 0 
705fe000-70600000 ---p 00000000 00:00 0 
70630000-70633000 ---p 00000000 00:00 0 
70633000-706b0000 rw-p 00000000 00:00 0 
706b0000-706b3000 ---p 00000000 00:00 0 
706b3000-70700000 rw-p 00000000 00:00 0 
70700000-707fd000 rw-p 00000000 00:00 0 
707fd000-70800000 ---p 00000000 00:00 0 
70832000-70833000 ---p 00000000 00:00 0 
70833000-70cfa000 rw-p 00000000 00:00 0 
70cfa000-70d00000 ---p 00000000 00:00 0 
70d00000-70df2000 rw-p 00000000 00:00 0 
70df2000-70e00000 ---p 00000000 00:00 0 
70e1f000-70e25000 r-xp 00000000 b3:02 3221       /tmp/libpi4j-pigpio1352129459009736547.so
70e25000-70e2d000 ---p 00006000 b3:02 3221       /tmp/libpi4j-pigpio1352129459009736547.so
70e2d000-70e2e000 rw-p 00006000 b3:02 3221       /tmp/libpi4j-pigpio1352129459009736547.so
70e2e000-70e31000 ---p 00000000 00:00 0 
70e31000-70e7e000 rw-p 00000000 00:00 0 
70e7e000-70e7f000 ---p 00000000 00:00 0 
70e7f000-70f00000 rw-p 00000000 00:00 0 
70f00000-71000000 rw-p 00000000 00:00 0 
71005000-71006000 r-xp 00000000 b3:02 645218     /usr/lib/jvm/java-11-openjdk-armhf/lib/libextnet.so
71006000-71016000 ---p 00001000 b3:02 645218     /usr/lib/jvm/java-11-openjdk-armhf/lib/libextnet.so
71016000-71017000 r--p 00001000 b3:02 645218     /usr/lib/jvm/java-11-openjdk-armhf/lib/libextnet.so
71017000-71018000 rw-p 00002000 b3:02 645218     /usr/lib/jvm/java-11-openjdk-armhf/lib/libextnet.so
71018000-7101d000 r-xp 00000000 b3:02 645234     /usr/lib/jvm/java-11-openjdk-armhf/lib/libmanagement_ext.so
7101d000-7102c000 ---p 00005000 b3:02 645234     /usr/lib/jvm/java-11-openjdk-armhf/lib/libmanagement_ext.so
7102c000-7102d000 r--p 00004000 b3:02 645234     /usr/lib/jvm/java-11-openjdk-armhf/lib/libmanagement_ext.so
7102d000-7102e000 rw-p 00005000 b3:02 645234     /usr/lib/jvm/java-11-openjdk-armhf/lib/libmanagement_ext.so
7102e000-71031000 ---p 00000000 00:00 0 
71031000-7107e000 rw-p 00000000 00:00 0 
7107e000-7107f000 ---p 00000000 00:00 0 
7107f000-71100000 rw-p 00000000 00:00 0 
71100000-711f7000 rw-p 00000000 00:00 0 
711f7000-71200000 ---p 00000000 00:00 0 
71200000-71300000 rw-p 00000000 00:00 0 
71309000-7132e000 r--p 00000000 b3:02 8670       /usr/share/locale/pl/LC_MESSAGES/libc.mo
7132e000-71331000 ---p 00000000 00:00 0 
71331000-7137e000 rw-p 00000000 00:00 0 
7137e000-7137f000 ---p 00000000 00:00 0 
7137f000-71570000 rw-p 00000000 00:00 0 
71570000-72400000 ---p 00000000 00:00 0 
72400000-72570000 rw-p 00000000 00:00 0 
72570000-73400000 ---p 00000000 00:00 0 
73400000-7342e000 rw-p 00000000 00:00 0 
7342e000-73600000 ---p 00000000 00:00 0 
73600000-7362e000 rw-p 00000000 00:00 0 
7362e000-73800000 ---p 00000000 00:00 0 
73800000-7382e000 rw-p 00000000 00:00 0 
7382e000-73a00000 ---p 00000000 00:00 0 
73a00000-79600000 rw-p 00000000 00:00 0 
79600000-b3a00000 ---p 00000000 00:00 0 
b3a0d000-b3a0e000 rw-s fe100000 00:05 5          /dev/mem
b3a0e000-b3a12000 r-xp 00000000 b3:02 645232     /usr/lib/jvm/java-11-openjdk-armhf/lib/libmanagement.so
b3a12000-b3a21000 ---p 00004000 b3:02 645232     /usr/lib/jvm/java-11-openjdk-armhf/lib/libmanagement.so
b3a21000-b3a22000 r--p 00003000 b3:02 645232     /usr/lib/jvm/java-11-openjdk-armhf/lib/libmanagement.so
b3a22000-b3a23000 rw-p 00004000 b3:02 645232     /usr/lib/jvm/java-11-openjdk-armhf/lib/libmanagement.so
b3a23000-b3a7e000 rw-p 00000000 00:00 0 
b3a7e000-b3a7f000 ---p 00000000 00:00 0 
b3a7f000-b3b00000 rw-p 00000000 00:00 0 
b3b00000-b3bf8000 rw-p 00000000 00:00 0 
b3bf8000-b3c00000 ---p 00000000 00:00 0 
b3c04000-b3c0b000 r--s 00000000 b3:02 5907       /usr/lib/arm-linux-gnueabihf/gconv/gconv-modules.cache
b3c0b000-b3c1e000 r-xp 00000000 b3:02 645236     /usr/lib/jvm/java-11-openjdk-armhf/lib/libnet.so
b3c1e000-b3c2d000 ---p 00013000 b3:02 645236     /usr/lib/jvm/java-11-openjdk-armhf/lib/libnet.so
b3c2d000-b3c2e000 r--p 00012000 b3:02 645236     /usr/lib/jvm/java-11-openjdk-armhf/lib/libnet.so
b3c2e000-b3c2f000 rw-p 00013000 b3:02 645236     /usr/lib/jvm/java-11-openjdk-armhf/lib/libnet.so
b3c2f000-b3c3c000 r-xp 00000000 b3:02 645237     /usr/lib/jvm/java-11-openjdk-armhf/lib/libnio.so
b3c3c000-b3c4b000 ---p 0000d000 b3:02 645237     /usr/lib/jvm/java-11-openjdk-armhf/lib/libnio.so
b3c4b000-b3c4c000 r--p 0000c000 b3:02 645237     /usr/lib/jvm/java-11-openjdk-armhf/lib/libnio.so
b3c4c000-b3c4d000 rw-p 0000d000 b3:02 645237     /usr/lib/jvm/java-11-openjdk-armhf/lib/libnio.so
b3c4d000-b3c7f000 rw-p 00000000 00:00 0 
b3c7f000-b3c80000 ---p 00000000 00:00 0 
b3c80000-b3d08000 rw-p 00000000 00:00 0 
b3d08000-b3d41000 ---p 00000000 00:00 0 
b3d41000-b40c1000 rwxp 00000000 00:00 0 
b40c1000-b5d41000 ---p 00000000 00:00 0 
b5d41000-b5eb0000 r--s 00000000 b3:02 645246     /usr/lib/jvm/java-11-openjdk-armhf/lib/modules
b5eb0000-b5eb9000 r-xp 00000000 b3:02 5648       /lib/arm-linux-gnueabihf/libnss_files-2.28.so
b5eb9000-b5ec9000 ---p 00009000 b3:02 5648       /lib/arm-linux-gnueabihf/libnss_files-2.28.so
b5ec9000-b5eca000 r--p 00009000 b3:02 5648       /lib/arm-linux-gnueabihf/libnss_files-2.28.so
b5eca000-b5ecb000 rw-p 0000a000 b3:02 5648       /lib/arm-linux-gnueabihf/libnss_files-2.28.so
b5ecb000-b5ed1000 rw-p 00000000 00:00 0 
b5ed1000-b5eef000 r-xp 00000000 b3:02 645225     /usr/lib/jvm/java-11-openjdk-armhf/lib/libjava.so
b5eef000-b5efe000 ---p 0001e000 b3:02 645225     /usr/lib/jvm/java-11-openjdk-armhf/lib/libjava.so
b5efe000-b5eff000 r--p 0001d000 b3:02 645225     /usr/lib/jvm/java-11-openjdk-armhf/lib/libjava.so
b5eff000-b5f00000 rw-p 0001e000 b3:02 645225     /usr/lib/jvm/java-11-openjdk-armhf/lib/libjava.so
b5f00000-b6000000 rw-p 00000000 00:00 0 
b6000000-b6006000 r-xp 00000000 b3:02 645245     /usr/lib/jvm/java-11-openjdk-armhf/lib/libzip.so
b6006000-b6015000 ---p 00006000 b3:02 645245     /usr/lib/jvm/java-11-openjdk-armhf/lib/libzip.so
b6015000-b6016000 r--p 00005000 b3:02 645245     /usr/lib/jvm/java-11-openjdk-armhf/lib/libzip.so
b6016000-b6017000 rw-p 00006000 b3:02 645245     /usr/lib/jvm/java-11-openjdk-armhf/lib/libzip.so
b6017000-b6021000 r-xp 00000000 b3:02 645244     /usr/lib/jvm/java-11-openjdk-armhf/lib/libverify.so
b6021000-b6030000 ---p 0000a000 b3:02 645244     /usr/lib/jvm/java-11-openjdk-armhf/lib/libverify.so
b6030000-b6031000 r--p 00009000 b3:02 645244     /usr/lib/jvm/java-11-openjdk-armhf/lib/libverify.so
b6031000-b6032000 rw-p 0000a000 b3:02 645244     /usr/lib/jvm/java-11-openjdk-armhf/lib/libverify.so
b6032000-b6038000 r-xp 00000000 b3:02 5655       /lib/arm-linux-gnueabihf/librt-2.28.so
b6038000-b6047000 ---p 00006000 b3:02 5655       /lib/arm-linux-gnueabihf/librt-2.28.so
b6047000-b6048000 r--p 00005000 b3:02 5655       /lib/arm-linux-gnueabihf/librt-2.28.so
b6048000-b6049000 rw-p 00006000 b3:02 5655       /lib/arm-linux-gnueabihf/librt-2.28.so
b6049000-b604c000 ---p 00000000 00:00 0 
b604c000-b6099000 rw-p 00000000 00:00 0 
b6099000-b60b5000 r-xp 00000000 b3:02 2036       /lib/arm-linux-gnueabihf/libgcc_s.so.1
b60b5000-b60c4000 ---p 0001c000 b3:02 2036       /lib/arm-linux-gnueabihf/libgcc_s.so.1
b60c4000-b60c5000 r--p 0001b000 b3:02 2036       /lib/arm-linux-gnueabihf/libgcc_s.so.1
b60c5000-b60c6000 rw-p 0001c000 b3:02 2036       /lib/arm-linux-gnueabihf/libgcc_s.so.1
b60c6000-b6137000 r-xp 00000000 b3:02 5643       /lib/arm-linux-gnueabihf/libm-2.28.so
b6137000-b6146000 ---p 00071000 b3:02 5643       /lib/arm-linux-gnueabihf/libm-2.28.so
b6146000-b6147000 r--p 00070000 b3:02 5643       /lib/arm-linux-gnueabihf/libm-2.28.so
b6147000-b6148000 rw-p 00071000 b3:02 5643       /lib/arm-linux-gnueabihf/libm-2.28.so
b6148000-b6276000 r-xp 00000000 b3:02 11340      /usr/lib/arm-linux-gnueabihf/libstdc++.so.6.0.25
b6276000-b6286000 ---p 0012e000 b3:02 11340      /usr/lib/arm-linux-gnueabihf/libstdc++.so.6.0.25
b6286000-b628b000 r--p 0012e000 b3:02 11340      /usr/lib/arm-linux-gnueabihf/libstdc++.so.6.0.25
b628b000-b628d000 rw-p 00133000 b3:02 11340      /usr/lib/arm-linux-gnueabihf/libstdc++.so.6.0.25
b628d000-b628f000 rw-p 00000000 00:00 0 
b628f000-b6cec000 r-xp 00000000 b3:02 645251     /usr/lib/jvm/java-11-openjdk-armhf/lib/server/libjvm.so
b6cec000-b6cfb000 ---p 00a5d000 b3:02 645251     /usr/lib/jvm/java-11-openjdk-armhf/lib/server/libjvm.so
b6cfb000-b6d3d000 r--p 00a5c000 b3:02 645251     /usr/lib/jvm/java-11-openjdk-armhf/lib/server/libjvm.so
b6d3d000-b6d56000 rw-p 00a9e000 b3:02 645251     /usr/lib/jvm/java-11-openjdk-armhf/lib/server/libjvm.so
b6d56000-b6d81000 rw-p 00000000 00:00 0 
b6d81000-b6eb9000 r-xp 00000000 b3:02 5640       /lib/arm-linux-gnueabihf/libc-2.28.so
b6eb9000-b6ec8000 ---p 00138000 b3:02 5640       /lib/arm-linux-gnueabihf/libc-2.28.so
b6ec8000-b6eca000 r--p 00137000 b3:02 5640       /lib/arm-linux-gnueabihf/libc-2.28.so
b6eca000-b6ecb000 rw-p 00139000 b3:02 5640       /lib/arm-linux-gnueabihf/libc-2.28.so
b6ecb000-b6ece000 rw-p 00000000 00:00 0 
b6ece000-b6ed0000 r-xp 00000000 b3:02 5642       /lib/arm-linux-gnueabihf/libdl-2.28.so
b6ed0000-b6edf000 ---p 00002000 b3:02 5642       /lib/arm-linux-gnueabihf/libdl-2.28.so
b6edf000-b6ee0000 r--p 00001000 b3:02 5642       /lib/arm-linux-gnueabihf/libdl-2.28.so
b6ee0000-b6ee1000 rw-p 00002000 b3:02 5642       /lib/arm-linux-gnueabihf/libdl-2.28.so
b6ee1000-b6eee000 r-xp 00000000 b3:02 645210     /usr/lib/jvm/java-11-openjdk-armhf/lib/jli/libjli.so
b6eee000-b6efd000 ---p 0000d000 b3:02 645210     /usr/lib/jvm/java-11-openjdk-armhf/lib/jli/libjli.so
b6efd000-b6efe000 r--p 0000c000 b3:02 645210     /usr/lib/jvm/java-11-openjdk-armhf/lib/jli/libjli.so
b6efe000-b6eff000 rw-p 0000d000 b3:02 645210     /usr/lib/jvm/java-11-openjdk-armhf/lib/jli/libjli.so
b6eff000-b6f16000 r-xp 00000000 b3:02 5653       /lib/arm-linux-gnueabihf/libpthread-2.28.so
b6f16000-b6f25000 ---p 00017000 b3:02 5653       /lib/arm-linux-gnueabihf/libpthread-2.28.so
b6f25000-b6f26000 r--p 00016000 b3:02 5653       /lib/arm-linux-gnueabihf/libpthread-2.28.so
b6f26000-b6f27000 rw-p 00017000 b3:02 5653       /lib/arm-linux-gnueabihf/libpthread-2.28.so
b6f27000-b6f29000 rw-p 00000000 00:00 0 
b6f29000-b6f40000 r-xp 00000000 b3:02 2094       /lib/arm-linux-gnueabihf/libz.so.1.2.11
b6f40000-b6f4f000 ---p 00017000 b3:02 2094       /lib/arm-linux-gnueabihf/libz.so.1.2.11
b6f4f000-b6f50000 r--p 00016000 b3:02 2094       /lib/arm-linux-gnueabihf/libz.so.1.2.11
b6f50000-b6f51000 rw-p 00017000 b3:02 2094       /lib/arm-linux-gnueabihf/libz.so.1.2.11
b6f53000-b6f56000 r-xp 00000000 b3:02 645228     /usr/lib/jvm/java-11-openjdk-armhf/lib/libjimage.so
b6f56000-b6f66000 ---p 00003000 b3:02 645228     /usr/lib/jvm/java-11-openjdk-armhf/lib/libjimage.so
b6f66000-b6f67000 r--p 00003000 b3:02 645228     /usr/lib/jvm/java-11-openjdk-armhf/lib/libjimage.so
b6f67000-b6f68000 rw-p 00004000 b3:02 645228     /usr/lib/jvm/java-11-openjdk-armhf/lib/libjimage.so
b6f68000-b6f6c000 r-xp 00000000 b3:02 10875      /usr/lib/arm-linux-gnueabihf/libarmmem-v7l.so
b6f6c000-b6f7b000 ---p 00004000 b3:02 10875      /usr/lib/arm-linux-gnueabihf/libarmmem-v7l.so
b6f7b000-b6f7c000 r--p 00003000 b3:02 10875      /usr/lib/arm-linux-gnueabihf/libarmmem-v7l.so
b6f7c000-b6f7d000 rw-p 00004000 b3:02 10875      /usr/lib/arm-linux-gnueabihf/libarmmem-v7l.so
b6f7d000-b6f9d000 r-xp 00000000 b3:02 5636       /lib/arm-linux-gnueabihf/ld-2.28.so
b6f9f000-b6fa0000 r--s 00008000 b3:02 143899     /usr/share/java/java-atk-wrapper.jar
b6fa0000-b6fa8000 rw-s 00000000 b3:02 263403     /tmp/hsperfdata_root/5164
b6fa8000-b6fa9000 ---p 00000000 00:00 0 
b6fa9000-b6fad000 rw-p 00000000 00:00 0 
b6fad000-b6fae000 r--p 00020000 b3:02 5636       /lib/arm-linux-gnueabihf/ld-2.28.so
b6fae000-b6faf000 rw-p 00021000 b3:02 5636       /lib/arm-linux-gnueabihf/ld-2.28.so
bebc4000-bebe5000 rw-p 00000000 00:00 0          [stack]
beeda000-beedb000 r-xp 00000000 00:00 0          [sigpage]
beedb000-beedc000 r--p 00000000 00:00 0          [vvar]
beedc000-beedd000 r-xp 00000000 00:00 0          [vdso]
ffff0000-ffff1000 r-xp 00000000 00:00 0          [vectors]


VM Arguments:
java_command: target/car.parking-0.0.1-SNAPSHOT.jar
java_class_path (initial): target/car.parking-0.0.1-SNAPSHOT.jar
Launcher Type: SUN_STANDARD

[Global flags]
     uint ConcGCThreads                            = 1                                         {product} {ergonomic}
     uint G1ConcRefinementThreads                  = 4                                         {product} {ergonomic}
   size_t G1HeapRegionSize                         = 1048576                                   {product} {ergonomic}
    uintx GCDrainStackTargetSize                   = 64                                        {product} {ergonomic}
   size_t InitialHeapSize                          = 67108864                                  {product} {ergonomic}
   size_t MarkStackSize                            = 32768                                     {product} {ergonomic}
   size_t MaxHeapSize                              = 1073741824                                {product} {ergonomic}
   size_t MaxNewSize                               = 643825664                                 {product} {ergonomic}
   size_t MinHeapDeltaBytes                        = 1048576                                   {product} {ergonomic}
    uintx NonProfiledCodeHeapSize                  = 0                                      {pd product} {ergonomic}
    uintx ProfiledCodeHeapSize                     = 0                                      {pd product} {ergonomic}
     bool UseG1GC                                  = true                                      {product} {ergonomic}

Logging:
Log output configuration:
 #0: stdout all=warning uptime,level,tags
 #1: stderr all=off uptime,level,tags

Environment Variables:
PATH=/usr/local/sbin:/usr/local/bin:/usr/sbin:/usr/bin:/sbin:/bin
SHELL=/bin/bash
DISPLAY=:0.0
LANG=pl_PL.UTF-8
LC_ALL=pl_PL.UTF-8

Signal Handlers:
SIGSEGV: [libjvm.so+0x9b98e4], sa_mask[0]=11111111011111111101111111111110, sa_flags=SA_RESTART|SA_SIGINFO
SIGBUS: [libjvm.so+0x9b98e4], sa_mask[0]=11111111011111111101111111111110, sa_flags=SA_RESTART|SA_SIGINFO
SIGFPE: [libjvm.so+0x9b98e4], sa_mask[0]=11111111011111111101111111111110, sa_flags=SA_RESTART|SA_SIGINFO
SIGPIPE: [libjvm.so+0x7d7df4], sa_mask[0]=11111111011111111101111111111110, sa_flags=SA_RESTART|SA_SIGINFO
SIGXFSZ: [libjvm.so+0x7d7df4], sa_mask[0]=11111111011111111101111111111110, sa_flags=SA_RESTART|SA_SIGINFO
SIGILL: [libjvm.so+0x9b98e4], sa_mask[0]=11111111011111111101111111111110, sa_flags=SA_RESTART|SA_SIGINFO
SIGUSR2: [libjvm.so+0x7d7c90], sa_mask[0]=00000000000000000000000000000000, sa_flags=SA_RESTART|SA_SIGINFO
SIGHUP: [libjvm.so+0x7d89f0], sa_mask[0]=11111111011111111101111111111110, sa_flags=SA_RESTART|SA_SIGINFO
SIGINT: [libjvm.so+0x7d89f0], sa_mask[0]=11111111011111111101111111111110, sa_flags=SA_RESTART|SA_SIGINFO
SIGTERM: [libjvm.so+0x7d89f0], sa_mask[0]=11111111011111111101111111111110, sa_flags=SA_RESTART|SA_SIGINFO
SIGQUIT: [libjvm.so+0x7d89f0], sa_mask[0]=11111111011111111101111111111110, sa_flags=SA_RESTART|SA_SIGINFO


---------------  S Y S T E M  ---------------

OS:PRETTY_NAME="Raspbian GNU/Linux 10 (buster)"
NAME="Raspbian GNU/Linux"
VERSION_ID="10"
VERSION="10 (buster)"
VERSION_CODENAME=buster
ID=raspbian
ID_LIKE=debian
HOME_URL="http://www.raspbian.org/"
SUPPORT_URL="http://www.raspbian.org/RaspbianForums"
BUG_REPORT_URL="http://www.raspbian.org/RaspbianBugs"
uname:Linux 5.10.103-v7l+ #1529 SMP Tue Mar 8 12:24:00 GMT 2022 armv7l
OS uptime: 0 days 0:36 hours
libc:glibc 2.28 NPTL 2.28 
rlimit (soft/hard): STACK 8192k/infinity , CORE 0k/infinity , NPROC 60550/60550 , NOFILE 1048576/1048576 , AS infinity/infinity , CPU infinity/infinity , DATA infinity/infinity , FSIZE infinity/infinity , MEMLOCK 65536k/65536k
load average:1,23 0,97 1,45

/proc/meminfo:
MemTotal:        8080188 kB
MemFree:         5379732 kB
MemAvailable:    6159696 kB
Buffers:           51028 kB
Cached:          1220592 kB
SwapCached:            0 kB
Active:           463140 kB
Inactive:        1878780 kB
Active(anon):       4440 kB
Inactive(anon):  1351084 kB
Active(file):     458700 kB
Inactive(file):   527696 kB
Unevictable:      216508 kB
Mlocked:              28 kB
HighTotal:       7450624 kB
HighFree:        4912348 kB
LowTotal:         629564 kB
LowFree:          467384 kB
SwapTotal:        102396 kB
SwapFree:         102396 kB
Dirty:              5612 kB
Writeback:             0 kB
AnonPages:       1286672 kB
Mapped:           443808 kB
Shmem:            287884 kB
KReclaimable:      28592 kB
Slab:              55720 kB
SReclaimable:      28592 kB
SUnreclaim:        27128 kB
KernelStack:        4680 kB
PageTables:        23432 kB
NFS_Unstable:          0 kB
Bounce:                0 kB
WritebackTmp:          0 kB
CommitLimit:     4142488 kB
Committed_AS:    5128380 kB
VmallocTotal:     245760 kB
VmallocUsed:        5704 kB
VmallocChunk:          0 kB
Percpu:              576 kB
CmaTotal:         327680 kB
CmaFree:          264524 kB

/sys/kernel/mm/transparent_hugepage/enabled:
<Not Available>
/sys/kernel/mm/transparent_hugepage/defrag (defrag/compaction efforts parameter):
<Not Available>

Process Memory:
Virtual Size: 1264748K (peak: 1272068K)
Resident Set Size: 212444K (peak: 216420K) (anon: 197612K, file: 14832K, shmem: 0K)
Swapped out: 0K
C-Heap outstanding allocations: 19633K, retained: 33350K
glibc malloc tunables: (default)

/proc/sys/kernel/threads-max (system-wide limit on the number of threads):
121100
/proc/sys/vm/max_map_count (maximum number of memory map areas a process may have):
65530
/proc/sys/kernel/pid_max (system-wide limit on number of process identifiers):
32768

/etc/ld.so.preload:
/usr/lib/arm-linux-gnueabihf/libarmmem-${PLATFORM}.so

Steal ticks since vm start: 0
Steal ticks percentage since vm start:  0,000

CPU:total 4 (initial active 4) (ARMv7), vfp, vfp3-32, simd, mp_ext

/proc/cpuinfo:
processor	: 0
model name	: ARMv7 Processor rev 3 (v7l)
BogoMIPS	: 270.00
Features	: half thumb fastmult vfp edsp neon vfpv3 tls vfpv4 idiva idivt vfpd32 lpae evtstrm crc32 
CPU implementer	: 0x41
CPU architecture: 7
CPU variant	: 0x0
CPU part	: 0xd08
CPU revision	: 3

processor	: 1
model name	: ARMv7 Processor rev 3 (v7l)
BogoMIPS	: 270.00
Features	: half thumb fastmult vfp edsp neon vfpv3 tls vfpv4 idiva idivt vfpd32 lpae evtstrm crc32 
CPU implementer	: 0x41
CPU architecture: 7
CPU variant	: 0x0
CPU part	: 0xd08
CPU revision	: 3

processor	: 2
model name	: ARMv7 Processor rev 3 (v7l)
BogoMIPS	: 270.00
Features	: half thumb fastmult vfp edsp neon vfpv3 tls vfpv4 idiva idivt vfpd32 lpae evtstrm crc32 
CPU implementer	: 0x41
CPU architecture: 7
CPU variant	: 0x0
CPU part	: 0xd08
CPU revision	: 3

processor	: 3
model name	: ARMv7 Processor rev 3 (v7l)
BogoMIPS	: 270.00
Features	: half thumb fastmult vfp edsp neon vfpv3 tls vfpv4 idiva idivt vfpd32 lpae evtstrm crc32 
CPU implementer	: 0x41
CPU architecture: 7
CPU variant	: 0x0
CPU part	: 0xd08
CPU revision	: 3

Hardware	: BCM2711
Revision	: d03114
Serial		: 10000000eb9aaec4
Model		: Raspberry Pi 4 Model B Rev 1.4
Online cpus:
0-3
Offline cpus:


Memory: 4k page, physical 8080188k(5379772k free), swap 102396k(102396k free)

vm_info: OpenJDK Server VM (11.0.16+8-post-Raspbian-1deb10u1) for linux- JRE (11.0.16+8-post-Raspbian-1deb10u1), built on Jul 21 2022 17:08:53 by "unknown" with gcc 8.3.0

END.
